201810:RL00101105:1003:1004:1001:1002:1440:6106:1300:1380:
201810:RL00107001::
201810:RL00101103:1002:
201810:RL00101102:1309:1921:1002:4031:2710:4033:1550:8112:4734:8110:1300:1116:4370:1911:4371:4101:4250:1800:1542:4501:9018:1342:
201810:RL00101101:1002:
201810:RL00100404:1004:1002:1147:1550:6107:1344:
201810:RL00400201:1004:1309:1002:1328:1300:1929:1871:1911:1549:6202:4101:1511:1510:1500:1130:6049:1120:1551:1334:
201810:RL00101203:1003:3110:3741:1001:3722:1002:3086:3900:3005:3782:3003:3781:3904:3441:3703:3025:3035:3435:3983:3982:3013:3031:3030:6000:3921:3074:3113:3730:6110:3431:3223:3117:3716:3649:3022:3000:3913:3020:3002:6107:6106:3911:3912:
201810:RLD1018001:1002:1389:1822:1460:1300:1344:
201810:RL00400203:1004:1542:1861:1300:4171:
201810:TR00010507::
201810:RL00102201:1002:2710:3086:3529:3082:4051:
201810:RL00102401:1457:1456:1934:1001:1002:1453:4391:1009:1390:1580:4740:6350:1825:4211:1440:80:4511:2200:4172:1445:1947:2220:1441:1444:1443:1300:1922:6203:4101:1120:5100:
201810:RL00103401:1002:1389:1366:6107:1364:1300:6478:9018:1380:1369:
201810:RLC2118001:1001:9018:
201810:RL00102001:1001:
201810:RL00105301:1001:1148:1002:4127:4105:1316:3173:1110:4740:3174:1389:6049:1364:4031:1183:1328:1300:4171:1118:4100:8001:4284:4101:4571:1335:3181:4501:
201810:RL00100807:1003:1004:1001:1571:1002:1328:1112:2251:1300:1302:1923:1110:1130:1120:6000:1364:1342:
201810:RL00106001:1004:1001:1002:1453:4520:1271:4203:4734:4370:1251:4000:1246:1225:1221:4211:1440:4511:1287:1445:1442:1441:8110:1116:1241:8001:1217:1235:1210:1211:1213:1201:1450:
201810:RL00114511:1004:4101:1002:6106:1300:1126:4108:4001:
201810:RL00200901:1002:
201810:RL00100401:1110:1001:1002:1550:1300:1116:1871:
201810:RL00109201:3500:3100:3101:3741:5140:3705:1002:3005:6345:4000:5201:3000:3002:3010:3142:9018:
201810:RL00010050:3500:1148:1002:4021:6300:1953:2252:1862:1110:6353:6317:6315:2500:1173:1851:8112:5983:8110:5982:1018:1300:1873:1872:1116:1853:8001:5502:5500:1335:1812:9018:
201810:RL00010051:1003:1910:5140:1001:1002:1008:1932:1931:1911:1023:6317:1387:4038:1755:1328:1927:8112:6330:1300:8001:1021:4101:1022:3000:9034:1655:6108:5101:5100:6106:8150:6030:3958:
201810:RL00100801:1002:1822:1460:1300:
201810:RL00105001:1002:
201810:RL00100802:1002:7006:1822:1465:7000:7002:4291:1316:1460:1300:1462:
201810:RL00100803::
201810:RL00100804:1002:4511:
201810:RL00100901:1718:1002:1328:9111:1401:6401:1862:1861:1400:
201810:RL10799901:3101:8001:4101:1002:4520:9018:
201810:RL00121001:1480:
201810:RL00199915:3500:1002:6302:4205:3260:1953:4393:1911:1702:6470:4110:3940:3920:6471:4151:4233:3943:3276:3100:3101:3275:5223:5200:4171:5506:5505:4605:4101:6481:1120:6480:4241:5103:4242:4245:4244:
201810:RL00400110:1004:1500:1550:1120:1812:1953:1542:1916:1300:
201810:RL00199916:1002:
201810:RL00101802:1420:1306:1002:4101:4250:4105:6106:4734:4000:4506:4514:
201810:RL10700002:1309:1002:
201810:RL00104802:1910:1001:1002:6302:4126:4754:4000:4756:4740:1702:4211:4512:4511:4151:1365:4766:4114:4723:1116:4171:4101:1120:5101:6106:4501:9018:
201810:RL10700003:1002:4101:4371:
201810:RL00101909:3704:1001:1007:1311:4576:4000:3173:4096:4519:4095:4113:1822:1460:4512:3106:1480:5304:3170:5303:5302:4031:4531:1300:1116:4101:1399:5101:1336:5121:1160:4501:2515:4506:
201810:RL10700005:1001:1002:4101:4251:4111:4751:4114:4791:1951:4501:4000:
201810:RL10700101:1003:3500:4304:5140:1001:3275:4128:6802:4391:1111:6807:4171:1110:4102:4095:6316:5100:6107:4051:3220:4052:4234:
201810:RL00101906:5115:6463:3110:1185:1002:3223:1442:1328:1550:1300:1913:4370:4171:4000:4101:1389:1120:4110:4053:1440:5103:6106:4501:
201810:RL00400116:1560:4101:1002:4520:1550:1542:1113:6106:1300:1116:1332:
201810:RL00101905:1001:1002:3080:1300:3904:1380:
201810:RL00400117:1004:1309:1002:4101:1550:6106:1462:1861:1300:1551:
201810:RL00400115:1003:1004:1001:1030:1002:1376:1328:6315:6106:1542:1300:8110:
201810:RL00400112:1572:1001:1328:7000:8112:1300:1128:1129:1116:1380:1110:1822:9111:1716:1847:1332:
201810:RL00199917:1185:4661:1002:6302:1182:1328:6300:1111:4599:4171:6362:6351:6350:6357:4571:6305:1120:5100:6000:
201810:RL00130004:6110:1002:1300:
201810:TR00010244:1003:4205:4395:2252:2250:1931:4000:6352:4519:6357:3926:6316:4111:4212:4511:3920:4151:1480:1011:1621:1623:5222:4031:4114:8112:3293:4745:1853:4605:6366:1810:1336:1555:4501:4321:1370:3500:4333:1550:4735:6345:1911:1843:4272:6374:1801:1440:4781:4235:6171:3275:3431:4765:4723:1300:1873:1302:1871:4171:4574:4575:8001:4101:3524:4523:6380:3269:4336:
201810:RL00130001:1001:1002:1440:1300:9018:
201810:RL00104401:1456:1004:1002:1453:3261:1550:4125:3782:1122:1913:1110:6042:6045:4112:6049:80:3104:1945:3101:1328:4033:1111:1927:1113:1929:1874:1873:4171:1871:1514:1513:1121:6036:1120:1716:1812:1335:5100:1558:1556:9018:
201810:RL00108201::
201810:RL00104804:1001:1002:1550:1953:6342:1913:1103:1911:6043:1702:6318:1822:6049:1440:1460:1011:3113:1420:1307:1309:1921:3117:1328:1300:1923:6361:1832:1120:1716:1334:
201810:RL00104803:1309:1002:1716:6106:1480:9018:
201810:RL00107801:1309:1002:6371:4000:
201810:RL00104601::
201810:RL00199902:3216:1002:1008:5104:1550:1455:1938:6342:1915:1916:1913:1911:4371:3926:3030:4445:4211:6472:4323:3104:4235:8112:1300:5200:4101:4261:1120:6380:5100:4241:5103:6106:
201810:RL10702101::
201810:RL10702102:1002:
201810:RL00108101:4525:8001:4172:1001:1002:1453:1455:1443:1120:1300:
201810:RL00101206:3100:3101:1001:1002:3280:3083:3081:3782:3781:3826:1300:1302:1311:3471:3470:3435:3961:3941:3920:3220:3750:
201810:RL00108001::
201810:RL00101913:4798:4331:4206:1002:4205:4520:1550:4775:4392:4393:4372:4371:5511:4097:1702:3220:4051:8112:8110:4551:1449:4171:4102:4101:1715:5501:1716:6107:4791:4501:3931:4793:4792:4242:
201810:RL00101912:1001:1002:5301:1008:4205:1300:1931:1606:4000:5921:1014:1718:1020:8001:6032:4101:5101:5100:
201810:RL00199907:1004:4206:1002:1144:4203:4106:1861:4003:1252:4000:4108:4112:4111:4212:4211:4218:3101:1281:1185:4219:1282:1328:4216:4114:3294:1514:1617:1616:1511:1510:1716:1335:1812:1336:1558:1555:6106:4222:1556:1551:1552:1334:1272:6302:3260:1550:1431:4125:1952:3749:1913:6047:2275:3940:6000:4052:6002:4058:1307:1921:1111:1928:1929:1300:1874:1873:1012:1871:6175:4100:8001:4102:4101:1217:4571:1121:6036:1120:1213:5103:4242:1207:4005:
201810:RL00101911:1003:1001:1002:1328:8112:1300:4000:4171:4101:6049:1201:1440:4501:
201810:RL00199908:1935:1002:1008:1146:1455:1938:1550:1915:1916:1913:1911:4371:1549:4112:6049:4323:6151:4033:4115:5200:4621:4261:1120:6305:6380:9018:
201810:RL00101910:3089:3430:1002:3080:3904:3703:1911:3435:3230:3220:3921:5304:5302:
201810:RL00421303:1001:1002:1328:1938:6106:1300:8110:
201810:RL00421302:1328:1470:1300:9018:
201810:RL00102301:1002:1300:
201810:RL00421304::
201810:RL00421301::
201810:RL00103303:1001:1002:1008:4305:1009:1110:6357:4112:4111:6024:4211:4511:6022:4218:1328:8112:6152:8110:1380:4605:3000:1811:1812:1814:3145:1457:1910:1458:1453:1125:1918:3749:1915:1916:1913:1914:1911:1912:2271:1131:1130:1440:6002:3750:6479:1446:1306:1309:1920:1921:4174:1447:1111:1926:1927:1112:1928:1929:1300:1922:1116:1923:1924:1118:1925:4102:4101:7052:1121:1120:1936:1935:1934:1147:1938:1937:1144:2251:4002:1931:4000:4001:4253:3961:3102:1138:1560:1134:2710:2255:1335:1558:3500:7006:4125:1954:1953:1952:1606:6042:6049:1685:1801:4533:1170:1369:4201:6029:1873:1872:5200:1871:5201:6034:8001:1020:6032:1201:5101:1160:1530:6030:
201810:RL00103301:1002:4202:4203:4759:4000:4614:4612:4611:4212:3920:1480:1011:4311:5115:4786:1185:4031:1328:4589:6152:4501:4321:4503:4322:3500:6302:4189:6142:6802:1550:1913:1911:4731:4371:1702:4784:3940:4783:4782:6471:4781:6475:4172:4201:1016:4714:1300:1929:1873:1116:5200:8001:4101:1120:4338:6380:5103:4336:
201810:RL00103302:1910:1001:3216:1002:4520:1550:1316:3082:1953:1952:1916:1913:2250:4000:1911:6043:1549:1702:4631:3104:1945:1307:6432:1309:1921:1328:1926:3294:1929:1300:1874:1873:1116:1924:1871:6038:1121:9034:1120:1558:5103:6106:3268:3210:1334:
201810:RL00103101::
201810:RL00102502:1002:8112:1480:
201810:RL00102501:1002:6141:1008:1938:1455:1550:1953:1915:1916:4734:1913:1911:4371:1912:1549:6049:1919:1440:4323:4031:4033:6330:6152:1300:1874:1873:5200:1871:1852:4101:4261:1120:6305:6380:1812:6106:9018:
201810:RL00103501:4100:1002:1328:1120:1300:2250:
201810:RLI1418002:1002:
201810:RL00400501:1307:
201810:RL00104004:1420:1560:1309:1002:1465:1609:1313:1692:1311:1549:8001:6350:6357:1121:1120:1800:6062:6030:1612:
201810:RL00102101:1003:1002:1121:
201810:RL00104006:1002:6160:1146:1008:4205:1145:1938:1316:1314:4000:4001:6351:6357:6317:6316:6315:1564:4650:1328:4033:6152:7071:4261:9111:1811:6108:6107:1336:1558:6106:1555:1556:6302:6141:7000:1455:6300:1915:1913:4370:1911:6343:4468:1549:1705:4271:6047:6049:4323:6432:1300:1874:5200:4171:4100:6202:1120:6380:1160:3930:4336:
201810:RL00104005:6432:1004:1185:1001:1002:6170:6434:6160:6150:1008:6454:1271:1952:4744:1300:1116:1702:1811:1801:1120:1160:
201810:RLC2318001:1002:
201810:RL10705001:1002:4205:1008:1953:1916:4406:1913:4003:1911:1110:6047:6049:4250:4212:1440:4211:1542:1920:1185:4033:1111:8112:1112:1874:5200:1116:4171:4383:4100:1120:6106:1556:
201810:RL00400102:1004:4304:1002:1007:4021:1953:1009:1916:1300:4000:4001:6202:5203:4101:6049:1811:6108:1812:5113:
201810:RL00400101:1003:4101:1002:6049:1120:1811:1953:6342:1916:1300:4001:
201810:RL00121103:1110:3500:1119:1702:4101:1002:1500:1120:6106:1300:4000:1101:
201810:RL00400104:1004:1500:1328:1300:1471:
201810:RL00400106:1910:1004:1002:1007:4391:1550:1915:1952:1913:4000:4370:4108:1110:1130:1440:1542:1011:1328:1443:8112:1327:1403:8110:1300:1929:1874:1116:8001:4101:1810:1120:1716:1558:6106:
201810:RL00400105:1002:1328:1550:8112:6342:8110:1300:1116:1400:1912:6372:1542:1564:
201810:RL00100502:1001:1002:1550:
201810:RL00400108:1004:1002:4101:1550:6107:1542:6106:1300:1116:4108:
201810:RL00400107:1307:8001:1002:1822:1550:1460:8112:1300:1391:1344:
201810:RL10702003:4253:4661:1002:4127:4125:6106:5110:4000:
201810:RL00109401:1420:1002:1442:8120:1954:8112:8123:8110:1913:8125:1912:6043:6064:1440:1470:3921:3933:
201810:RL10702002:1001:1702:6350:1002:4651:6372:1120:4392:4850:4398:4370:
201810:RL10702001:6350:4651:1002:6357:4391:4386:4392:4850:4370:
201810:RL00100201::
201810:TR00100502:1910:1001:1002:4125:8122:4105:8121:1315:2252:3080:4392:3749:1123:2250:1126:1542:1344:1564:1342:4311:1306:1134:2710:4194:8112:4115:1327:1385:8110:1300:1018:1302:5201:8001:4102:4101:1399:3000:1201:5101:4161:6106:4501:
201810:RL00110008:1003:1001:1600:1002:1328:8112:1327:1300:1311:4101:1618:6106:1542:1622:6109:
201810:RL00109001:5140:1002:2710:1300:5201:5211:4101:5101:5100:1542:5103:5102:5123:5122:9018:
201810:RL00100301:1004:1571:1002:4106:1252:4212:3100:6110:4219:1949:1328:1513:1810:1716:1812:1335:1558:1556:1910:1600:1550:4125:1954:1913:1603:1604:1702:6047:1500:6049:1130:1801:1307:1119:3275:1926:1929:1874:1300:1873:1872:1116:1871:6036:1121:1120:1163:4242:3269:4244:
201810:RL00100101:1119:1910:1004:1933:1550:8112:1009:1300:1018:1102:1020:6106:1564:
201810:RL00110010:1110:1002:1328:1120:1558:1953:1915:6330:1300:1929:
201810:RL00100102:1002:
201810:RL00107901:1003:1004:1001:1002:1550:3082:6345:1311:1911:4108:6470:4112:1500:1800:6472:1542:4235:1328:4033:1111:1300:6220:1513:1511:4101:
201810:RLJ1818001:1004:1001:1002:1008:1363:4110:8112:1542:6106:1364:1300:1701:
201810:RLA1119001::
201810:RLJ1818005:1002:2500:6380:7031:
201810:RLJ1818002:3500:1003:1004:1001:1002:1007:1008:1550:1932:1931:1103:1024:1912:5516:6316:1801:1800:1701:3100:1851:1300:1929:1015:1871:1514:1513:8001:5506:1511:9034:1812:6106:1518:1552:
201810:RLJ1818008:4650:4651:1002:4520:6342:4193:1300:4370:4000:4100:6108:4850:4501:
201810:RLJ1818006:8001:1001:1002:1443:1440:6106:
201810:RLJ1818007:1002:
201810:RL00103001:1306:1309:1002:6151:6141:4205:1008:1146:4033:1327:1915:1300:1913:1449:1116:1911:1912:1500:1811:1120:1801:6106:
201810:RL00100110:4341:1309:1002:4392:1018:
201810:RL00110001:4391:4791:
201810:RL00109701:6432:1309:1308:6350:1002:1500:1120:1440:4511:6106:1300:
201810:RL00110003:3435:8001:1001:1002:3436:1443:1006:1440:3920:
201810:RL00499902:1004:1002:6106:4501:1344:
201810:RL00110005:1001:1510:1542:1300:1515:
201810:RL00499901:1001:1572:1571:1002:1008:1145:1144:4000:6353:1110:6350:3923:3920:1139:1328:1851:6310:8112:6220:1654:1716:6108:1812:1558:1910:1550:6300:6807:1125:1913:1911:1549:1030:9029:1131:6049:1130:1685:3220:1542:1369:3131:1111:1874:1300:1116:8001:6201:4101:1120:5100:1160:3930:
201810:RLE1718001:1001:1476:1002:1550:1937:1300:8110:1931:1389:6108:6107:6106:1471:
201810:RL00109802:1309:1002:2701:1008:8112:1009:1300:1116:1302:1931:1871:3762:8001:1812:1542:6106:
201810:RL00109803:1602:2710:8112:6330:1102:1116:1911:8001:4102:4101:1655:1716:1542:1342:3943:
