201802:RL00101105:1002:9017:
201802:RL00107001::
201802:RL00101103:1002:9017:
201802:RL00101102:1002:4205:1550:1911:4370:4000:1110:1844:1542:6000:1342:1309:6151:1328:6112:1443:8112:1300:8110:1116:8001:4605:4101:1120:6108:6107:1336:4501:9017:
201802:RL00101101:1002:9017:
201802:RL00100404:1004:1910:1002:1550:1111:1300:1116:1110:6350:4101:1500:3002:1801:6372:1120:1470:1553:1508:9017:
201802:RL00400201:1004:1002:2250:1911:9029:6318:1500:1130:6049:1440:6000:1542:1309:1328:1443:1327:1929:1300:1871:4101:1510:9111:1120:1551:9017:1334:
201802:RL00101203:1003:1001:3741:1002:2701:3781:3703:3700:3435:3940:6000:3220:3920:3133:3131:6110:3100:3431:1300:3715:3000:6107:6106:3912:9017:
201802:RLD1018001::
201802:RL00400203:1004:1844:6351:1300:1551:9017:
201802:TR00010507::
201802:RL00102201:1001:1002:9017:
201802:RL00102401:8001:1002:1921:1441:1715:1444:1316:1440:1300:9017:1534:
201802:RL00103401::
201802:RLC2118001::
201802:RL00102001:1001:1443:9017:
201802:RL00105301:1185:1001:6302:4391:2603:2600:1300:1012:1116:6350:4101:6357:1120:5100:1542:9017:3131:
201802:RL00100807:1004:1002:1328:1460:1300:9017:
201802:RL00106001:1002:1328:4194:1948:8112:1300:8110:1116:1390:8001:4523:1201:1120:1440:1542:80:4501:3269:1207:9017:
201802:RL00114511:1004:1309:1002:6106:1300:9017:1342:
201802:RL00200901:1004:1002:6160:6150:6166:8110:1116:6175:4000:1500:2500:4511:4501:9017:
201802:RL00100401:1001:9017:
201802:RL00109201::
201802:RL00010050:1004:1572:1001:1002:6302:6300:1006:1123:1931:6343:8127:1127:6353:6045:6049:1364:6170:6151:1328:8112:1018:1300:1116:1852:1020:4101:6053:6035:6052:6106:6030:9017:
201802:RL00010051:1755:8001:1021:1753:1022:1752:1271:5101:5566:1300:9017:1023:
201802:RL00100801:1001:1002:1822:1300:9017:
201802:RL00105001:1002:1300:9017:
201802:RL00100802:1002:1822:1316:1300:9017:
201802:RL00100803:1002:1238:1455:1443:1440:2251:9017:2261:
201802:RL00100804:8001:1002:8112:1440:4511:6106:1009:1300:9017:1564:
201802:RL00100901:1718:1002:1328:1716:1862:1300:1871:9017:
201802:RL10799901:1910:3101:1002:4101:8112:6106:8110:8125:9017:
201802:RL00121001:1480:9017:
201802:RL00199915:3110:1002:3260:3084:3261:1953:4395:4393:1913:1110:4110:3940:4053:3920:4231:4235:4059:4237:4201:1328:3090:5200:4171:1120:5100:6106:4242:9017:
201802:RL00400110::
201802:RL00199916:1933:1002:1550:6300:8112:1300:1380:8001:1500:1387:6372:9111:6371:1342:9017:
201802:RL00101802:1003:1001:4129:1002:4391:4125:4104:4734:1128:1110:4251:4250:1440:4512:4511:4172:1111:1300:1012:4100:4101:1211:1120:4501:9017:
201802:RL10700002:1110:1002:4501:9017:
201802:RL00104802:1001:3704:1002:6302:7000:7001:3761:4109:1931:4000:4108:1110:4519:4110:1440:1448:2710:1300:7031:1116:8001:1120:7551:1160:1332:9017:
201802:RL10700003:4101:1002:9017:
201802:RL00101909:1003:5140:1001:4031:1007:6302:5105:1300:4000:8001:4095:5101:5100:5103:5121:1480:2515:9017:5303:
201802:RL10700005:1001:1002:4251:1951:9017:
201802:RL10700101:1003:3500:3704:1002:4128:6802:4391:3082:6807:1009:3749:3904:3703:3700:4095:6316:1440:4051:3220:4151:4052:4234:3074:3750:3100:3101:1309:1448:3275:3223:1300:4171:5921:1717:4081:4102:4101:3000:3002:1715:1716:6108:6107:5100:4501:9017:
201802:RL00101906:6302:6300:1550:4376:3902:1913:1911:4000:1110:1389:4112:4110:3940:1440:1364:4151:5115:6110:1185:1442:1328:1111:1300:1116:4171:1015:4100:4101:2255:4571:1716:1120:6108:6380:6107:6106:1161:4501:9017:
201802:RL00400116:1560:1002:4520:1550:1113:6166:1300:1116:6167:4101:6106:1462:1332:9017:1551:
201802:RL00101905:4101:1002:1542:1300:9017:4000:
201802:RL00400117:1004:1309:1002:4101:1550:6106:1462:1300:9017:
201802:RL00400115:1002:1550:4125:1300:1311:9017:
201802:RL00400112:1307:1004:1002:1550:1926:1113:1300:1311:1116:1110:1716:3144:1344:9017:1342:
201802:RL00199917:1185:4661:6350:6302:6300:1120:5100:6342:6000:1311:9017:
201802:RL00130004:6110:8001:1002:1300:9017:
201802:TR00010244:1003:6160:4205:4104:2250:4561:6352:6357:3926:6316:4511:4151:1480:1011:1621:1342:1623:5222:4031:6151:4033:4114:4589:8112:3293:6152:4192:4551:1853:4605:6366:4501:4504:9018:9017:6141:1550:4735:6345:1911:4370:4371:4740:6374:1440:4235:6171:1448:3431:4531:1300:1302:4171:4100:8001:4575:4101:3524:4523:6380:
201802:RL00130001:1002:1440:8112:1542:1300:1564:9017:
201802:RL00104401:3500:1004:1001:1002:6302:1008:1550:1144:1952:1913:1050:1549:6047:4112:1130:6049:6048:6000:1119:1445:4033:1328:1111:1929:1922:1923:1116:1924:8001:1120:1812:1335:1558:5100:1555:1556:9017:
201802:RL00108201:1002:9017:
201802:RL00104804:1307:1309:1002:6302:1328:1550:1316:6342:1913:1549:6361:6318:1822:1716:1120:6000:1462:9017:1334:
201802:RL00104803:1003:1307:1002:9017:
201802:RL00107801:1003:1004:1309:1001:1111:1128:1116:1110:1020:1120:1542:1170:1161:9017:1173:
201802:RL00104601:1002:9017:
201802:RL00199902:1004:3110:1910:1002:1938:1550:1455:6342:1915:1916:1913:1911:4371:3926:6062:4323:3104:1420:1445:4031:4033:1328:8112:1300:5200:4283:4261:1120:6380:5103:1556:9017:
201802:RL10702101::
201802:RL10702102:1002:1300:9017:
201802:RL00108101:1002:4501:2251:2250:9017:
201802:RL00101206:1003:3089:1001:3704:3705:1002:3781:6317:3031:3030:3924:3222:3920:3220:3102:3250:3101:3275:3223:3716:8001:3000:3230:3269:9017:3267:
201802:RL00108001:1002:4201:1550:4110:8112:6106:1300:1911:9017:
201802:RL00101913:3500:1001:1002:6802:4127:1550:3082:3781:4107:4110:1440:3920:6110:1420:3101:4059:1445:3275:1443:8112:3090:1300:1449:5200:8001:4102:4501:4242:9017:
201802:RL00101912::
201802:RL00199907:1004:1002:1144:1316:3781:1103:1389:1822:1480:1623:1945:1185:4033:1328:1327:1514:6053:1335:1812:1558:6106:9017:1456:1910:1550:1125:1953:1952:1122:1913:1126:1911:1912:1131:1130:1800:1462:1119:1307:1306:1445:1921:1442:1465:1926:1111:1300:1929:1922:1923:1116:1924:1925:8001:9034:1120:
201802:RL00101911:1003:1004:4304:1001:1002:4305:1009:6166:1102:4109:4000:4108:4001:1110:4111:4511:8501:4650:3100:3101:8112:1327:6108:6106:1143:4501:1518:1332:9018:9017:3500:1456:4021:4736:3749:1913:1911:4370:4585:1702:1440:4131:8505:1445:1448:3223:1361:1444:1443:4723:1300:6177:5200:4101:9034:1120:5101:5103:
201802:RL00199908:1935:3110:1002:6440:6141:1146:1550:1938:1455:6342:1915:1952:1913:1911:4371:6353:1549:3926:4251:6049:3940:4233:4323:6151:4033:1182:1181:1180:1035:6330:1300:1929:5200:1118:4101:4261:1120:6305:6380:3930:1162:4322:9017:
201802:RL00101910:4650:4102:3704:1001:3275:4101:4211:5103:5304:9017:
201802:RL00421303:1002:1921:1328:6300:1938:1926:6807:8112:6342:1018:8110:1300:1922:1311:1440:6106:1470:6062:1564:9017:
201802:RL00421302:1002:1500:1550:4125:1443:1440:1470:6106:1471:1300:9018:9017:
201802:RL00102301:1001:1002:1300:9017:
201802:RL00421304:1003:1004:1910:1001:6460:1002:2701:1009:8123:1931:4000:1389:6000:1485:8112:1300:4192:1018:8110:1116:8136:4101:1377:1472:6106:1470:9017:
201802:RL00421301::
201802:RL00103303:1003:1004:1001:1002:1571:1146:1931:6353:3924:3920:80:1011:3100:5222:3101:1560:1185:1134:1328:4033:1425:1851:8112:3090:1715:1812:1558:6107:3142:1556:9017:3500:6445:3705:1550:1953:6342:1915:6345:1913:1914:1911:1912:6047:1500:1685:6049:3940:1542:3220:1926:1928:1929:1300:3014:1873:1116:1923:5200:1871:1020:8001:6201:6031:1121:1120:5101:5100:5103:3931:
201802:RL00103301:3500:2724:1910:1002:6302:6142:6802:4189:1550:3782:1913:2709:4000:4371:1702:4271:4612:4611:6315:3924:4212:2500:3940:3076:3920:1480:1445:1185:1442:1328:4589:4714:1300:6152:1929:4171:4711:4101:4571:1120:6380:4502:5103:4501:4504:4321:9017:
201802:RL00103302:1935:1004:1001:1002:1147:1478:1144:1932:1931:8127:1110:1050:6350:4212:1185:1328:6152:1041:1335:1558:6106:9017:1910:1550:4126:6342:1913:1911:1912:6045:1500:6049:1130:1801:1800:6041:1307:1920:1442:1926:1300:1929:1922:1116:1012:1924:1925:1539:6034:8001:6036:1120:
201802:RL00103101::
201802:RL00102502:4080:1002:4021:8112:4051:1480:4052:4004:3750:9017:
201802:RL00102501:1935:1001:1933:1002:4205:1938:1937:1009:1931:1103:4000:1110:6318:1389:6315:2500:4212:4151:4650:3101:6451:6151:1328:6455:8112:1327:6152:1380:4261:1716:6106:9018:9017:1910:6141:1550:6342:1125:1915:5555:1913:4370:1911:1702:4271:1500:3030:6000:1365:1701:3750:4323:4231:1119:1307:1920:5301:1921:4201:1443:1926:1300:1922:1923:1015:1020:8001:1120:6380:5103:
201802:RL00103501:4100:1002:4101:4113:4201:1300:4000:9017:4171:
201802:RLI1418002::
201802:RL00400501:1002:9017:
201802:RL00104004:1001:1002:4204:1953:1916:1913:6043:6042:1460:1945:1138:4219:1921:1949:1948:4214:1181:1116:1012:6157:1924:1513:1511:1120:1000:9017:
201802:RL00102101:1003:1002:1121:9017:
201802:RL00104006:3110:1933:1002:6160:1008:1146:4205:1938:1145:4002:4003:4000:4001:6352:6350:6357:6062:4310:4311:3100:4313:6151:4033:6150:8112:1327:8110:6152:1852:4261:1335:6108:6107:1336:6106:1556:4322:9017:1910:6440:6141:6301:7000:1455:1550:6300:6401:1918:6342:1915:1952:6140:1913:1911:1549:1705:6042:4271:1131:4323:1921:3223:1928:6330:1113:1300:1929:5200:6175:8001:6032:6036:1120:6380:1160:5103:6030:4336:
201802:RL00104005:3110:1002:6160:1008:4205:1145:1938:4393:1932:1311:6318:4251:3926:4112:6316:4212:3920:1011:4310:4311:3100:5115:1185:6151:1328:8112:3090:6152:1853:6362:5505:4261:6305:6106:3145:4321:9017:1910:4332:5108:6141:6143:1550:1455:6342:1915:6140:1916:1913:1911:4371:5511:1702:6049:1130:1440:1119:1309:4201:1300:1873:5200:4171:4282:1121:1120:6380:5101:1160:5103:4242:
201802:RLC2318001::
201802:RL10705001:1002:2701:6302:6141:1008:1146:4205:1455:4125:6401:1953:6345:1913:1911:6317:6316:6315:4533:1440:3920:6472:1542:3943:1185:1921:4033:8112:5983:1923:1116:1038:5200:4101:6380:6106:9017:
201802:RL00400102:1003:1004:4206:1001:1571:1007:1008:6204:1009:1862:1312:4000:6318:1822:1520:80:1420:6151:6150:1328:1181:8112:1616:9111:1811:1716:1555:6106:1553:1000:9017:1602:4021:1550:6342:1953:1915:1916:6043:1844:1702:8182:8181:1500:6049:1460:1849:6000:1462:1307:1465:1926:1300:1923:1116:1871:1020:8001:1832:1120:
201802:RL00400101:1003:1002:1328:1953:6342:1300:1916:1116:1110:1844:4101:6049:1811:1120:1364:9017:
201802:RL00121103:1003:1002:9017:
201802:RL00400104:1004:1500:1471:1300:9017:
201802:RL00400106:1910:1004:1002:1007:1550:1144:1915:1913:4000:4108:1110:1440:1364:1542:1011:1446:1134:1328:1443:8112:1327:1874:1300:1116:1810:1716:1120:6106:9017:
201802:RL00400105:1001:1002:1550:1300:9017:
201802:RL00100502:1001:1002:1550:1300:6030:9017:
201802:RL00400108:1003:1004:1571:1002:1550:1318:7002:1316:1009:4108:1549:1542:4511:6000:1328:1443:8112:1300:1116:8001:4081:1335:6106:9018:9017:
201802:RL00400107:1307:1822:1550:1460:8112:1300:1344:1342:9017:
201802:RL10702003::
201802:RL00109401:1003:1002:7000:7001:8120:1371:1953:1047:1913:1931:1912:1101:1050:6317:1440:80:1945:1420:1949:4194:1133:1180:1362:1140:9017:
201802:RL10702002:1002:4651:4129:7001:4398:4370:8001:4101:6350:6372:6107:4850:9017:
201802:RL10702001:4100:4102:4651:1002:6350:4101:4391:4520:4386:4850:9017:4370:
201802:RL00100201:1718:1002:9017:
201802:TR00100502:1910:3265:3704:1001:1002:1433:1431:3080:3904:3173:3174:3171:4511:3103:3170:1564:1342:3100:9890:1309:3275:1134:2573:1300:1116:8001:4102:4101:3000:5101:3180:6106:3181:9018:1000:9017:
201802:RL00110008:1309:1002:1500:6106:1300:9018:9017:
201802:RL00109001:1119:1002:1915:1470:1471:1116:9017:
201802:RL00100301:1004:1002:1571:1317:1144:3083:4106:1932:80:6062:6110:3101:1947:1139:4031:1328:1948:4033:1327:6157:1513:1811:1335:1558:1556:9017:1910:1550:4125:1122:1128:1913:1549:1702:6047:1131:6049:1130:1921:1926:1111:1113:1300:1929:1922:1116:1923:1924:8001:6036:1120:1473:
201802:RL00100101:1910:1020:1933:1550:6106:1009:1300:1102:1564:9017:
201802:RL00110010:1002:1328:1922:9017:
201802:RL00100102:1004:1002:9017:
201802:RL00107901:1110:1003:1549:1328:6150:1120:1327:4501:9017:4108:
201802:RLJ1818001::
201802:RLA1119001::
201802:RLJ1818005::
201802:RLJ1818002::
201802:RLJ1818008::
201802:RLJ1818006::
201802:RLJ1818007::
201802:RL00103001:1935:1002:1146:1008:4205:1938:4000:6353:4256:6350:6357:5223:6151:1328:4033:8112:6152:1380:4261:6106:1556:4321:9018:9017:6141:6302:6301:1550:6300:6342:1952:1915:1913:4370:1911:6047:1131:6049:6472:1701:4323:1306:1309:3223:1929:1300:1922:1116:5200:1449:4101:1120:6380:5103:3930:
201802:RL00100110:1309:1002:1716:8112:1018:9017:
201802:RL00110001:4391:4791:9017:
201802:RL00109701:1309:6318:1308:1002:1500:1440:6106:1300:9017:
201802:RL00110003:3101:3435:1001:1002:3920:9017:
201802:RL00499902:3100:3101:1004:1002:1271:1550:1455:2261:2275:6106:4501:1344:9017:
201802:RL00110005:1003:1572:1002:1822:1460:1300:1344:9017:1342:
201802:RL00499901:1910:1002:1550:6300:1915:1913:4000:4108:1110:1702:1440:4151:1701:1920:1139:1328:1327:1300:1116:5200:1871:4101:1715:1120:1716:9017:
201802:RLE1718001::
201802:RL00109802:1110:1309:1001:1716:1480:9017:8600:
201802:RL00109803:8001:1002:1550:6108:8112:6106:1116:9017:1564:1342:
