201901:RL00101105:1002:1542:1300:
201901:RL00107001::
201901:RL00101103:1002:
201901:RL00101102:1309:4101:1002:4040:1550:8112:6000:1018:8110:1116:4000:
201901:RL00101101:1002:
201901:RL00100404:1004:1306:1002:6107:1344:
201901:RL00400201:1004:1309:1002:1328:7000:1929:1300:1871:1911:6318:1510:1500:6049:1130:1120:1011:1551:1334:
201901:RL00101203:1003:3741:3704:1002:3722:3782:3003:3703:3441:1126:3435:3013:3012:3436:3220:6000:1542:3921:3074:3131:3113:3430:3431:3223:3117:3812:8112:1300:3015:3913:3000:3002:3912:
201901:RLD1018001:8001:1399:1002:1041:1389:1822:9111:1300:1342:
201901:RL00400203:1004:1328:1300:
201901:TR00010507::
201901:RL00102201:1001:1002:
201901:RL00102401:1445:1001:1148:4127:2250:1117:1549:4101:1335:5100:1440:1491:4211:4511:
201901:RL00103401:1002:6107:
201901:RLC2118001:1001:
201901:RL00102001:1307:1001:1002:6441:9595:1201:4037:1300:
201901:RL00105301:3089:1002:4174:1300:1922:1311:4171:3161:4101:9111:6305:6370:1364:6000:4501:4151:3133:3131:
201901:RL00100807:8001:1001:1571:1130:1120:1460:8500:1112:1300:1344:
201901:RL00106001:1446:1004:1448:1002:1300:1251:4370:4000:1225:1217:1235:1210:1201:
201901:RL00114511:1002:6106:1300:
201901:RL00200901:4172:6170:1002:6150:6106:1300:4003:4000:
201901:RL00100401:1001:1300:
201901:RL00109201::
201901:RL00010050:6463:1002:6440:6302:6441:6300:6464:6401:6353:6338:6045:6357:6315:6049:1801:1825:3220:6471:1623:6432:6433:3223:6151:6152:1874:5200:6157:6175:1852:6202:6038:6303:1810:1811:1335:1812:6448:9018:4281:
201901:RL00010051:1755:8001:2711:1300:8150:
201901:RL00100801:1002:1433:1822:7000:1460:1300:
201901:RL00105001:1002:
201901:RL00100802:1002:1822:1460:1300:
201901:RL00100803::
201901:RL00100804:1002:1440:8112:4511:6106:1300:
201901:RL00100901:1718:1002:
201901:RL10799901:3101:1002:4101:
201901:RL00121001:1480:
201901:RL00199915:3500:3100:3101:1002:5223:3275:6302:1328:1953:1300:1911:4171:1110:5506:1233:1702:4110:1120:3920:6471:4243:5302:
201901:RL00400110:1004:1002:1550:1120:1460:1300:1913:
201901:RL00199916:1002:
201901:RL00101802:1002:5301:1550:1047:6166:1300:1039:1311:6167:8001:1662:4101:1040:1666:5500:5101:5103:4038:1342:5303:3104:
201901:RL10700002:1003:1002:9018:
201901:RL00104802:1910:1001:1002:4766:4754:1300:4756:4255:4740:4101:1666:5101:4512:4511:6106:9018:
201901:RL10700003:1002:4101:
201901:RL00101909:1001:4031:1002:1007:1300:1861:4095:5101:5100:5121:1480:1564:2515:
201901:RL10700005:1001:4101:1002:4251:1951:4501:
201901:RL10700101:3500:1003:4128:6802:4391:6807:4095:6316:3923:4051:3220:4052:4151:4234:5222:5221:3275:2540:5223:1111:4171:4102:5100:6107:6106:5103:5123:
201901:RL00101906:1445:6463:1002:1442:1550:1111:1300:1913:4000:4171:4370:1702:4101:1389:1120:4110:1440:6106:4501:
201901:RL00400116:1560:1002:4101:4520:1550:6106:1113:1300:1116:1332:
201901:RL00101905:1001:1002:1300:
201901:RL00400117:1309:1002:1328:1550:6106:1300:
201901:RL00400115:1002:1328:8112:1542:1300:1311:
201901:RL00400112:1110:1309:7000:1822:1328:1550:8112:4511:8110:1300:1302:
201901:RL00199917:4199:4661:1185:1002:6302:6300:6152:4000:6157:4171:6362:1110:6352:6351:6318:6350:5100:1011:
201901:RL00130004:6110:1002:9595:1300:1302:1117:
201901:TR00010244:1003:4205:4109:6352:6350:3926:6316:1825:4511:1480:1011:4517:1621:1623:1945:5222:4031:1328:4114:8112:4746:1320:1853:1616:4605:6366:3002:4501:9018:3500:1550:4735:6345:1913:1603:1911:4370:4740:6374:1440:3113:4235:6171:1448:3431:4174:1443:1300:1873:4171:4575:4101:3524:4523:1120:
201901:RL00130001:1002:1300:
201901:RL00104401:3218:3264:3216:1002:1148:3266:3215:1550:3782:1915:1916:1913:6062:1508:6041:1921:1328:3090:1929:1923:1924:1121:1120:1716:1335:1558:1556:9018:1552:
201901:RL00108201::
201901:RL00104804:1307:1309:1002:1182:1328:1550:1048:6342:1112:1300:1103:1830:8001:6361:6350:1399:1822:1716:1201:8500:1460:1849:1334:
201901:RL00104803:1309:1002:9111:1716:6106:
201901:RL00107801:1004:1309:1001:1002:8112:1116:
201901:RL00104601::
201901:RL00199902:1002:1938:1550:1455:6342:1915:1916:1913:1911:4371:3926:4323:3104:1420:1328:4033:8112:1300:5200:4101:4261:1120:6380:5103:6106:3930:5123:
201901:RL10702101::
201901:RL10702102:1002:
201901:RL00108101::
201901:RL00101206:1306:3704:1002:3087:3709:3782:3781:1302:3957:3211:3470:
201901:RL00108001::
201901:RL00101913:1920:1002:4520:4205:1550:4105:1952:4392:4393:8110:1913:1449:4370:5511:4097:4101:1716:4212:6107:4051:3220:1480:3931:4242:
201901:RL00101912::
201901:RL00199907:1002:1458:6302:1550:1952:1122:1861:1913:1311:1549:6047:1685:1440:6062:1508:6041:1369:1119:1445:1560:1921:1340:1328:1851:1382:8112:1875:1874:6152:1929:1873:1116:1012:1923:1871:1514:8001:1021:6032:1121:6036:1716:1120:1812:1335:1558:1556:1551:
201901:RL00101911:8001:1040:4101:1300:2250:4171:
201901:RL00199908:1935:4312:1002:6151:1146:1008:4317:1455:1938:4115:1952:1915:1013:1913:5200:1911:4371:1549:4261:6049:1120:6380:4322:4323:
201901:RL00101910:4333:3089:3110:3704:4331:3087:3722:1002:3080:3904:3906:3703:3701:4135:4133:3103:3102:3075:4232:5222:3101:5221:4236:3223:1441:3090:4101:3000:6107:6106:
201901:RL00421303:1002:6318:1500:1938:1443:1440:6106:1300:
201901:RL00421302:1470:9018:
201901:RL00102301:1002:1006:1300:
201901:RL00421304::
201901:RL00421301:1120:
201901:RL00103303:1001:1002:1009:3278:1110:3279:4511:1621:1185:6151:1328:1180:3090:8112:6152:1326:6157:1617:1614:3000:1810:1812:1814:3219:1910:6181:1453:4021:3749:1916:1913:1911:1912:1127:1131:1500:1440:3220:4172:1306:1920:1921:1111:1926:1927:1928:1300:1929:1923:1116:1924:7051:4101:9034:1572:1148:1571:1938:1144:2252:4000:1930:1671:1052:4152:3102:3100:3101:1560:1139:1134:2710:1042:1558:6106:1556:6448:1601:3500:1600:7006:7000:1550:1953:1951:1606:1603:1604:1549:1229:3275:5201:8001:1674:1675:5101:1160:
201901:RL00103301:3500:1002:6302:6142:6802:1550:6401:1915:1913:1911:1912:4371:1702:4611:6049:4212:3920:4511:6471:1480:1011:4131:6475:4311:4172:1185:5223:1949:1442:1441:1443:6430:1111:4714:1929:6152:1300:1116:5200:4101:1120:6380:4338:4501:4321:5123:
201901:RL00103302:1910:1001:3216:3266:1002:1148:3217:6302:4021:1550:1316:2252:1915:1916:1913:6345:1911:1702:6350:6318:4212:1560:4172:1920:1448:1139:6150:1926:3294:1929:1300:1116:4171:1120:1558:1160:6106:4029:1471:6030:3268:1334:
201901:RL00103101::
201901:RL00102502:1002:8112:1480:
201901:RL00102501:1935:1002:1008:1938:1550:1455:1917:1915:1913:1911:4371:1549:6047:1500:1131:6049:3920:4323:1328:6330:1300:5200:4101:4261:1120:6305:6380:6106:
201901:RL00103501:1910:1921:1002:1550:1318:8112:1952:1915:1300:1116:1923:1513:1511:1339:1120:9018:1534:1547:
201901:RLI1418002:1001:1002:
201901:RL00400501::
201901:RL00104004::
201901:RL00102101:1002:1121:1429:
201901:RL00104006:1002:6160:6141:1328:1938:1145:1915:1300:1018:1913:1911:1549:1705:4271:4261:1120:6108:1336:1160:4336:4323:
201901:RL00104005:1004:1002:1876:1009:1000:
201901:RLC2318001:1003:1002:6108:6107:1314:6000:6106:1300:1380:4000:
201901:RL10705001:1002:4205:1111:1953:8112:1913:1116:1911:1912:6350:1120:4250:1440:6106:1542:
201901:RL00400102:1001:1002:4021:1007:1953:1300:1916:5201:4000:6318:6049:1811:6106:
201901:RL00400101:1003:3113:1002:6049:1811:1120:6342:1953:1916:1300:3133:3131:
201901:RL00121103:1119:1702:1002:4033:1500:1120:6106:4734:1300:
201901:RL00400104:1004:1500:1300:1471:
201901:RL00400106:1004:1002:1007:1550:6807:1915:1952:1913:1110:1130:1440:1542:1011:1328:1443:8112:1327:1300:1874:1116:1810:1120:1811:1716:1558:6106:9018:
201901:RL00400105:1002:8112:1300:
201901:RL00100502:1001:1002:1550:1300:
201901:RL00400108:1004:1662:1001:1002:1550:1300:1000:4108:
201901:RL00400107:1420:1307:1002:1822:1550:1800:8112:1542:1300:1344:
201901:RL10702003:4661:4253:1002:4127:4125:6371:6106:5110:4000:
201901:RL00109401:1002:1328:
201901:RL10702002:1514:1002:4651:6350:6372:6108:4191:8112:1300:4850:4398:4370:
201901:RL10702001:4100:8001:1002:6350:4651:4391:4386:4392:4850:4372:4370:
201901:RL00100201::
201901:TR00100502:1910:1002:1600:6300:3749:6346:6343:4000:5801:6315:4513:4315:9890:1134:2710:8112:1112:1327:1300:1302:5901:5201:4101:3000:1715:1201:6380:5101:6106:5932:5931:
201901:RL00110008:1002:1328:1440:8112:1542:6106:1300:1480:9018:
201901:RL00109001:1002:5100:5555:5103:1300:9018:
201901:RL00100301:1910:3216:1001:1002:1550:1915:1122:1916:1913:1500:6049:1801:6062:6110:1307:3275:1139:1328:3294:1300:1929:1874:1923:1116:1871:1120:1335:1558:6106:1556:
201901:RL00100101:1910:1020:1933:1550:6106:1009:1300:1102:1564:
201901:RL00110010:1002:1571:2255:1328:6472:1327:2251:2250:6345:
201901:RL00100102:1001:1002:
201901:RL00107901:1003:8001:1001:1002:1571:1328:1542:1300:4108:
201901:RLJ1818001:1003:1002:6106:
201901:RLA1119001:1002:4101:4391:4103:1300:4104:4171:4141:
201901:RLJ1818005:1002:
201901:RLJ1818002:1004:1511:1550:1801:1851:6106:1929:1300:1518:1871:1552:
201901:RLJ1818008:4650:1004:4651:1002:4176:1111:6342:4388:1300:4370:4000:4101:6108:6371:6106:4850:6435:
201901:RLJ1818006:4100:4507:1002:6049:1443:1440:6106:4511:4501:1912:
201901:RLJ1818007:1002:
201901:RL00103001:1560:1306:1445:1309:1459:1002:6141:6151:1146:4205:1915:1300:1913:1116:1449:1911:1549:1500:1120:6106:9018:
201901:RL00100110:1110:1910:1309:1920:1002:1921:1919:1954:1918:1952:
201901:RL00110001:4391:4791:
201901:RL00109701:1309:1308:1002:1389:1328:1500:1716:1440:6106:1300:
201901:RL00110003:3435:3430:1002:4053:3940:3920:3750:
201901:RL00499902:1004:1002:6106:4501:1344:
201901:RL00110005:1822:1300:1923:
201901:RL00499901:1910:1002:1550:1144:1111:1125:6330:1300:6140:1916:1913:8001:1549:1130:1120:6108:6106:
201901:RLE1718001:6107:6106:8628:
201901:RL00109802:1309:1002:6106:1300:1116:
201901:RL00109803:5221:1001:8112:1300:1102:1116:4000:1049:8001:1041:6107:1440:1342:
