201812:RL00101105:1002:1542:1300:
201812:RL00107001::
201812:RL00101103:1002:
201812:RL00101102:1309:4101:1002:6151:1550:1336:8112:6000:1018:1300:1116:4370:
201812:RL00101101:1002:
201812:RL00100404:1004:1002:1550:6107:1344:
201812:RL00400201:1004:1309:1002:1328:1300:1929:1911:1871:1510:1500:6049:1130:1120:1542:1551:1334:
201812:RL00101203:1003:3110:1002:3640:3280:3782:3781:3003:6320:3961:3921:3104:3100:6110:3136:2573:4080:3000:3913:6106:3643:3912:3210:3704:3741:3212:3213:6342:3904:3703:3983:3031:3030:3220:6000:6002:3074:3170:4131:3943:3113:4175:3275:3117:1302:3471:3470:8001:4101:3269:
201812:RLD1018001:8001:1002:1389:1822:1035:1300:1344:
201812:RL00400203:1004:1328:1862:1300:1551:
201812:TR00010507::
201812:RL00102201:1001:1002:3080:
201812:RL00102401:1457:8517:6460:1001:1458:1600:1148:6440:1453:4391:4125:4734:2250:4576:4000:1930:4370:1702:6319:4211:1440:1542:4511:4650:1445:4172:2220:1139:4174:1949:4201:8580:1443:1300:1115:1116:4101:6303:6305:1120:1335:5101:5100:1491:4501:6448:4850:
201812:RL00103401:1004:1002:6107:
201812:RLC2118001:1001:1399:
201812:RL00102001:1001:
201812:RL00105301:1110:1032:1002:4101:6046:1180:1364:1036:1300:4501:
201812:RL00100807:1110:1020:1004:1001:1571:1130:1120:1112:1300:2251:1116:1302:
201812:RL00106001:1004:1225:1002:1235:1217:2710:1210:1201:4000:1251:
201812:RL00114511:1002:6106:1300:4000:
201812:RL00200901:6444:1002:6150:7063:7001:7583:7552:6106:1564:
201812:RL00100401:1001:1002:1550:1300:
201812:RL00109201:1002:
201812:RL00010050:1001:1002:6302:1147:6464:4774:1144:6401:6166:4371:6353:1110:6375:6357:6472:3220:6471:3943:2551:6151:3223:1443:6430:1111:8112:6330:5983:5200:6157:8001:6220:6201:4101:6303:1120:6305:2510:6448:4004:9018:
201812:RL00010051:3100:1935:3101:1755:1001:3090:8112:3782:3781:1300:3904:8110:1128:1110:8001:3000:3030:6108:5100:6106:
201812:RL00100801:1002:1822:1328:1300:3075:
201812:RL00105001:1002:
201812:RL00100802:1002:1822:7000:1300:
201812:RL00100803::
201812:RL00100804:1001:1002:8112:4511:
201812:RL00100901:1718:1002:
201812:RL10799901:3101:1002:4101:
201812:RL00121001:1480:
201812:RL00199915:3110:3087:1002:3084:3082:4393:4614:4110:3920:3921:3101:5221:5223:4214:1328:5506:3002:1716:6106:9018:4127:3260:3261:5105:1953:1911:1702:5514:5565:4053:3220:4052:6471:4234:3074:4131:4231:4235:4059:4237:3275:3223:1300:5200:4171:4101:3020:1120:5101:5100:5103:5102:4242:4244:
201812:RL00400110:1004:1002:1550:1300:1913:
201812:RL00199916:1002:6180:
201812:RL00101802:8001:1040:1002:1039:6157:
201812:RL10700002:4101:1002:4111:1300:
201812:RL00104802:1910:1001:1002:4766:4723:4754:4756:4740:4101:5101:4512:6106:4511:4501:9018:
201812:RL10700003:4101:1002:4371:
201812:RL00101909:5140:1001:4031:1007:1111:1861:1300:8001:4095:5101:5100:1460:5121:1480:2515:
201812:RL10700005:1001:1002:4101:4251:1951:
201812:RL10700101:3500:1003:3704:5140:3275:4128:3223:4391:6802:6807:1111:1300:4171:4095:4101:6316:6107:5100:3220:4051:4052:4234:3074:
201812:RL00101906:6463:1002:1442:6302:1328:1550:1300:1913:1116:4000:4171:4370:1702:4101:1389:4110:1120:1440:6106:1143:4501:
201812:RL00400116:1560:1002:4101:4520:1550:1113:6106:1300:1302:1116:1332:
201812:RL00101905:1002:1300:6435:
201812:RL00400117:1309:1002:1465:6106:1300:1551:1552:
201812:RL00400115:1003:1002:1300:1311:1551:
201812:RL00400112:1420:1001:7000:1328:1300:8110:1873:1380:3008:8001:1822:3144:1332:3141:
201812:RL00199917:4661:1185:4129:6302:4127:1112:4171:4000:1110:6362:8001:6350:6357:1510:5100:6000:1462:1161:
201812:RL00130004:6110:1002:1300:
201812:TR00010244:1003:1002:6160:4205:2250:1931:4000:1930:6352:6318:3926:6316:6315:4110:3920:4511:1480:4151:1011:4517:1621:1623:5222:4031:1328:4114:8112:3293:4746:4745:1853:1616:4605:6366:1336:4501:4321:4503:4333:1550:4735:6345:4370:1911:4371:4740:6374:6371:1440:4781:4235:1448:1920:6171:3431:4766:1300:1302:4171:4574:8001:4575:4102:4101:3524:4523:6380:4336:
201812:RL00130001:1002:1300:
201812:RL00104401:1445:1002:1921:1453:1328:1121:1550:1120:1558:1112:1929:1913:
201812:RL00108201::
201812:RL00104804:1307:1003:1004:1001:1309:1002:1465:1550:6342:1300:1913:1103:1110:6361:1822:1120:1716:1460:1440:1462:1508:1334:
201812:RL00104803:1307:1309:1002:1716:1460:6106:1480:
201812:RL00107801:1309:1002:9018:
201812:RL00104601::
201812:RL00199902:1002:6302:1146:1550:1455:1938:5104:6342:1952:1915:1916:1950:1913:1911:4371:6047:3926:1131:6472:4323:3104:1420:1560:1920:1921:8112:1300:1929:5200:4101:4261:1120:6380:1558:5103:6106:3930:
201812:RL10702101::
201812:RL10702102:1002:
201812:RL00108101:1002:1120:1440:1491:2250:2260:
201812:RL00101206:1002:3087:3782:3080:3781:1300:1312:1302:4000:3718:4080:4101:3000:3222:3230:3920:3220:1480:1508:1000:
201812:RL00108001:1002:4201:6046:1550:4110:8112:6106:1300:1911:
201812:RL00101913:1002:6141:4520:4205:6143:1550:6180:4392:4393:1911:4370:5511:4097:3220:4051:1921:6150:1327:8110:1449:4101:1716:1336:6107:5100:4501:3931:4242:4792:
201812:RL00101912::
201812:RL00199907:1002:6302:1431:1550:6342:1952:1861:1913:6352:1685:1185:1921:1328:1851:3294:1875:1929:8110:1874:1922:1923:1871:1924:1853:8001:6036:4601:1120:1716:1335:1812:1532:1558:4502:6190:1530:1553:
201812:RL00101911:1003:4100:4101:1002:1460:8112:1300:4000:4171:
201812:RL00199908:1935:1456:1002:1146:1455:1938:1915:1913:4371:1549:4251:6049:4323:6151:4033:4115:6330:1300:5200:4261:4262:1120:6305:6380:5100:6106:1160:
201812:RL00101910:3802:3089:3704:1001:1002:3223:3080:5983:5982:3904:3000:3002:6106:3911:3074:2515:
201812:RL00421303:1002:1938:6106:1300:
201812:RL00421302:6110:6700:1470:6106:
201812:RL00102301:1003:1004:1001:1002:1006:1327:1300:1116:1380:1020:8001:1399:1440:
201812:RL00421304::
201812:RL00421301::
201812:RL00103303:3722:1145:1317:6349:4002:4003:1930:4001:1110:6351:6350:3012:1825:80:4511:6062:3102:2201:3104:1138:3100:7035:3101:1560:1185:2710:1134:1133:1328:1425:8112:1327:6152:1854:7031:1853:6157:1852:4605:3000:6303:3042:3500:1910:3705:7006:6440:6300:1371:6401:1953:1125:3749:1916:6140:1913:6043:2271:1131:6472:6040:1369:1306:4172:1929:1300:1923:5201:1924:4100:8001:3024:4101:7052:1121:1120:5101:
201812:RL00103301:1002:1146:4205:4203:4000:6353:6316:4611:6315:4212:4211:4511:3920:1480:1011:4310:4311:5221:1185:5223:1949:4034:6151:1327:4192:6152:4261:4501:4321:4322:3500:4331:6141:6302:6802:4189:6142:6300:1550:4735:1913:1950:4370:4731:1911:4371:4740:1702:1131:1440:4131:1119:4172:4174:1111:4723:4714:1300:1929:5200:4171:4711:4101:4571:1120:6380:4338:5103:
201812:RL00103302:1001:1002:6302:6143:1550:1316:6342:1953:1861:1916:1913:1911:1110:6318:6350:1131:6049:6000:1921:6151:1328:1180:1926:1300:1924:1376:1121:1120:6106:1160:1530:4321:1163:1334:
201812:RL00103101::
201812:RL00102502:1002:8112:1480:
201812:RL00102501:1935:1002:1008:1455:1550:1938:1953:1952:1915:4752:1916:4451:1913:1911:4371:4251:6047:1131:1500:6049:4152:3920:4151:4323:1560:6330:1874:1116:5200:1513:4101:4261:6305:1120:6380:1558:1160:6106:
201812:RL00103501:1910:1921:1002:4021:1147:1328:1431:1317:2252:1300:1320:1302:1930:1924:2708:3762:1514:1525:6107:5100:1345:1551:
201812:RLI1418002:1002:
201812:RL00400501::
201812:RL00104004::
201812:RL00102101:1002:1121:
201812:RL00104006:1002:1571:6160:6141:4205:1008:1146:1145:6300:1455:1938:1006:1915:4406:1916:1913:1911:4000:4371:1705:4271:6047:1131:6049:1052:3940:4323:1856:1328:4033:1929:1300:1874:1941:5200:4460:6038:4261:1120:1335:6380:6108:1336:1160:6190:1556:4336:
201812:RL00104005:1020:8001:1002:4101:1851:1300:6157:1024:1871:
201812:RLC2318001:1002:6000:1300:6002:
201812:RL10705001:1560:1002:6302:1008:1328:4205:1111:8112:1953:1952:1929:1300:1916:1913:1116:1911:6047:1131:6049:1120:1558:1440:6106:1542:
201812:RL00400102:1002:6318:4021:1007:6049:1811:1953:6000:1916:1300:
201812:RL00400101:1003:1002:6049:1811:1120:1953:6342:1916:1300:
201812:RL00121103:1119:1702:1002:1500:1120:6106:1300:
201812:RL00400104:1004:1500:1471:1300:
201812:RL00400106:1004:1002:1007:1328:1550:1443:8112:1953:1952:1916:1929:1874:1300:1913:1116:1110:1131:1810:1130:1716:1120:1440:1558:1542:
201812:RL00400105:1004:1002:1300:
201812:RL00100502:1001:1002:1550:1300:
201812:RL00400108:1004:1002:1328:1550:1300:4108:
201812:RL00400107:1307:1002:1822:1550:1460:8112:1300:1344:
201812:RL10702003:4661:4253:1002:4127:4125:6371:4531:6106:5110:4000:
201812:RL00109401:1420:1306:1002:1442:1550:1443:1425:1300:1012:1302:1380:1118:6043:1702:1399:1120:1440:4511:1542:1450:1143:1462:1480:2203:
201812:RL10702002:6350:1002:4651:6372:4850:4398:4370:
201812:RL10702001:4651:1002:4101:6350:6357:4391:4386:4392:4531:4850:4372:4370:
201812:RL00100201::
201812:TR00100502:1910:1602:2560:3705:1002:8530:1007:4125:4394:4704:9845:3749:9849:4731:4000:8127:3701:6046:4532:1440:3106:3053:6063:1564:3104:1187:1155:1282:1134:2710:4033:3710:8112:1018:1300:8110:5201:3471:3717:8001:4101:3000:5101:6108:4502:6106:4501:
201812:RL00110008:1002:1328:1201:1440:8112:1542:1300:1480:1311:
201812:RL00109001:5140:1002:5101:5100:5103:1300:1471:
201812:RL00100301:1004:1910:1148:1571:1002:6302:6142:1550:6342:1952:1861:1913:1912:1131:1500:1307:1138:6110:1139:1328:1875:1929:1300:1116:1923:1854:1121:1120:1335:1558:
201812:RL00100101:1004:1910:1020:1933:1550:6106:1009:1300:1102:9018:1564:
201812:RL00110010:1002:1328:1120:1300:
201812:RL00100102:1001:1002:
201812:RL00107901:1003:1001:6150:1111:1953:8112:1916:1300:6345:1116:4108:1110:4101:6470:6038:6064:6049:1811:1120:6370:6472:1542:6000:
201812:RLJ1818001:1003:6351:1001:1002:1542:6106:1300:
201812:RLA1119001::
201812:RLJ1818005:1002:
201812:RLJ1818002:1004:1511:1550:1801:1851:6106:1929:1300:1518:1871:1552:
201812:RLJ1818008:4650:4651:1002:6300:6342:1300:4370:4000:4101:6371:6108:6106:4850:
201812:RLJ1818006:1002:1443:1440:6106:
201812:RLJ1818007:3101:1002:
201812:RL00103001:1306:1309:1002:6141:6151:1146:4205:1938:1915:1300:1913:1116:1449:1911:1912:6047:6049:1120:6106:1542:9018:
201812:RL00100110:4172:1910:1309:1002:4214:8112:4171:4001:4384:1110:4110:4211:4321:4337:
201812:RL00110001:4391:4791:
201812:RL00109701:1309:1308:1002:1389:1500:1443:1440:6106:1300:1462:6152:
201812:RL00110003:3730:3435:1002:3731:3920:
201812:RL00499902:1004:1002:6106:4501:1344:
201812:RL00110005:1822:8112:1300:1344:
201812:RL00499901:1910:1002:1550:6300:1144:6342:1953:1951:1128:1913:6343:4000:1911:1912:1110:1549:1132:1500:1131:6049:1130:1542:6432:1328:1111:8112:1300:1116:1400:8001:6201:1120:1716:1558:1471:9018:
201812:RLE1718001:1306:1001:1002:1550:6107:6106:1300:1302:8628:
201812:RL00109802:1309:1002:6700:8112:6106:1300:1116:
201812:RL00109803:1602:1910:1002:6372:3782:8112:6106:1300:1102:1342:
