201807:RL00101105:1002:
201807:RL00107001::
201807:RL00101103:1002:
201807:RL00101102:1309:1002:1328:1550:8112:1018:1300:2250:1116:1911:4101:1336:1542:
201807:RL00101101:1002:
201807:RL00100404:8001:1004:1002:1550:6107:1344:
201807:RL00400201:1004:1309:1001:1002:1921:1328:8112:1300:1929:1911:1871:1510:1500:1130:6049:1716:1120:6000:1542:6002:1551:1334:
201807:RL00101203:1003:3264:3741:3704:1001:1002:3112:3261:3782:3781:3904:3805:3703:3700:3985:3435:3983:3982:3031:1822:3030:6000:3220:3920:3921:3131:3113:6110:3101:3275:3431:3223:3136:3090:1016:1300:3917:3022:3161:8001:3919:3000:3913:6108:3910:3911:6106:3211:
201807:RLD1018001:1001:1002:1399:1389:1300:
201807:RL00400203:1004:1300:
201807:TR00010507::
201807:RL00102201:1001:1002:2710:1300:
201807:RL00102401:1457:1445:1004:1448:1002:1008:1441:1454:1443:1018:1300:1931:1584:1581:1810:1801:1120:1812:
201807:RL00103401::
201807:RLC2118001:1004:1001:1300:
201807:RL00102001:1001:1443:1440:
201807:RL00105301:3113:3089:1448:1002:1328:3082:1384:4743:1300:1385:4740:1379:4585:4101:1389:1375:3002:1120:1364:6000:4501:
201807:RL00100807:1001:1002:1571:1130:1120:1443:1112:1300:2251:2250:
201807:RL00106001:1002:2710:
201807:RL00114511:1002:6106:6062:1300:1344:1126:
201807:RL00200901:1004:3430:1001:4175:3704:3087:1002:1328:1327:3904:3286:7031:4171:3287:3435:4271:1500:7062:1715:4250:1716:6000:4281:
201807:RL00100401:1001:1002:1550:1300:
201807:RL00109201::
201807:RL00010050:3500:6432:1002:4191:1851:8112:1018:1300:1913:1873:1872:1854:1871:1852:1110:1702:6350:6036:6053:1460:80:3269:
201807:RL00010051:1602:1755:1001:1754:1002:1753:1308:1752:8112:3080:1300:1024:4000:1023:4001:8001:1020:1021:1022:1389:6106:8150:1344:1342:
201807:RL00100801:1002:1822:1300:
201807:RL00105001:1002:
201807:RL00100802:1002:1822:1300:
201807:RL00100803::
201807:RL00100804:1844:1002:4511:1300:3474:
201807:RL00100901:1718:1001:1002:1328:1744:8112:6106:1862:8110:
201807:RL10799901:3101:4101:1002:5103:
201807:RL00121001:1004:1480:6471:6475:
201807:RL00199915:3500:4172:1002:4214:6807:1953:4393:4171:1702:1120:4110:3940:5103:4241:3920:3943:4244:
201807:RL00400110:1004:1328:1500:1550:1120:1300:1913:1553:1508:
201807:RL00199916:1002:
201807:RL00101802:1002:4105:3902:4734:3904:4000:4740:5801:1702:4112:1685:1011:1420:3113:1138:1560:1306:5301:4031:8112:1300:1380:1400:4507:8001:1376:4506:
201807:RL10700002:1002:9018:
201807:RL00104802:1910:1001:1002:4765:4766:4754:4741:4723:4734:4752:4722:4756:1912:4740:4101:4761:4751:5101:4512:6106:4511:4501:
201807:RL10700003:4101:1002:
201807:RL00101909:1001:4031:4095:1007:5101:5121:1480:2515:1000:
201807:RL10700005:1001:1002:4251:1951:
201807:RL10700101:3500:1003:5140:1001:3275:4128:6802:4391:6807:4171:1110:4095:6316:5100:6107:4051:3220:4052:3074:4234:
201807:RL00101906:4331:1442:1328:1550:1327:1300:2250:1913:4000:1127:4101:1389:1120:4110:1201:1440:6106:4501:1332:
201807:RL00400116:1560:1002:4101:4520:1550:6106:1113:1300:1116:1332:
201807:RL00101905:1002:4095:4127:
201807:RL00400117:1309:1149:1002:1550:6106:1462:1300:4130:
201807:RL00400115:1002:1300:
201807:RL00400112:1307:1571:7000:1328:1822:1716:8112:1327:1300:1128:
201807:RL00199917:1185:4661:4651:1002:6302:6300:6342:1102:6318:6350:6357:6355:6305:5100:6000:6106:1269:1011:1265:
201807:RL00130004:6110:1002:1300:
201807:TR00010244:1003:3500:6802:4205:1550:4735:6345:4370:1911:6352:6357:3926:6316:6374:1440:3920:4511:4151:1480:1011:1621:1342:1623:5222:4235:3113:1306:6171:4031:3431:4114:8112:3293:1300:1449:1302:1853:4575:8001:4605:4101:6366:3524:4523:1120:6380:1336:
201807:RL00130001:1002:1440:1300:1116:
201807:RL00104401:1002:1550:1952:1913:4370:4108:6047:4211:6000:4151:1420:1328:1112:1929:1922:1923:1924:1514:1121:1120:1716:1335:1812:1558:1814:1556:4321:
201807:RL00108201::
201807:RL00104804:3113:1307:1309:1572:1571:1002:1328:1550:1316:6342:1327:1104:1300:1913:1103:6361:1822:1715:1716:1460:1334:
201807:RL00104803:1306:1309:1002:1716:6106:
201807:RL00107801:1309:1001:6107:6106:1300:
201807:RL00104601::
201807:RL00199902:1002:1146:1008:1550:1938:1455:6342:1915:4734:1916:1913:1911:4371:1549:6047:3926:4212:6472:4323:3104:1420:4172:8112:1300:5200:4101:4261:1120:6380:6106:5103:1160:1556:
201807:RL10702101::
201807:RL10702102:1002:1300:
201807:RL00108101:1002:1440:2252:4501:2250:
201807:RL00101206:3263:3264:3704:1001:1002:3266:3260:3212:3261:3213:3782:3781:3286:3285:3703:1311:3031:3926:3924:3010:3923:3220:3920:3074:3075:3943:3276:1420:3277:3275:3223:6330:1300:1302:3762:3022:8001:3000:3232:3268:3211:3210:3267:
201807:RL00108001::
201807:RL00101913:1002:4205:4520:1550:4392:4103:4393:5511:4097:1702:1440:3220:4051:4132:4151:4131:4235:5601:8112:8110:4192:1449:1116:4171:4101:5502:1715:1716:6107:3931:4242:
201807:RL00101912::
201807:RL00199907:1004:4301:1477:1002:1476:1145:4203:1861:4002:1311:4003:4000:4108:4212:1420:1560:1340:1328:4214:1425:1428:8112:1429:5700:1514:1376:1716:1812:1557:1335:1336:1558:6106:1556:4501:4793:1332:1551:6302:6142:3260:1550:6300:1431:1952:1122:1951:1913:4576:6047:1685:6000:1170:5305:1369:4172:1155:1921:5301:1465:1929:1300:1873:1871:4100:4574:8001:1832:4101:1121:1201:1120:1531:1473:1532:1470:1471:4006:
201807:RL00101911:1003:1001:4331:1002:4127:1443:8112:1300:4000:4171:4108:4101:4111:1440:1460:4511:4501:
201807:RL00199908:1935:1002:1146:1008:1455:1938:1954:1915:1913:1911:4108:4371:6353:1549:4112:6049:4328:4323:1420:6151:4115:6330:1300:5200:8001:4261:6305:1120:6380:6106:4322:
201807:RL00101910:3089:3265:3704:1002:3266:3640:3280:3709:3082:3003:3825:3905:3080:3904:3703:3906:3700:4097:3435:8622:5203:4095:3032:3755:3923:3220:3074:3075:3102:3430:2551:2550:3205:3223:3735:3737:3090:3885:3475:3715:3718:3000:6106:3911:3912:
201807:RL00421303:1001:1002:1328:1938:6106:1300:
201807:RL00421302:1002:1470:1471:
201807:RL00102301:1110:1001:1002:1440:6106:1300:
201807:RL00421304:1003:1004:6460:1001:1002:8123:6353:6352:6351:6350:1389:6355:3921:1344:4650:1420:3100:4651:1328:1425:6358:8112:8110:1036:6305:1044:4501:4850:6448:9018:1332:6109:1910:5140:5109:6302:5107:6301:6300:5104:4125:5105:5557:6342:3761:4370:6371:5111:5110:3750:6430:1300:5901:4100:4101:5100:1470:
201807:RL00421301:1120:
201807:RL00103303:4105:6204:1316:1862:1861:2250:1110:6353:6350:3053:3106:8501:4511:3051:3056:3102:3054:3104:3100:3101:2710:1134:6150:8112:1514:3000:6303:1811:3001:1558:6190:1556:3042:9018:1601:1910:7101:6302:6300:6342:3749:1915:1913:1606:1604:6338:6042:6045:2271:3032:6047:1131:3030:6048:1801:1800:1170:5110:6002:3943:6431:4172:1306:1111:1928:1300:1116:5201:1014:8001:4102:6201:4101:6031:7052:5101:1531:1530:3933:
201807:RL00103301:3500:1910:1002:6302:4189:6802:6142:1550:1951:1913:1911:1912:4371:1702:4611:6315:4212:4211:6472:1542:3920:1480:6471:6475:4311:1185:5223:1328:4216:4714:6152:1929:1300:5200:1116:4101:1716:1120:6380:5103:6106:4501:4321:5123:4322:4336:
201807:RL00103302:1601:1001:1002:3260:5104:1550:1316:1122:1916:2250:1913:1606:1911:4000:4108:1604:1110:1702:6047:4212:1367:1440:6000:1448:3275:1328:1300:1116:1871:4383:1379:3002:1121:6053:1120:6106:4241:1556:1530:1143:4321:9018:1334:
201807:RL00103101::
201807:RL00102502:1002:8112:1480:
201807:RL00102501:1935:1002:1146:1550:1938:1455:1144:6342:1915:1913:4370:1911:4371:3926:5110:4323:1420:4033:4115:6330:5924:1300:5200:4101:4261:6305:1120:6380:6106:
201807:RL00103501:1002:1328:1300:9018:
201807:RLI1418002::
201807:RL00400501:6445:1002:6440:6303:6441:1550:6330:
201807:RL00104004:1004:6440:1008:6142:1953:1009:1916:1311:1606:1912:6357:1801:1462:6062:1307:1945:1920:1949:1465:1328:4214:6330:6152:1300:1852:6036:1810:1716:
201807:RL00102101:1003:1002:1121:
201807:RL00104006:1002:6160:6141:4205:6301:1146:1145:1938:6300:6166:1915:1913:4002:4000:1911:4371:6352:1705:4271:6357:6049:4323:4033:1327:1300:8001:4261:1120:6380:6108:1336:1160:4321:1332:4336:
201807:RL00104005:1002:
201807:RLC2318001:1002:
201807:RL10705001:1935:1002:4205:1954:1913:1911:1912:1110:5801:6357:6049:1440:1542:6432:1445:1185:1920:5223:1926:1111:8112:1327:1923:1116:5200:1871:4171:5506:1832:4101:5501:1811:5500:1120:1812:6107:5103:6106:1556:1332:
201807:RL00400102:1003:1309:1002:1007:1953:1009:1300:1916:1380:1020:1822:6049:1811:1716:6108:1440:1462:1000:
201807:RL00400101:1003:1002:1328:6049:1120:1811:1953:6342:1542:1300:1916:
201807:RL00121103:1119:1003:1002:2710:6106:1300:
201807:RL00400104:1004:1500:1471:1300:
201807:RL00400106:1910:1004:1002:1007:4391:1550:1953:1915:1913:1110:6049:1130:1440:1542:1446:1328:1443:8112:1327:1874:1929:1300:1116:1924:1810:1120:1716:1558:6106:
201807:RL00400105:4172:1004:1001:1002:1550:1440:8112:6106:8110:1300:1302:4576:
201807:RL00100502:1001:1002:1550:
201807:RL00400108:1004:8001:1002:4101:1550:1542:1300:1116:4108:
201807:RL00400107:1002:1822:1550:1801:1460:8112:1542:1300:1344:1302:
201807:RL10702003:4650:4661:1002:6434:2710:4127:4125:4000:4253:6106:4850:4658:4501:4793:5110:
201807:RL00109401:1420:1002:1480:
201807:RL10702002:6350:4651:1002:6357:6372:4392:4850:4398:4370:
201807:RL10702001:6350:4651:1002:4391:4386:8110:4850:4372:4370:
201807:RL00100201::
201807:TR00100502:1910:1002:4205:3749:4001:1110:1460:1542:2710:1134:8112:1300:4746:1116:1302:5201:1400:8001:4605:3000:5101:6107:6106:1160:1471:
201807:RL00110008:1002:1328:1440:6106:1542:1300:
201807:RL00109001:1002:1915:1471:1116:
201807:RL00100301:1910:1004:1002:6302:1550:4125:4106:4108:1702:4614:4271:6047:4611:1500:1801:1542:4326:6110:1307:4172:1947:1921:1139:1328:6150:1443:1300:1929:1923:1116:1871:4574:1121:1120:1335:1812:1558:5103:1530:1556:4321:
201807:RL00100101:1910:1020:1933:1550:6106:1009:1300:1102:1564:
201807:RL00110010:1002:1328:1120:1953:
201807:RL00100102:1004:1002:
201807:RL00107901:1119:1420:1003:1001:1328:1550:4125:1953:1916:1300:6345:1311:4108:8001:1832:6470:6049:1120:
201807:RLJ1818001::
201807:RLA1119001::
201807:RLJ1818005::
201807:RLJ1818002::
201807:RLJ1818008::
201807:RLJ1818006::
201807:RLJ1818007::
201807:RL00103001:1935:1306:1309:1002:6151:6141:4205:1146:1112:1915:1300:1913:1116:1449:1911:1120:6106:
201807:RL00100110:1309:1002:4201:4203:4210:4002:1932:3210:4231:
201807:RL00110001:4391:4791:
201807:RL00109701:1445:1309:1308:1002:1500:7000:1443:1440:6106:1300:3008:
201807:RL00110003:3435:1002:3940:3920:
201807:RL00499902:1004:1002:6106:4501:1344:
201807:RL00110005:1513:1002:1510:1822:1328:1300:1344:1515:
201807:RL00499901:1910:1004:1002:1453:6302:6300:1145:1550:1144:1953:4395:1951:1913:1128:4000:1911:6353:1110:6352:1030:6350:1131:1500:6049:1130:1369:1445:1328:6454:1133:1111:1327:1300:1923:8001:4101:1120:1812:1335:5100:1814:
201807:RLE1718001:1002:4520:4523:
201807:RL00109802:1001:1002:1111:8112:1542:6106:1300:1116:1302:4000:
201807:RL00109803:8001:1021:1001:1022:1212:8112:1300:1102:1342:
