201808:RL00101105:1003:1001:1002:1440:1300:
201808:RL00107001::
201808:RL00101103:1002:
201808:RL00101102:1309:1002:4101:1550:1336:8112:6166:8110:1116:4370:
201808:RL00101101:1002:
201808:RL00100404:1004:1002:1399:1550:6107:1300:1344:
201808:RL00400201:1004:1309:1002:1328:1327:1300:1929:1871:1911:1510:1500:6049:1130:1120:1542:9018:1551:1334:
201808:RL00101203:3110:3704:3741:3111:1002:3112:3087:3085:3260:1550:3900:3709:3082:3782:3081:3781:3703:3700:3070:3985:3435:3030:3130:3220:6000:3921:6002:3133:3113:3135:3117:3710:3090:1300:3471:3161:8001:3919:3913:3000:3002:3915:1470:3912:
201808:RLD1018001:1002:1389:1300:
201808:RL00400203:1560:6033:8001:1004:1445:1328:1441:1716:1316:1862:1300:1163:
201808:TR00010507::
201808:RL00102201:1001:1002:5502:
201808:RL00102401:1002:1328:
201808:RL00103401::
201808:RLC2118001:1001:1460:
201808:RL00102001:1001:
201808:RL00105301:3089:3704:1572:1002:1571:1600:6302:1317:6401:3904:1311:3435:1389:1364:3131:3113:4174:1442:1328:1300:4171:1832:4101:1375:4501:9018:
201808:RL00100807:1004:1001:1571:1002:1130:1120:1443:1112:1440:1300:2251:2250:
201808:RL00106001:3500:8001:4304:1002:2710:4205:6316:1443:1440:
201808:RL00114511:1420:1002:6106:1300:1344:
201808:RL00200901:3500:1445:1001:1139:1002:1328:1444:8112:1300:8001:1375:6316:5501:4110:1120:1716:1440:4151:
201808:RL00100401:1001:1002:1550:1300:
201808:RL00109201:3500:1001:1002:1550:1317:6204:1009:6206:1605:1312:1050:1581:6316:1822:7501:1825:1800:80:1345:1845:1546:1547:1420:6170:1340:5566:8112:1873:1320:5901:1853:1925:6202:6220:8001:1832:6201:5504:5503:5502:6035:6107:1160:6106:1533:1515:1334:
201808:RL00010050:3500:1156:1155:1910:1002:1139:1144:1851:6166:1104:1300:1951:1102:1913:1115:1853:1911:1020:1500:2275:1120:1335:2500:4512:
201808:RL00010051:1755:1001:1002:1752:4340:1300:7031:1023:8001:1021:1022:1120:6108:5101:5100:
201808:RL00100801:1002:1822:1460:1300:
201808:RL00105001:1002:
201808:RL00100802:1002:1822:1300:
201808:RL00100803::
201808:RL00100804:3276:8001:1002:6049:3961:9018:
201808:RL00100901:1718:1002:1703:1328:1018:
201808:RL10799901:3101:1002:4101:3910:1440:6106:1300:1011:9018:
201808:RL00121001:8112:6000:1480:6002:
201808:RL00199915:3101:5108:1002:1328:1953:3081:4393:4171:4110:1120:3920:5103:9018:3943:
201808:RL00400110:1910:1004:1550:1120:1300:1508:
201808:RL00199916:1004:1002:
201808:RL00101802:1420:1138:1002:1447:6150:6166:4734:6345:1320:6167:4000:1911:1118:8001:1549:6357:1685:4250:1825:1440:6000:80:1332:
201808:RL10700002:1309:1002:
201808:RL00104802:1910:1001:1002:4766:4723:4754:4000:4756:4100:4740:4101:4571:5101:4512:6106:4511:4501:
201808:RL10700003:1002:4101:4371:
201808:RL00101909:1001:4031:4095:1007:5101:5121:6106:1300:1480:5303:2515:
201808:RL10700005:1001:1002:4251:1951:
201808:RL10700101:3500:1003:5140:3275:4128:6802:4391:6807:4171:4095:6316:5101:6107:5100:4051:3220:4052:3074:4234:
201808:RL00101906:1445:1572:1002:1571:1442:1550:1454:1300:1913:1116:4171:4000:6350:4101:1389:4110:5101:5100:1440:6106:4501:
201808:RL00400116:1560:1002:4101:4520:5502:1550:1113:6106:1300:1462:1332:1116:
201808:RL00101905:1004:1002:
201808:RL00400117:3113:1560:1309:3722:1002:3710:1550:3082:1300:3700:3142:6106:1462:
201808:RL00400115:1002:1300:
201808:RL00400112:1420:7000:1328:1822:8112:8110:1300:1344:1128:1302:1311:
201808:RL00199917:4661:1002:1007:6302:6300:4125:1144:2252:1110:1549:6350:6357:3755:6049:1542:1170:6062:1187:1186:1185:1184:1134:1183:1180:5700:1116:8001:9111:1120:5100:1160:
201808:RL00130004:6110:1002:1300:
201808:TR00010244:1003:4205:4203:1313:6352:6357:3926:6316:3920:4511:1480:1011:1621:1342:1623:5222:4031:1328:4114:8112:3293:1853:4605:6366:5502:5501:3002:1336:4501:3500:6442:6440:1550:4735:1913:6345:1911:6374:1440:6472:3113:4235:6171:1921:3431:6330:1300:1873:5200:1923:1302:4171:4575:8001:4101:3524:4523:6380:
201808:RL00130001:1138:1549:1001:1002:1500:1440:1300:9018:
201808:RL00104401:1002:6302:1328:1550:4125:1929:1313:1922:1913:6345:1311:1923:4108:4100:1617:5506:6049:1121:6036:1120:1335:1558:1555:9018:
201808:RL00108201::
201808:RL00104804:1002:1550:6342:1913:1103:1549:6045:6047:1822:6049:1460:4211:80:6062:1307:1309:1328:8112:1327:1300:1302:6034:6361:5502:6036:6035:1716:1556:1334:
201808:RL00104803:1004:1309:9029:1002:1716:8112:6106:1300:1701:
201808:RL00107801:1309:
201808:RL00104601::
201808:RL00199902:1935:3216:1002:1008:1455:1938:1550:6342:1915:1916:1913:1911:4371:3926:3030:6049:4212:6472:6062:1011:4323:3104:4217:1420:4174:1328:8112:1300:1320:5200:4171:4101:4261:5500:1120:6380:5103:6106:3930:3267:3210:
201808:RL10702101::
201808:RL10702102:1002:
201808:RL00108101:2220:1002:
201808:RL00101206:1001:1002:3087:3782:3781:3912:1312:1302:3102:3906:3211:
201808:RL00108001:1002:4201:1550:8112:3781:3080:1300:1911:3032:3000:4110:3230:3923:6106:3220:
201808:RL00101913:1002:4205:4520:1550:4392:4393:4097:5511:1702:5517:3220:4051:5221:1920:8112:8110:1300:1449:4101:5502:1715:1120:1716:6107:4501:3931:6030:4242:
201808:RL00101912::
201808:RL00199907:1274:1275:1272:1002:6302:6441:6300:1550:6401:1952:2251:1861:2250:1913:1912:6352:6047:1130:2275:1480:6432:1947:1921:1328:1443:6430:1928:1929:1922:1923:8001:4102:6032:4101:6036:1716:1120:1812:6380:1335:1558:1556:4501:1332:3269:1207:1551:3267:
201808:RL00101911:1003:1910:1001:1002:1442:8112:4736:1300:4109:4000:4171:4575:4740:4101:9111:5101:1440:4511:6106:4501:
201808:RL00199908:1935:1002:1146:1938:1145:1455:1550:1915:1913:1914:1911:4371:1549:6049:4444:4323:6151:1425:4115:6330:5200:8001:4261:6305:1120:6380:
201808:RL00101910:3263:3089:3264:1004:3704:1002:3087:4128:3213:3262:3081:3905:3080:3904:3703:3007:3700:6372:4110:4211:3220:4052:3075:3095:3223:5722:3738:3090:4192:3715:4383:3471:4080:4102:4101:3000:4338:4240:4242:3268:4245:4244:
201808:RL00421303:1001:1002:1328:1938:6106:1300:8110:1311:1342:
201808:RL00421302:1470:
201808:RL00102301:1002:1300:
201808:RL00421304:4650:1910:5140:1002:1389:1471:8123:1300:4850:4370:
201808:RL00421301::
201808:RL00103303:1314:6353:6350:6357:80:4511:6062:3102:1138:5221:2710:1134:1328:1133:1181:6358:8112:3000:1335:1558:6107:1814:6448:1556:3957:1601:1910:6302:7000:7002:1125:1953:3749:1913:1128:1606:1129:1912:1604:6042:6338:1702:6045:5513:5565:6047:1131:1130:6048:1701:5302:1265:1119:1306:8505:1921:5301:1111:1926:1928:6330:1929:1300:5201:8001:4101:1120:3529:5101:
201808:RL00103301:3500:1910:1002:6302:6802:6142:4189:1550:1913:1911:4611:4212:3920:1542:1480:1185:1016:4714:6152:1929:5721:1300:1873:5200:1116:1120:6380:4501:4321:
201808:RL00103302:1601:1602:1001:1002:1148:1550:1316:1916:2250:6345:1913:1912:2275:1440:1367:6000:1480:5303:5221:1448:5223:1443:1926:1300:1929:1617:5506:1614:5502:1120:1335:1531:1532:6106:1530:1556:9018:1000:1334:
201808:RL00103101::
201808:RL00102502:1002:2710:8112:1480:
201808:RL00102501:1935:1002:1455:1550:1938:1915:1913:1911:4371:1604:1702:1500:6049:1621:4323:6330:5200:4101:4261:1120:6305:6380:5121:6106:9018:
201808:RL00103501:1002:1300:
201808:RLI1418002::
201808:RL00400501:8001:1002:1120:1300:1916:
201808:RL00104004:6034:1002:6062:6040:
201808:RL00102101:1003:1002:1121:
201808:RL00104006:1934:1002:1933:6160:6141:4205:1146:1008:6300:1145:1938:1915:1913:1911:4000:1912:1705:4271:6316:6049:1440:4323:4201:1300:1116:1117:8001:4261:1120:6108:1336:1160:3211:4336:3210:
201808:RL00104005:1910:4332:1001:1002:1600:6141:6160:4205:1938:1550:3781:1915:1952:1009:6140:1932:1024:4731:1911:1702:4251:1131:1440:1542:4151:1621:4310:1623:1945:1560:1309:1921:1328:4201:1443:8112:1300:1449:1923:1514:1617:6108:6106:1160:1000:
201808:RLC2318001:1002:
201808:RL10705001:1002:4205:1008:6353:6357:1825:1185:1328:8112:1327:6152:1852:5502:1810:5501:1811:6106:6302:6180:1954:1917:1953:1952:1122:1915:1916:1913:1911:1912:1131:1130:1801:1440:1542:5302:1119:1445:5301:6170:1441:1111:1926:6330:1929:1300:1874:6177:1116:1012:1014:8001:1120:5103:
201808:RL00400102:1002:4021:1007:6049:1811:1953:8112:1300:1916:
201808:RL00400101:1003:1002:6038:1328:6049:1811:1120:1953:6342:1542:1300:1916:
201808:RL00121103:3500:1001:1572:1002:2701:1008:7000:1145:1009:4000:1500:4512:1542:1011:1119:1328:6112:1016:1300:1012:1015:1120:1716:6108:5100:6106:
201808:RL00400104:1004:1500:1471:1300:
201808:RL00400106:1004:1910:1002:1007:4391:1146:1550:1145:1915:1952:2251:1913:1126:1110:1131:1130:1440:1542:1446:1328:1443:8112:1300:1874:1873:1013:1116:1211:1810:1716:1120:1558:1160:6106:
201808:RL00400105:1004:1309:1002:1550:8112:1300:1116:1302:1912:1500:6372:1440:6106:
201808:RL00100502:1001:1002:1550:
201808:RL00400108:1004:1002:4101:1550:1542:1300:1116:4108:
201808:RL00400107:1822:1800:1460:1300:1344:
201808:RL10702003:4650:4661:4651:1002:4127:4125:4000:4370:4253:4101:6106:4501:4850:5110:
201808:RL00109401:1420:1002:1425:
201808:RL10702002:6350:1002:4651:6357:6372:4850:4398:4370:
201808:RL10702001:1002:6350:4651:4391:4392:4850:4370:
201808:RL00100201::
201808:TR00100502:1602:1910:1002:4125:4105:4106:3749:9092:4000:4371:4134:4135:1564:4310:1420:9890:1755:4312:1134:2710:8112:1300:3718:5201:4525:1539:8001:1021:4101:3000:1211:1120:5101:4144:6106:4501:
201808:RL00110008:1002:1328:1542:1300:
201808:RL00109001:1002:1470:1471:1116:
201808:RL00100301:1601:1275:1910:1002:6302:1550:1952:1862:1916:1913:6345:1251:4255:1702:1500:1130:2275:4212:6062:6110:4172:1947:1920:1921:1328:1926:1300:1929:1116:1923:1871:1924:1617:1614:1121:1716:1120:1335:5100:1558:4321:
201808:RL00100101:1020:1910:1933:1550:6106:1009:1300:1102:1564:
201808:RL00110010:1002:5502:1328:1120:1300:
201808:RL00100102:1002:
201808:RL00107901:1003:1004:1001:1309:1002:2710:4205:1550:1327:1300:1916:6345:1302:1311:4108:6033:6470:1500:6049:1811:1120:
201808:RLJ1818001::
201808:RLA1119001::
201808:RLJ1818005::
201808:RLJ1818002::
201808:RLJ1818008::
201808:RLJ1818006::
201808:RLJ1818007::
201808:RL00103001:1306:1309:1002:6151:6141:1008:4205:1328:1146:6180:1915:1300:1913:1449:1116:1911:3000:1120:6106:
201808:RL00100110:1600:1002:6142:4203:6204:1313:1932:4002:1311:1931:1911:6043:1110:1500:6049:6048:1825:80:6062:1829:4231:1920:1309:1921:1328:4201:8112:6177:1873:6034:8001:6220:1042:1715:1518:1534:
201808:RL00110001::
201808:RL00109701:1309:1308:1002:1500:1440:6106:1300:
201808:RL00110003:5601:3730:6431:3100:1002:6430:5722:5201:1110:3935:3435:6305:6380:3940:5100:3920:3930:5102:
201808:RL00499902:1004:1002:6106:4501:1344:
201808:RL00110005:1513:1002:1511:1510:1822:1328:1460:1300:1344:1515:
201808:RL00499901:1910:7000:1008:6300:1550:1145:1144:1125:1913:1128:1911:4001:1131:7063:3011:1130:6049:4053:1440:1542:1564:1369:3100:1306:8505:1111:1113:8110:1300:1013:1116:3971:8001:6303:1120:6108:
201808:RLE1718001:1001:1572:1002:6440:4194:1328:1937:8112:1300:8110:1302:1380:5201:1101:5551:4518:1376:1716:6108:5100:6106:
201808:RL00109802:1306:1560:1309:1002:1478:8112:6106:1542:1300:1471:1116:
201808:RL00109803:1602:6372:8112:1102:1116:1342:
