201803:RL00101105:1002:9017:
201803:RL00107001::
201803:RL00101103:1002:9017:
201803:RL00101102:3500:1309:4031:1002:1328:1550:1316:8112:1300:1116:1911:1110:8001:4101:6316:1336:4501:9017:1000:
201803:RL00101101:1002:9017:
201803:RL00100404:1004:1001:1002:1008:1550:6107:1009:6106:1300:1344:1931:9017:
201803:RL00400201:3500:1004:1002:6160:1911:4000:6318:1500:6316:6049:1130:1825:8500:1542:6062:1011:1508:6040:1309:4174:6151:1328:1927:1327:1929:1300:1922:1116:1923:1871:1830:4575:4101:1510:4571:6481:4523:6036:1120:4501:9017:1551:1334:
201803:RL00101203:1003:3110:1001:3722:1002:3080:3781:3004:1932:3007:3008:3434:3435:3013:3012:1822:3011:3920:1480:3104:3100:6110:3101:3649:3000:3001:6106:9017:3704:3741:6302:3129:6342:3904:3700:3030:6372:6371:1460:6000:3220:3133:3113:3431:3117:1300:3470:3022:8001:
201803:RLD1018001::
201803:RL00400203:1004:1328:1300:9017:
201803:TR00010507::
201803:RL00102201:1001:1002:1300:9017:2515:
201803:RL00102401:1446:1456:1001:4101:1002:1443:6342:1440:1451:2251:9017:1912:
201803:RL00103401::
201803:RLC2118001:1001:1002:1500:9017:
201803:RL00102001:1001:9017:
201803:RL00105301:3002:3011:2603:9017:
201803:RL00100807:1110:1004:8001:5513:1328:6342:1300:1116:9017:
201803:RL00106001:1001:1002:1455:4731:1390:1050:1440:4511:1269:1342:6023:1265:4461:4525:8001:1211:4523:1202:1213:1201:1239:6108:6106:4501:1207:9017:
201803:RL00114511:1309:1002:6106:1300:9017:
201803:RL00200901:3100:1003:1004:1001:1002:4031:3095:9017:4000:
201803:RL00100401:1910:1001:1002:1550:1300:9017:
201803:RL00109201::
201803:RL00010050:1004:1001:1002:7000:1146:1550:1953:6166:1122:1916:1913:6185:1911:6343:1912:1127:1110:1702:1500:6049:1542:1328:1180:8112:6330:1116:6175:1539:1718:8001:1020:7053:4101:6038:4523:1716:1120:1335:1143:5123:9017:
201803:RL00010051:8001:4101:1022:4125:1300:9017:5303:
201803:RL00100801:1001:1002:1822:1300:9017:
201803:RL00105001:1002:1300:9017:
201803:RL00100802:3113:1002:1822:1213:1316:1460:1300:9017:
201803:RL00100803:1002:1455:1443:1440:2251:2250:9017:2261:
201803:RL00100804:1001:1002:1440:4511:9017:
201803:RL00100901:1307:1001:1272:1002:1328:6401:1862:1018:1300:1866:1717:8136:1718:8138:1703:1217:1715:1716:6000:9017:
201803:RL10799901:3100:3101:1910:1002:4101:1440:3220:1480:1300:3061:9017:
201803:RL00121001:1480:9017:
201803:RL00199915:3110:1002:4127:3260:3084:3261:1953:4393:1913:1912:4110:4053:3940:3920:4052:3943:4231:4235:4059:4237:4214:1300:4171:4101:1120:5100:6106:4242:9017:4244:
201803:RL00400110:1003:1004:6350:1550:1120:1443:1366:1440:1300:1380:9017:
201803:RL00199916:1002:1933:1111:1542:1116:9017:
201803:RL00101802:1003:1004:1001:1002:4391:4125:1110:4740:4250:1440:4511:1420:4172:1183:4033:1443:4114:1300:4257:4171:4574:4603:8001:4102:4101:1211:1202:1238:1120:1201:1335:6106:4501:9017:
201803:RL10700002:1002:9017:
201803:RL00104802:1910:1001:1002:4520:6401:4192:1300:8110:4001:4108:4100:4101:4250:4110:6371:5101:4511:4501:9018:9017:4142:
201803:RL10700003:1002:4101:9017:
201803:RL00101909:1003:1001:4031:1007:5105:3083:4115:1103:4000:8001:4095:5101:5100:5103:5121:2510:1480:5102:4005:5303:9017:2515:
201803:RL10700005:1001:1002:4251:1951:9017:
201803:RL10700101:1003:3500:3704:4128:4127:6802:4391:6807:3781:4097:4096:4095:6316:4052:4234:3074:3945:3100:3101:3275:3223:3650:4171:8001:4124:3002:4123:5101:5100:6107:9017:
201803:RL00101906:6110:1445:1442:1328:1550:1300:1913:4000:4171:4101:1389:1120:4110:1440:1364:1143:4501:9017:
201803:RL00400116:1003:1560:1002:6151:4520:1550:1113:1300:1116:4171:4101:1120:6106:1462:1332:1551:9017:
201803:RL00101905:1002:1300:9017:
201803:RL00400117:1309:1002:1600:1550:1300:8001:6000:6106:1337:1462:9017:1551:1173:
201803:RL00400115:1002:4111:1337:1300:9017:1551:
201803:RL00400112:1110:1307:1550:1716:1926:1113:1300:3144:1344:1116:9017:
201803:RL00199917:4661:1185:1002:6302:6300:4125:4106:1037:4101:6350:4571:5100:6000:4501:9017:
201803:RL00130004:6110:1002:1300:9017:
201803:TR00010244:1003:6160:4205:3080:2251:4752:2250:1110:6352:4519:3926:6357:6316:4511:3920:1480:4151:1011:1621:1342:1623:5222:1420:2220:4031:6151:1328:4114:8112:3293:6152:1853:4605:6366:4261:1810:6305:4501:4321:1332:9017:3500:4332:4331:6302:1550:4735:6345:1913:1911:4370:4371:6374:1440:3113:4235:3431:4765:1111:1300:6177:1302:4171:4575:8001:4101:3524:4571:4523:1120:6380:3931:4529:4336:
201803:RL00130001:1002:1440:1300:9017:
201803:RL00104401:1001:1002:1550:1006:1144:6401:1122:1952:1916:1913:4000:1549:4272:4254:6047:6049:1130:4033:1328:1327:1300:1929:6152:1854:1923:6157:8001:1716:1120:1335:1812:1558:1555:1556:9018:1000:9017:
201803:RL00108201:1002:9017:
201803:RL00104804:3113:1307:1309:1002:3117:1328:1550:6342:6311:4171:1830:8001:4101:3000:1822:1715:3002:1716:1120:1460:3142:9017:1334:
201803:RL00104803:1110:1003:1307:1001:1002:1041:1715:1716:1364:1480:1556:9017:
201803:RL00107801:1309:1002:9017:
201803:RL00104601:1002:9017:
201803:RL00199902:3110:1910:1002:1008:1146:1550:1938:1455:6342:1915:1913:1950:6343:4371:6353:6357:3926:4212:6472:3921:4323:3104:4213:4316:8112:1300:5200:4101:4261:1120:6380:6106:1160:5103:1556:9017:
201803:RL10702101:8505:1001:1235:1002:1550:1460:8501:1300:4000:9017:
201803:RL10702102:1002:1300:1302:9017:
201803:RL00108101:1002:1443:1440:2251:4501:2250:1116:9017:
201803:RL00101206:3100:3101:3704:1002:3081:3781:1300:3278:3926:3030:3924:3220:3920:6106:6000:3931:9017:3268:3211:3267:
201803:RL00108001:1002:4201:1550:4110:8112:6106:1300:9017:1911:
201803:RL00101913:6110:4331:1002:4520:1550:4104:4576:1449:4107:4543:4097:4102:4101:4571:4501:9017:
201803:RL00101912::
201803:RL00199907:6122:1002:1318:1144:1316:1825:80:1947:1949:1328:4115:6152:6157:1715:1716:1335:1558:1556:9017:1551:3500:1910:1456:5104:1550:1918:1953:1952:1122:1916:1913:6185:1549:4272:1130:4532:3940:1307:1119:1111:1926:1929:1300:1873:1922:1923:1012:1116:1871:1539:4100:8001:1120:
201803:RL00101911:1003:1602:1004:1001:1002:4021:6807:4736:1313:4393:1312:1311:4000:4001:4108:1110:1440:1460:4131:1307:4172:1328:1465:1443:1926:4115:8112:1300:1922:1302:1923:1924:4171:8001:6032:4101:1715:1716:6107:6106:5103:4501:9017:
201803:RL00199908:1935:1002:6141:1146:1938:1550:1455:6342:1952:1915:1913:1911:4371:6353:1549:6351:4253:6350:4251:6357:6049:4323:4313:6151:4033:1035:4115:6330:1929:1039:1013:5200:1514:4101:4261:6303:6480:6305:1120:6380:6106:1000:9017:
201803:RL00101910:3089:3704:3722:3782:3781:3286:3703:3034:3030:3923:3074:3075:3100:3101:2550:3018:3716:3762:4102:4101:3000:3002:6107:6106:2541:9017:3267:3046:
201803:RL00421303:1001:6122:1002:1328:6300:1938:1300:8110:8001:6037:5100:1364:6106:6062:9017:
201803:RL00421302:1002:1571:1500:1550:1472:1009:6106:1471:1300:9017:
201803:RL00102301:1001:1002:1300:9017:
201803:RL00421304:1003:1004:1910:4304:1001:1002:4129:6300:6807:4395:6342:8121:8123:4000:4001:4108:1843:6353:6350:6357:1389:4153:6370:1364:80:4151:6478:4131:4314:1485:1444:1363:8112:6330:8110:1018:1036:4192:1300:4171:1044:1377:6106:1470:4321:9018:4336:9017:
201803:RL00421301::
201803:RL00103303:1004:1935:1001:1002:1933:3479:1931:1665:1667:4110:3053:4511:80:6062:3102:1342:1187:1139:1340:1134:2710:1328:6310:8112:1327:3000:1375:1716:1618:1335:1557:1558:6107:1814:6106:9018:9017:1551:3500:1910:6445:3741:1600:6302:5107:1550:6143:6342:3749:1916:1913:3025:1911:1912:1549:5516:6047:1500:3030:1131:1130:6048:3940:1440:1306:1309:1921:6430:1443:1926:1927:1928:1300:1929:1873:1923:1116:1449:3471:1871:5201:1118:8001:4102:4101:1121:6036:1120:5101:5100:5103:1160:
201803:RL00103301:1002:4205:4203:2709:4000:2708:1110:4519:4611:6315:4212:4153:3920:1480:1185:4312:6151:1328:4316:6152:4605:1716:4501:4321:9017:4333:3500:1910:4331:6302:4189:6802:6142:1550:4775:1951:1913:4370:1911:4371:3940:1542:4174:1441:1443:4714:1300:1929:1116:1923:4102:4101:1120:6380:4338:5103:4336:4337:
201803:RL00103302:1910:1001:1148:1002:6302:1550:6342:1916:4000:1702:3751:3752:3758:1130:1440:1542:1173:6433:1448:1139:1328:1443:6430:4115:1300:1929:1116:1923:1871:3022:3936:1120:1558:6106:5103:1160:4501:9017:1551:
201803:RL00103101:1572:1571:1002:1328:1716:1111:1364:9003:9017:
201803:RL00102502:6351:1002:8112:1480:9017:
201803:RL00102501:1002:1921:1938:8112:1036:8110:1922:1923:1012:1912:2708:1702:8133:1212:1120:1701:9017:
201803:RL00103501:1003:1002:4272:1300:1551:1911:9017:4171:
201803:RLI1418002::
201803:RL00400501:1002:9017:
201803:RL00104004:1945:1119:1935:1004:1001:4219:1002:1921:1949:4214:1953:1916:1913:6157:6042:1120:9017:
201803:RL00102101:1003:1002:1121:9017:
201803:RL00104006:3110:1002:6123:6160:4205:1146:1008:1938:1145:1937:1047:6166:1009:2709:4002:4003:1931:4000:4001:6353:6352:6357:6355:1564:4310:1947:4313:4031:6151:6150:4033:8112:4115:1327:6152:8110:6303:4261:6108:1336:6106:1556:4322:9017:3211:1910:4332:6141:6302:6301:6300:1455:6401:1915:6140:1916:1913:1911:4273:1705:4271:1702:6049:4323:1446:3223:4201:1928:6330:1300:1013:5200:1116:1015:1014:8612:8001:4101:1120:6380:1160:4336:
201803:RL00104005:3110:1002:6160:4205:1146:1145:1938:4203:4393:1932:6353:6357:4251:4112:4110:4212:3920:4310:5115:1185:6151:1328:4033:6112:4115:3090:8112:6152:1853:4412:4421:6305:1141:4220:6106:1143:4321:9017:1000:4332:1910:6302:6141:1455:6143:1550:6342:1918:1915:1952:6140:1916:1913:1914:1911:1126:4371:1549:1702:6049:3943:1309:1447:4201:1112:1300:1873:5200:4282:4101:1120:6380:5101:5103:1160:4242:4336:
201803:RLC2318001:1002:9017:
201803:RL10705001:1002:4205:4033:8112:1116:1911:8001:4101:1120:6380:1440:1542:9017:
201803:RL00400102:3500:1003:1004:1001:4206:1002:1571:4021:6302:1007:1008:1144:1953:1916:4000:4001:1844:1030:6318:8182:1822:8181:6049:1440:1480:3104:5221:6151:8112:6330:1327:1300:1116:1020:6303:1811:1120:5100:5103:6106:1000:9017:
201803:RL00400101:1003:1002:4101:6049:1120:1811:1953:6342:1916:1300:9017:
201803:RL00121103:1003:3500:1936:1004:1002:7000:1048:8112:1102:1116:4000:4001:1912:1110:8001:7063:1377:6106:9018:1000:9017:
201803:RL00400104:1004:1001:1002:1500:1471:1300:1344:9017:
201803:RL00400106:1910:1004:1002:1007:1550:1915:1952:1913:4000:4108:1110:1440:1542:1364:1011:1328:1443:8112:1327:1874:1300:1116:1810:1716:1120:6106:9017:
201803:RL00400105:1003:4172:1001:1002:1550:1443:1300:4576:4000:4574:4575:1235:1238:6106:4501:9017:
201803:RL00100502:1001:1002:1550:9017:
201803:RL00400108:1004:8001:1002:1328:1550:1336:4037:1542:1300:1116:9017:4108:
201803:RL00400107:1307:1822:7000:1431:1550:7002:1460:8112:1542:1300:1344:9017:
201803:RL10702003:4650:1448:1001:1002:4127:4125:4000:4370:4101:1440:4501:4850:5110:9017:
201803:RL00109401:1945:1420:5221:1002:1440:4714:1300:1480:1913:1332:9017:
201803:RL10702002:1001:3741:4651:1002:4589:4393:4398:4731:4370:1101:1514:4100:8001:6350:9034:6355:6372:6108:6107:1558:6106:4850:4793:9017:
201803:RL10702001:1002:6350:4651:4391:4386:4850:4370:9017:
201803:RL00100201::
201803:TR00100502:1910:8530:1002:3905:3080:2708:1110:3034:3030:1822:1440:8500:3923:4511:1309:2710:1134:1180:8112:1300:1116:8001:4102:4101:3000:6303:3020:1120:5101:6106:9017:
201803:RL00110008:1002:1500:6106:1300:9018:9017:
201803:RL00109001:1002:1915:1470:1471:1116:9017:
201803:RL00100301:1456:1910:1571:1002:6302:1550:4125:1862:1952:2251:1913:6185:4000:1702:4272:6047:1500:6049:1130:3940:1440:4511:1508:6110:1947:1921:1949:4033:1328:1443:4115:1327:6152:1300:1929:1922:1923:1116:6157:1852:4101:1120:1335:1558:1556:9017:1551:
201803:RL00100101:1910:1020:1933:1550:6106:1009:1300:1102:9017:1564:
201803:RL00110010:1001:1002:9017:
201803:RL00100102:8001:1002:8112:1300:9017:
201803:RL00107901:1003:1001:1002:4000:4108:1110:1500:4250:6370:4153:6000:1542:4151:6002:4131:1119:4194:1328:1111:1327:1300:1871:4171:1832:1399:4101:1120:4501:9017:
201803:RLJ1818001::
201803:RLA1119001::
201803:RLJ1818005::
201803:RLJ1818002::
201803:RLJ1818008::
201803:RLJ1818006::
201803:RLJ1818007::
201803:RL00103001:1935:1001:1002:6160:4205:1146:1938:4000:6353:6357:4311:1560:6151:1328:6152:6106:4321:9017:4332:1910:4331:6302:6141:6300:4125:6807:6342:1915:1952:1951:1913:1911:1912:1705:1131:1500:3940:1440:4323:1306:1309:6430:6330:1300:1449:1116:1012:4101:1120:6380:5100:6030:4336:
201803:RL00100110:1050:1309:1002:1600:1328:1327:6106:1300:1342:9017:
201803:RL00110001:4391:4791:9017:
201803:RL00109701:1309:1921:1308:1002:1500:1440:6106:1300:9017:1534:
201803:RL00110003:3100:3435:5140:1002:3705:3223:1328:1300:9018:9017:5201:
201803:RL00499902:1004:1002:1550:6106:4501:1344:9017:
201803:RL00110005:1003:1572:1571:1002:1822:1328:1716:1344:9017:
201803:RL00499901:1936:1910:1001:1002:1933:1433:6302:4126:4125:6807:1915:1122:1128:1913:1931:4003:1126:1911:1110:1549:1131:1500:1130:6049:1440:1542:1560:1306:1920:1328:1111:8112:1300:1923:1116:8001:4101:6053:1120:9017:
201803:RLE1718001::
201803:RL00109802:1309:1001:1550:1300:7031:1110:4101:1716:1160:4511:1161:9017:8600:
201803:RL00109803:1004:1001:1002:1550:8112:4192:1102:4000:6350:6316:6315:1342:9017:
