201806:RL00101105:1002:
201806:RL00107001::
201806:RL00101103:1002:
201806:RL00101102:1420:1309:1002:4205:1550:8112:8110:1018:1116:1911:4255:8001:4101:1542:1332:
201806:RL00101101:1002:
201806:RL00100404:1004:1002:1550:6107:1344:
201806:RL00400201:1004:1309:1002:6302:1328:1300:1929:1913:1911:1871:1510:1500:1130:6049:1120:6000:1551:1334:
201806:RL00101203:1003:1001:1002:3824:3085:4105:3080:3781:3286:4000:3920:2574:3921:3055:6110:3101:3038:4080:3919:3000:3913:3915:3001:3910:3911:3912:3741:1913:3985:3034:3982:3031:3030:4053:6000:4051:3113:4175:3431:3223:4436:1300:3471:3022:4102:4101:3020:3065:3066:3067:
201806:RLD1018001:1001:1002:1389:1300:
201806:RL00400203:1306:1004:1832:1389:1460:1300:2250:
201806:TR00010507::
201806:RL00102201:3500:1001:1002:1300:9018:2515:
201806:RL00102401:1002:
201806:RL00103401::
201806:RLC2118001:1001:1002:
201806:RL00102001:1001:1443:
201806:RL00105301:1935:1571:1002:1374:1363:1443:1316:8112:4741:4743:1300:4734:8110:4000:4171:4740:8001:9029:4585:4101:1715:1120:1364:4501:
201806:RL00100807:1910:1001:1571:1550:1112:1300:1110:8001:1500:6064:1130:6049:2275:1120:1460:6062:
201806:RL00106001:3500:1002:2710:1443:8112:1300:1253:8001:2255:6316:1238:1259:1440:1000:1547:
201806:RL00114511:1001:1309:1002:6150:1440:6106:1300:2250:1344:
201806:RL00200901:4798:4507:4575:1002:4571:4531:4792:4722:
201806:RL00100401:1001:1002:1550:1300:
201806:RL00109201::
201806:RL00010050:1004:1002:6302:4391:1550:1145:6807:1861:1913:1103:1912:1110:6350:6047:1389:1500:6049:4110:1848:1138:6432:1300:1012:8001:1020:4101:6038:6036:8134:1120:3145:1530:
201806:RL00010051:1003:1755:1754:1001:1002:1753:7000:5566:8112:1300:8110:5700:8129:8001:1021:1022:6108:5101:4052:9018:
201806:RL00100801:1002:1822:1314:1300:
201806:RL00105001:1002:
201806:RL00100802:8001:1002:1822:9111:1316:1460:1300:1000:
201806:RL00100803::
201806:RL00100804:1002:4511:
201806:RL00100901:1718:1002:1328:1327:1862:1018:
201806:RL10799901:3101:4101:1002:5103:
201806:RL00121001:4110:1480:
201806:RL00199915:3500:3110:1910:1002:4127:3260:3084:3261:6807:1953:3782:4393:1702:3030:4110:4053:3940:3920:4052:3074:3943:4231:4235:4059:4237:4171:3002:1120:5100:6106:4240:4242:4244:
201806:RL00400110:1004:1001:1550:1120:1366:1953:1300:1380:
201806:RL00199916:1933:1002:6311:1300:
201806:RL00101802:1002:4105:9018:
201806:RL10700002:1002:1300:
201806:RL00104802:1910:1001:1002:4101:6302:5101:4511:4501:1300:1931:
201806:RL10700003:1002:4101:4371:
201806:RL00101909:1001:1600:4129:1007:1431:6342:4393:4109:1311:4000:4001:1702:4095:4511:1480:4174:4031:1328:4387:1116:4171:8001:4101:6305:5101:6106:5121:2515:4142:
201806:RL10700005:1001:1002:4251:1951:
201806:RL10700101:1003:3500:5140:3704:4128:4391:6802:6807:4393:4003:1110:4095:6316:3220:4051:4052:4234:3074:3275:3223:1111:4171:3022:4101:6107:5100:4241:
201806:RL00101906:1442:1550:1300:1913:1116:4171:4000:4101:1389:4110:1440:6106:4501:
201806:RL00400116:1560:4101:1002:4520:1550:6106:1113:6062:1462:1300:1116:1332:
201806:RL00101905:1002:1007:6106:
201806:RL00400117:1309:1002:1550:6106:1300:1462:
201806:RL00400115:1001:1002:1300:
201806:RL00400112:1420:1572:1328:7000:6401:8112:1327:1300:1873:1311:1116:8001:1822:1716:1331:
201806:RL00199917:1004:4661:1185:1002:4651:6302:1133:1465:6300:6342:1125:1112:1113:6362:6350:1120:1335:5100:6000:1551:4654:1534:1334:
201806:RL00130004:6110:1002:1300:
201806:TR00010244:1003:4205:4395:1311:4000:6352:6318:6357:3926:3013:6316:4211:4511:3920:1480:4151:1011:1621:1342:1623:5222:5221:4031:1328:4114:8112:3293:4605:6366:3002:1336:5121:4501:4321:9018:3500:6142:6802:1550:4735:6345:4370:1911:6374:1440:6472:3113:4235:6171:3431:5301:1300:1922:1449:1302:4171:4575:8001:4101:3524:4523:1120:5101:6380:5103:4337:
201806:RL00130001:1138:1560:1004:1002:1500:1052:1685:1145:1440:1300:
201806:RL00104401:1002:1550:4203:1122:1952:1861:1913:6047:4112:6049:4211:6062:1307:1328:4201:1927:1929:1922:1923:1924:1925:6032:6031:6038:6037:6036:1121:1716:1120:1335:1812:1558:1814:6106:1556:1000:
201806:RL00108201::
201806:RL00104804:1138:3113:1572:1309:1571:1002:1328:1550:6342:1915:1300:1913:1116:1103:6361:1822:6049:1120:1460:1440:6062:1334:
201806:RL00104803:6432:1309:1002:1716:6106:1300:
201806:RL00107801:1309:1001:1440:6106:1300:1342:
201806:RL00104601::
201806:RL00199902:1002:6141:6302:1146:1008:1938:6300:1550:1455:1006:6342:1915:1916:1913:4003:1911:4000:4731:4371:1912:3926:6049:4212:6472:4323:3104:4172:5221:6433:4312:4033:8112:1327:6330:1300:5200:4171:4100:4101:4261:6303:1120:6380:5103:1160:6106:3930:5123:
201806:RL10702101:1002:1716:
201806:RL10702102:1002:1300:
201806:RL00108101:4043:2270:8001:1002:4520:1044:1440:1037:1300:2251:4501:2250:
201806:RL00101206:6110:3089:1002:3205:3280:3650:3781:1313:1300:1312:1302:1311:3700:3022:1832:3920:3211:1342:
201806:RL00108001:1560:1002:4201:1550:8112:1874:1300:1873:1872:1871:1911:6338:6315:4110:6106:
201806:RL00101913:1001:1002:4205:4520:1550:4125:4203:1953:4392:4393:1843:5511:4097:1702:4635:4051:3220:4235:1119:8112:1300:8110:1116:1449:4171:4101:1715:1716:6107:4501:3931:4793:4242:
201806:RL00101912::
201806:RL00199907:1003:1004:1002:1861:2251:2250:4003:3923:3920:3100:1138:3101:1560:1856:1328:3294:1514:1715:1716:1335:1812:6108:1558:1336:1814:1551:1000:3260:1550:1952:1122:1913:4576:1844:1130:3940:1440:6000:1170:1307:1921:3275:1928:1874:1929:1300:1922:4574:8001:4575:6032:6038:6037:1121:6036:1120:3269:
201806:RL00101911:1003:1002:1328:4115:8112:1300:1923:4000:4171:8001:4102:4101:4571:9112:9111:1716:1460:4502:1462:4501:
201806:RL00199908:1935:1002:6440:1146:1455:1938:1550:1915:1913:1911:4371:6353:1549:4633:6319:3926:6049:4110:1919:6472:4232:4323:6151:4033:4191:4436:4115:6330:1929:1300:5200:5202:4101:4261:1120:6305:6380:3066:1160:3930:9018:3269:
201806:RL00101910:3500:3101:3264:3275:3705:3223:6802:3261:3082:3000:3926:6107:3920:6106:3220:
201806:RL00421303:1002:1328:1938:6000:6106:1300:1471:1344:1302:
201806:RL00421302:6106:1470:1471:1300:
201806:RL00102301:1002:1444:1440:1300:5211:
201806:RL00421304:1003:1004:1001:1002:1318:5911:8123:4000:4396:1389:4251:4310:1623:3100:1134:4191:8112:8110:1716:5500:7551:6107:1558:6106:1331:1332:9018:1000:1910:5140:6802:5107:1550:5104:5557:1915:4576:4370:1440:5113:1367:1542:1364:5111:4387:6330:1300:1013:1302:5901:1923:4711:8001:1832:5100:1470:
201806:RL00421301::
201806:RL00103303:1910:1934:1002:6300:1937:3749:1314:3904:1913:1931:3025:3012:1131:6315:1801:3010:3940:3222:4511:3920:1480:6062:3103:3102:6040:1306:1560:3431:2710:1134:1926:8112:1300:1929:1923:5201:8001:4102:6031:4101:3000:6303:1120:1812:5101:1558:1470:1814:
201806:RL00103301:1002:4203:4105:4754:4611:3924:6315:4212:4211:4210:3920:1480:4151:1342:4311:1185:5223:2710:1328:4033:4216:4589:6152:4501:5123:4321:3500:1910:4331:6302:4189:6142:6802:1550:1915:1913:1911:4371:6471:6475:3943:4174:1921:4714:1300:1929:1922:1873:1116:5200:4574:4101:1120:4338:6380:5103:4336:4337:
201806:RL00103302:1001:1148:1002:6302:4021:6464:1431:1550:1316:1953:2252:1952:1916:1913:2250:1911:6044:6470:4212:1440:6000:6002:6432:1185:1139:1328:1443:6358:1929:1300:1116:1923:1514:1121:6036:1120:1531:1532:6106:5103:6448:1471:1530:4242:4244:1334:
201806:RL00103101:1460:
201806:RL00102502:1002:8112:1480:
201806:RL00102501:3110:1001:1002:1147:1455:1938:1918:1009:1915:1913:1500:3102:4323:1921:1139:4033:1018:1038:1923:5200:5201:1020:4101:4261:1120:6380:5121:6106:1160:4005:
201806:RL00103501:1616:1571:1002:1550:80:6062:1300:2250:4000:1000:1551:
201806:RLI1418002::
201806:RL00400501::
201806:RL00104004:1601:1945:1004:1920:1921:1949:1008:4214:6142:1953:1009:1300:6152:1916:1606:1852:1810:6062:
201806:RL00102101:1003:1002:1121:
201806:RL00104006:1910:1002:6160:6141:1146:6301:4205:1455:1550:6300:1145:1938:4105:1953:1915:1916:4002:1913:1911:4370:4000:1705:4271:4113:1520:3940:6472:1542:4323:3943:4033:1300:1302:5200:4261:1120:6380:6108:6107:1336:1160:1161:4336:
201806:RL00104005::
201806:RLC2318001:1002:
201806:RL10705001:1457:1002:6141:6302:4205:1550:1953:1913:6185:1911:1912:1801:1440:1542:1446:1185:1920:1447:8112:1929:1874:6152:1873:1116:1923:1852:4261:1811:1120:1812:1450:
201806:RL00400102:1002:1007:6049:1811:1440:1953:8112:6106:1300:1916:4000:
201806:RL00400101:1003:1002:6049:1120:1811:1953:6342:1542:1300:1916:
201806:RL00121103:1003:1119:1148:2710:6106:1300:
201806:RL00400104:1004:1500:1300:1471:
201806:RL00400106:1004:1910:1002:1007:1550:1915:1913:1110:1130:1440:1364:1542:1328:1443:8112:1327:1874:1300:1116:1810:1716:1120:1558:6107:6106:
201806:RL00400105:1004:1001:1002:1500:1550:1300:1344:2250:4576:
201806:RL00100502:1001:1002:1550:
201806:RL00400108:1004:1002:1550:1542:1300:4108:
201806:RL00400107:1002:1433:1550:8112:1300:1302:1110:1032:1399:1822:1460:1542:1208:1344:1342:1334:
201806:RL10702003:4650:4253:4661:1002:2710:4127:4125:6106:4501:5110:4000:
201806:RL00109401:1002:
201806:RL10702002:6350:1002:4651:6372:4850:4398:4370:
201806:RL10702001:4651:1002:6350:6357:4391:4392:4850:4372:4370:
201806:RL00100201::
201806:TR00100502:1602:1910:7101:1002:4205:7000:7001:3749:1913:1052:4212:1440:1542:3131:3943:3101:1921:2710:1134:6151:3135:6150:6430:8112:6330:1300:1923:5201:8001:4605:7052:4101:3000:5101:5121:6106:9018:1000:
201806:RL00110008:1306:1309:1002:1328:1363:1044:1120:6106:1542:1300:1941:1103:
201806:RL00109001:1002:1915:1470:1471:1116:
201806:RL00100301:1910:1571:1002:6302:1550:1953:4377:1862:1122:1952:6167:6351:1702:6047:1130:4212:1800:6062:6110:1307:4172:1155:4033:6150:1328:1181:1929:1300:1873:1923:1116:1302:1871:4171:1514:4571:1716:1120:1812:1335:1558:1814:1143:1556:
201806:RL00100101:1910:1020:1933:1550:6106:1009:1300:1102:1564:
201806:RL00110010:1002:1120:
201806:RL00100102:1004:1002:1103:
201806:RL00107901:1003:1001:1002:7000:1008:1550:1953:1916:6345:1129:1911:4000:4108:1110:6470:4112:6049:6370:1542:1119:4235:6151:4033:1328:1111:1300:8001:4101:6038:1811:1120:
201806:RLJ1818001::
201806:RLA1119001::
201806:RLJ1818005::
201806:RLJ1818002::
201806:RLJ1818008::
201806:RLJ1818006::
201806:RLJ1818007::
201806:RL00103001:1910:1002:6141:1146:6142:4205:1915:1913:1911:1912:5221:1306:1309:6151:6150:1927:1300:5200:1449:1116:4100:4101:1120:6106:9018:
201806:RL00100110:1309:1002:3131:
201806:RL00110001:4391:4791:4398:
201806:RL00109701:1309:1308:1002:1500:4114:1440:6106:1300:6062:2250:
201806:RL00110003:1001:5223:1002:3223:5201:3521:5205:3435:5506:5203:5516:3924:3940:3923:3220:3920:3911:
201806:RL00499902:1004:1002:6106:4501:1344:
201806:RL00110005:1002:1300:
201806:RL00499901:1003:1910:4304:1002:6300:1550:1145:1144:1316:4701:1916:1128:1913:1914:1911:4000:1126:1110:1030:6350:1131:1500:1052:1130:6049:1440:1542:1480:1369:1560:1921:1328:1111:6152:1300:1874:1922:5700:1923:8001:1811:1120:1812:1558:5100:1000:1552:
201806:RLE1718001:2560:1001:2220:8622:1002:7063:7000:7108:1440:1104:6106:
201806:RL00109802:1001:8112:6106:1542:1300:1471:1116:
201806:RL00109803:6351:8112:1300:1471:1102:1564:1342:
