201804:RL00101105:1002:9017:
201804:RL00107001::
201804:RL00101103:1002:9017:
201804:RL00101102:1309:1002:4213:1550:3709:8112:1300:1311:1116:4000:4370:4255:8001:4101:4250:1336:6000:1518:1331:9017:
201804:RL00101101:1001:1002:1300:9017:
201804:RL00100404:1004:1002:1550:6107:1344:9017:
201804:RL00400201:1004:1309:1002:1328:1929:1300:1116:1911:1871:1843:1510:1822:1500:1130:6049:1120:1542:9017:1551:1334:
201804:RL00101203:1003:3704:1001:3111:3741:3112:1002:3900:3005:3782:3902:3904:3703:3700:3435:3013:6000:3220:3920:3100:3113:6110:3101:3275:3431:3223:3117:3811:3710:3294:5983:1300:3716:1116:3471:3717:3022:8001:3000:3002:3020:3142:3145:3269:9017:1000:
201804:RLD1018001:1002:1041:1389:1300:9017:
201804:RL00400203:1004:1300:9017:
201804:TR00010507::
201804:RL00102201:1002:2710:1300:2515:9017:
201804:RL00102401:1446:1456:1935:1445:1947:1448:1002:1442:1949:4189:1948:1443:6342:1125:4171:1702:4262:1120:1440:1451:9017:
201804:RL00103401::
201804:RLC2118001:1001:1002:9017:
201804:RL00102001:1001:9017:
201804:RL00105301:8001:1001:1185:1002:6350:2603:3076:1300:4000:9017:
201804:RL00100807:1004:8001:5513:1328:6342:1300:6062:9018:9017:
201804:RL00106001:1002:2710:9017:
201804:RL00114511:1309:1002:6150:6106:1300:9017:
201804:RL00200901:1004:1306:1001:1002:1571:1328:1318:1006:1327:1300:1313:1018:4002:4551:1311:1390:1020:1500:1375:1715:1120:5103:4151:9017:
201804:RL00100401:1306:1001:1002:1550:1300:1116:9017:
201804:RL00109201::
201804:RL00010050:1004:7006:1002:6358:1953:8112:6166:1300:1916:1913:6353:1020:6045:7052:6350:6357:6049:6053:1120:9017:
201804:RL00010051:8001:1021:1022:1271:8112:1300:8110:1311:9017:1023:
201804:RL00100801:8001:1002:1822:1300:9017:
201804:RL00105001:1002:7000:1500:7001:1300:9017:
201804:RL00100802:8001:1002:7000:1822:1460:3142:1300:9017:
201804:RL00100803:3430:1002:9017:
201804:RL00100804:1002:4511:8110:9017:
201804:RL00100901:1002:1283:6401:1316:1862:1327:1018:1866:1717:1718:1235:1211:9017:
201804:RL10799901:3101:1002:4101:1440:1300:9017:
201804:RL00121001::
201804:RL00199915:3110:1002:4127:3260:3084:3261:5105:1953:4393:1702:4110:3940:4053:3920:4052:4231:4235:4059:4237:1328:4214:5200:4171:1716:1120:5101:5100:6106:5103:4242:9017:4244:
201804:RL00400110:1004:4101:1121:1550:1120:1366:1122:1300:1380:9017:
201804:RL00199916:1002:1933:6106:1311:9017:
201804:RL00101802:4331:1002:4125:4000:4212:4153:3106:4619:4514:3113:4650:4219:5301:4031:1300:6152:4383:8001:4101:5501:6108:5100:6106:4501:9017:
201804:RL10700002:1002:1300:9017:
201804:RL00104802:1910:1001:1002:4205:1300:1923:4171:4101:5101:4212:4211:4511:4501:1342:9017:
201804:RL10700003:1002:4101:9017:4371:
201804:RL00101909:1001:1921:4031:1007:1328:4114:1300:4101:4095:1521:5101:1849:5121:1480:2515:9017:
201804:RL10700005:1001:1002:4251:1951:9017:
201804:RL10700101:1003:3500:5140:1001:4128:6802:4391:6300:6807:1101:1110:4095:6316:3220:4051:4052:3074:4234:3275:1111:4171:1120:5101:5100:6107:6106:5102:9017:
201804:RL00101906:1550:1454:1006:1913:2250:4000:1110:1389:4110:1440:1542:1364:4151:6110:1442:1328:1111:1300:8110:1116:1118:4101:1120:4501:1162:9017:
201804:RL00400116:1560:4101:1002:4520:1550:1113:6106:1300:1332:1116:9017:
201804:RL00101905:1003:1935:1002:1300:1311:9017:
201804:RL00400117:1309:1002:1328:1550:6106:6000:1337:1462:1300:6002:1911:9017:
201804:RL00400115:1002:1550:1300:9017:
201804:RL00400112:1307:1571:1308:1328:7000:7001:1550:1926:1113:1300:1116:1110:1716:3144:1344:9017:
201804:RL00199917:1185:4661:6350:1002:6302:6357:6300:5100:6000:6002:9017:
201804:RL00130004:6110:1003:1001:1002:1300:9017:
201804:TR00010244:1003:1149:1148:1147:6160:4205:4754:2251:2250:6352:6350:3926:6357:6316:1822:4111:4212:3920:4511:4151:1480:1011:1621:1342:1623:5222:6451:4031:6151:1183:6150:1328:1851:4114:8112:1327:3293:8110:4746:4745:1853:4605:6366:1812:1336:4502:4501:9018:9017:3500:4331:6141:6802:1550:4125:4735:1913:6345:4370:1911:1024:4371:4740:6375:6374:6372:6370:1440:1509:1156:4235:1155:6171:3431:9997:4765:1300:1873:1923:1302:4171:1020:4575:8001:4101:1674:3524:4523:1121:1120:6380:
201804:RL00130001:1002:1440:1300:9018:9017:1564:
201804:RL00104401:1003:1002:4205:1144:1316:1314:1861:4108:1110:4212:4211:4151:6062:1138:1328:1327:6157:1853:1852:1514:4507:1511:6053:1812:1335:6052:1558:1555:1556:1553:9018:9017:1551:4505:1552:3500:1550:1917:1953:1952:1122:1951:1913:1912:1702:6047:1130:6049:6000:1307:1442:4201:1443:1111:1927:1929:1300:1923:4171:4100:6032:6037:1120:1451:
201804:RL00108201::
201804:RL00104804:1307:1309:1002:1328:1550:6342:1327:1116:6361:1832:1822:1716:1440:1460:9017:1334:
201804:RL00104803:1307:1001:1002:1328:1715:1716:1440:1045:1300:1332:9017:1342:
201804:RL00107801:1309:9017:
201804:RL00104601:1002:9017:
201804:RL00199902:1910:1002:1146:4205:1008:1550:1938:1455:6342:1915:6140:1916:1913:1911:4371:3926:4212:6472:4323:3104:3943:1420:6432:1328:8112:1300:5200:1924:4101:4261:1716:1120:6380:5103:5102:9017:
201804:RL10702101:1307:1001:1002:1716:1006:6106:6000:6002:1932:
201804:RL10702102:1002:1300:9017:
201804:RL00108101:1004:8001:1002:1371:4511:1300:2250:9017:
201804:RL00101206:3101:3704:1002:3087:3290:3650:3090:3782:3781:3703:3030:6000:3920:3220:3232:3750:9017:
201804:RL00108001::
201804:RL00101913:1002:2701:4520:1144:4395:4392:4393:2250:4000:4107:4246:3927:4111:4110:4212:4211:4511:3920:4151:6110:3101:3095:2710:1328:3294:1853:6362:1715:1716:6107:1336:4501:4793:9017:5140:5108:4127:1550:3991:4097:1702:1440:4051:3220:4091:3275:1442:1300:1873:1116:1449:4171:4101:5101:5100:4241:3931:4242:
201804:RL00101912::
201804:RL00199907:1002:1316:1862:6206:1861:4109:1110:6318:3924:3920:6062:4151:3100:1560:1139:1328:4114:1327:1716:1335:1558:1332:9017:1551:3500:1910:1550:1431:1917:1952:1122:1913:1911:6043:6042:6045:1132:1500:6049:1130:1685:6048:1462:4131:1307:1921:1111:1927:1928:1929:1300:1923:1116:1871:4171:6034:8001:6031:6037:6036:1120:6030:
201804:RL00101911:1003:1602:1004:1001:1002:4125:4105:4736:1911:4000:4108:4113:4110:1460:1440:1307:1309:1465:1328:4191:8112:4115:1018:1300:8110:4551:1922:1855:1923:4171:8001:4102:4101:1715:1201:6106:4501:9017:
201804:RL00199908:1935:1459:1934:1002:1146:4205:6300:1455:1550:1938:1122:1915:1952:1951:1913:1911:4001:4371:6353:1549:6049:4310:4323:3100:6151:4115:6330:1300:1013:5200:4100:4261:1120:6380:9018:9017:
201804:RL00101910:3500:3263:3089:3264:3704:3214:3781:3703:3435:4070:3963:3031:3962:3030:3436:3961:3960:2574:3220:2523:3074:5304:3075:3055:5302:3276:3101:3277:2551:5301:2540:2571:3223:3095:2570:3812:3294:3090:4101:3000:3002:6106:9017:3268:3267:5508:
201804:RL00421303:1001:1572:1002:1328:1938:1300:1311:6106:1542:1471:6062:1344:9017:
201804:RL00421302:1004:1002:1476:1472:1470:6106:9017:
201804:RL00102301:1001:1002:1300:9017:
201804:RL00421304:1910:1002:6802:6807:8121:8123:1931:6346:1702:1389:6317:1440:8500:8501:1344:6479:8505:1300:5201:6481:1120:5100:6107:1470:6106:5121:9017:5124:
201804:RL00421301::
201804:RL00103303:1002:8535:1316:4105:1313:1311:3924:4511:3920:4510:1623:1187:1328:8112:1327:1320:6157:1381:1511:3000:1375:1812:1814:4501:1910:3749:1913:1911:1912:1132:1500:1131:1130:1440:1462:1306:1920:4174:1921:1443:1300:1929:6177:1922:1116:1923:4171:4101:1121:1120:3931:1936:1571:1937:1862:1861:1932:1931:4253:6062:1564:2710:1134:1140:6446:1558:6106:6050:9017:1601:3500:6442:7006:4129:1600:6443:4125:1371:1609:1606:1603:1549:5516:6047:6049:6048:1801:6040:1873:1872:1871:1015:5201:8001:6032:6031:5101:5100:5103:1534:
201804:RL00103301:1002:4205:1318:4203:1316:4753:2709:4000:4246:2708:6316:4611:3924:6315:4212:2500:4211:3920:1480:4151:1621:4311:1185:5223:4033:1328:4589:1327:6152:1336:4501:5123:4321:9017:3500:1910:1600:6802:6142:4189:6301:1550:1913:4576:1911:1912:4371:1702:2275:1542:6471:4172:4174:1921:4201:1111:1926:4714:1929:1300:1922:1923:5200:1116:4171:4574:4101:1120:6380:5103:4243:4336:1534:
201804:RL00103302:1001:1002:4021:1550:1316:1953:2252:1915:1861:1913:1311:1912:1549:6044:1500:1440:1542:6062:1508:1173:1119:1155:1448:1139:1328:1443:1300:1116:8001:1120:6106:1470:6448:9018:9017:1334:
201804:RL00103101:1718:1455:1716:1443:6106:2251:2261:
201804:RL00102502:1002:8112:1480:9017:
201804:RL00102501:1004:1448:1001:1002:1550:1938:8112:1915:1009:1300:4109:1913:1923:1931:8001:9034:1120:6106:9017:
201804:RL00103501:1138:1002:6160:1328:6166:1300:6167:4255:6201:6000:1849:9018:9017:5303:
201804:RLI1418002::
201804:RL00400501:1001:1002:1571:6300:1431:1550:1300:1036:1913:1931:1702:1120:1344:9017:
201804:RL00104004:1004:1935:1933:1002:6141:6142:1008:1953:1009:1916:1313:6140:1913:1311:1912:6042:1945:4219:1921:1949:1328:4214:6152:6157:1852:8001:1810:1120:1812:9018:9017:
201804:RL00102101:1001:1002:1121:9017:
201804:RL00104006:1910:1002:6141:6160:4205:1146:1008:1938:6300:1145:6401:1953:1915:6140:1916:1913:1931:1911:4000:4371:4001:1912:1705:4271:6351:6357:6355:4323:4031:3223:6151:4033:4201:6150:6330:1300:1014:1399:4261:6303:1120:6108:6380:1336:6106:1160:9017:4336:
201804:RL00104005:1002:6160:1146:4205:1008:1938:1145:4393:4109:1932:4251:4111:4212:3920:4151:4310:5115:1185:6151:4213:1328:4214:4114:8112:6152:1853:4421:3000:4261:6305:6108:6106:4321:9017:1910:4332:5108:6141:1455:6143:1550:6342:1125:1915:6140:1916:1913:1911:4371:5801:1702:1440:4172:1309:4201:1112:1300:1873:5200:1923:6175:4171:4384:4282:4101:1120:6380:5101:4338:4241:5103:3931:4336:
201804:RLC2318001:1002:1300:9017:
201804:RL10705001:1119:1002:6141:6302:4205:1443:8112:1922:1913:1116:1923:1911:1110:1702:4101:1120:6108:1440:1542:6106:9017:
201804:RL00400102:4236:1002:1007:4021:1953:1300:1916:6049:1222:1811:4791:4321:9017:
201804:RL00400101:1003:1002:6049:1120:1811:1953:6342:1300:1916:1332:9017:
201804:RL00121103:1119:1003:1004:1001:1002:1485:1045:1300:1128:1110:6106:6000:1542:9018:9017:
201804:RL00400104:1004:1500:1300:1471:9017:
201804:RL00400106:1910:1004:1002:1007:1550:1953:1122:1915:1952:1913:1911:4000:4108:1110:1131:1130:1440:1364:1542:1328:1443:8112:1327:1929:1300:1874:1116:1810:1716:1120:1558:6106:9017:
201804:RL00400105:4172:1004:1001:1002:1328:1550:8112:1300:4576:4171:1716:6106:1480:9017:
201804:RL00100502:1001:1002:1500:1715:1550:1327:1300:9017:
201804:RL00400108:1004:1002:6160:1328:1550:1300:9017:4108:
201804:RL00400107:1307:1822:1550:8112:1460:1542:1326:1300:1344:1342:9017:
201804:RL10702003:1002:4127:4125:4501:5110:4000:9017:
201804:RL00109401:1004:1002:1328:6371:6370:1300:4370:9017:
201804:RL10702002:8001:1002:4651:6350:6372:6107:1300:4850:4398:9017:4370:
201804:RL10702001:1002:6350:4651:4391:4386:4850:4370:9017:
201804:RL00100201::
201804:TR00100502:6463:1910:1001:6460:1002:8533:6441:1550:3080:4000:6350:1542:4511:8501:6439:3943:6432:1309:2710:1134:6430:5566:8112:6330:8110:1300:7031:1400:8001:4102:4101:3000:3002:5101:5933:6106:9018:9017:
201804:RL00110008:1002:1470:1300:1103:9017:
201804:RL00109001:1002:1120:1915:1861:1471:1116:1012:9017:
201804:RL00100301:1571:1002:1145:1144:4105:6166:1313:1861:6167:4255:4212:80:4151:6110:4218:1139:1328:4114:1327:4192:1320:1716:1812:1335:1558:1556:4606:1551:9017:1910:4126:1550:1951:1913:1604:1549:6047:1500:1130:6049:3940:6000:1542:4131:1307:1155:1921:1465:1929:1300:1873:1922:1116:1872:1923:4171:1871:8001:1120:
201804:RL00100101:1020:1910:1933:1550:6106:1009:1300:1102:1564:9017:
201804:RL00110010:1910:1002:4201:1120:9017:1911:
201804:RL00100102:1002:9017:
201804:RL00107901:1003:1004:6460:1001:1002:1008:4520:1006:1861:4000:4108:1110:4250:3104:1420:3100:1139:6151:6150:1328:4194:4191:8112:1037:1514:1510:5502:1044:1811:1335:6106:9018:9017:6302:1953:1916:6346:6338:6049:1542:6000:6472:6471:1462:6002:4131:1119:6432:1309:1465:4531:1300:1116:4171:1020:4101:1399:6038:1120:6380:5100:3930:
201804:RLJ1818001::
201804:RLA1119001::
201804:RLJ1818005::
201804:RLJ1818002::
201804:RLJ1818008::
201804:RLJ1818006::
201804:RLJ1818007::
201804:RL00103001:1004:1001:1002:6141:6160:4205:1146:6143:6807:3782:1915:6140:1913:1911:1306:1309:6151:6150:4214:1300:6152:1116:1449:6157:6175:1120:6106:9017:
201804:RL00100110:8001:1309:1002:4205:4220:1871:9017:
201804:RL00110001:4391:4657:4791:9017:
201804:RL00109701:1514:1309:6318:1308:1002:1500:1443:1440:1460:6106:1300:9017:
201804:RL00110003:5221:1002:5709:5201:5921:3435:4101:5114:3920:3911:3102:9017:5931:
201804:RL00499902:1004:1002:6106:4501:1344:9017:
201804:RL00110005:1003:1572:1001:1002:1822:5103:1300:1344:9017:
201804:RL00499901:1560:1910:1935:1001:6801:1002:1139:1328:1937:1111:1862:1300:1861:1012:1911:8001:4101:6049:1120:6048:1335:9017:
201804:RLE1718001::
201804:RL00109802:1420:1001:1139:1144:1425:8112:1300:1128:1116:1110:6106:1542:1170:9017:
201804:RL00109803:1602:1004:1485:1762:8112:4512:1542:1300:1102:9017:1342:1564:
