201801:RL00101105:8001:1002:9017:
201801:RL00107001::
201801:RL00101103:1002:9017:
201801:RL00101102:1910:1309:1002:1550:3709:1144:8112:6166:8110:1018:1932:1116:1911:4000:4370:4108:1110:4100:4101:1120:1825:1829:9017:1342:
201801:RL00101101:1002:9017:
201801:RL00100404:1004:1910:1002:2701:4205:1550:1122:1110:1702:1500:1440:1508:1119:1921:1328:1443:1300:1922:1116:1923:1302:4171:4101:1120:1451:9017:
201801:RL00400201:1309:1002:1571:1441:1328:1443:1300:1929:1871:1911:4101:1510:1131:1500:6049:1130:1120:1440:6000:6002:1551:9017:1334:
201801:RL00101203:1003:1001:3265:3722:3705:3087:1002:3782:3781:3904:3703:3441:3435:3279:3752:5516:3031:3438:5565:3773:3774:3923:3920:3220:6000:3133:3943:3131:3730:3276:6110:3430:3275:3431:3223:3136:3812:1300:3717:3022:8001:3161:3000:6106:9017:
201801:RLD1018001::
201801:RL00400203:1004:6160:1500:1550:1300:1332:6167:9017:
201801:TR00010507::
201801:RL00102201:8001:1002:9017:2515:
201801:RL00102401:1448:2220:1002:9017:
201801:RL00103401::
201801:RLC2118001::
201801:RL00102001:1001:1443:1440:9017:
201801:RL00105301:8001:1185:6350:6302:6315:1120:1111:5100:2603:6343:9017:
201801:RL00100807:1004:1020:1001:1002:1328:9111:1300:9017:1101:
201801:RL00106001:8001:1004:2220:1002:9111:1440:1300:9017:
201801:RL00114511:1309:1002:6106:1300:9017:
201801:RL00200901:1003:1004:1910:1001:1002:1933:4205:4398:4000:1024:1911:4001:3435:1822:1500:1440:1823:3220:3102:4311:1560:3430:1920:3431:4201:8110:1300:4527:4101:1715:6106:9017:
201801:RL00100401:1001:1300:9017:
201801:RL00109201:1004:6031:1399:6049:1104:4511:6106:1300:1929:1923:1345:9017:
201801:RL00010050:1004:1145:1316:1953:1916:1126:1702:1132:1131:1130:6049:6048:1138:1119:1328:1465:1111:1929:1429:1872:1923:1871:8001:1020:6038:1120:1335:1141:9017:
201801:RL00010051:1001:1002:7000:8112:1300:4002:1931:1116:1012:4001:1652:1020:8001:1513:1021:1022:5101:80:1542:1847:9017:
201801:RL00100801:1110:6045:1002:1822:1300:9017:
201801:RL00105001:1002:1300:9017:
201801:RL00100802:1002:1822:4291:1316:1300:9017:
201801:RL00100803:1004:1002:1238:1455:1443:1440:2251:1300:2250:9017:2261:
201801:RL00100804:1002:1111:1440:8112:4511:8501:1300:8110:9017:1564:
201801:RL00100901:1717:1718:1002:1600:1703:1500:1328:8112:1300:9017:
201801:RL10799901:3101:1910:4101:1002:1440:1480:9017:
201801:RL00121001:4574:4301:1004:1002:4101:4110:5101:3902:4511:6106:1480:9017:
201801:RL00199915:1910:1002:1571:1111:4393:1913:4171:1110:1685:1120:4110:3940:5103:3920:9017:3943:
201801:RL00400110::
201801:RL00199916:1004:1001:1933:1002:1007:8112:1037:1300:1116:1931:8001:1440:6370:1542:9017:
201801:RL00101802:1274:1910:1001:1002:4391:4126:4125:4735:2251:1950:2250:4000:4108:1110:4255:4112:1440:4511:8501:1945:4172:1445:2220:1447:1921:1444:1443:1111:1300:1923:1116:4101:1211:1202:4501:4336:9017:
201801:RL10700002:1110:1002:9017:
201801:RL00104802:1910:1001:1002:1148:2250:4109:1931:1103:4000:1500:4110:1440:1542:1480:4219:1448:1139:8110:1300:1116:4100:8001:4101:1451:4501:1332:9017:
201801:RL10700003:1002:4101:1440:1300:9017:
201801:RL00101909:1003:1001:5140:1007:6302:7001:5105:3900:4734:4000:3751:1702:4095:3752:3030:3920:1480:4031:5201:8001:3000:5101:5100:5121:5103:2515:9017:
201801:RL10700005:1001:1002:4251:1951:9017:
201801:RL10700101:3500:1003:1910:1002:4128:4391:6802:6807:4095:6316:1440:3920:4052:4234:1309:1448:3275:6358:4171:3762:1716:5101:6107:5100:3643:9017:
201801:RL00101906:1571:1002:6302:1550:1144:4203:2250:1913:4000:4371:1389:4110:1440:4151:1119:1442:1328:4201:1111:1300:1116:4171:4100:4101:2255:1120:6108:5100:4501:6448:9017:
201801:RL00400116:1560:1002:4520:1550:3090:1113:1300:1116:6167:4000:4101:1500:1120:1440:6106:1462:4501:1332:9017:1551:
201801:RL00101905:8001:1002:1485:1300:1480:9017:
201801:RL00400117:1560:1309:1002:1550:1052:1542:6106:1300:1462:9017:
201801:RL00400115:4273:1560:1002:6180:5100:1542:1300:1462:9017:1911:
201801:RL00400112:1420:1307:1004:1309:1921:5301:1550:1926:1113:1300:1116:1923:1110:1375:1618:1716:1542:3144:1344:1342:9017:
201801:RL00199917:4661:1185:1002:1442:6302:6300:1443:1300:1012:1311:6167:1116:6362:6352:6350:6318:6357:1120:5100:1440:6000:1011:1163:9017:
201801:RL00130004:6110:1002:6330:1300:9017:
201801:TR00010244:1003:6160:4205:1311:6352:3926:6357:6316:4212:4211:4511:1480:4151:1011:1621:1342:1623:5222:4031:4114:8112:3293:6152:1853:1616:5506:4605:6366:6303:4501:1332:9017:3500:1456:1550:6401:4735:6345:1913:4370:1911:4371:6374:5564:1440:3113:4235:6171:1448:5301:3431:1442:6330:1300:1922:1873:1302:4171:6175:8001:4575:4101:3524:4523:1120:6380:5103:
201801:RL00130001:1002:9017:
201801:RL00104401:1003:1456:1001:1476:1002:6302:1478:1550:1144:1316:1953:1952:1913:1110:1549:7063:1130:6049:6048:1920:1328:1111:1300:1929:1923:1012:1852:8001:1513:6032:6037:1120:1716:6053:1335:1558:1473:9018:9017:
201801:RL00108201:1002:9017:
201801:RL00104804:1307:1309:1002:1328:1550:1316:8112:6342:1862:1300:1913:1116:1311:6361:1832:1702:1822:1120:1716:1460:6000:1462:9017:1334:
201801:RL00104803:1307:1002:1715:1716:9017:
201801:RL00107801:1001:1309:1440:1300:9018:9017:
201801:RL00104601:4331:1002:4101:1201:1440:9017:5921:
201801:RL00199902:1910:3110:1002:1455:1938:1550:6143:6342:1915:1916:1913:4371:3926:4251:4611:6049:4212:4211:6472:4323:4311:3104:1420:4314:4313:8112:1300:5200:4283:4284:4261:1120:5500:6380:5103:4321:9017:
201801:RL10702101::
201801:RL10702102:1002:1300:9017:
201801:RL00108101:3500:2220:1002:4512:2251:2250:9017:
201801:RL00101206:3089:3264:1002:3112:3261:3782:3902:3080:3781:3032:3926:3031:3030:3920:3220:6000:3133:3100:3277:3275:3090:8001:3000:3002:6107:9017:
201801:RL00108001:6442:1002:1147:7000:1550:4125:4106:3749:1911:3751:4110:1848:1342:1187:1155:1920:4201:6150:1181:1180:8112:1300:1118:4100:1020:8001:1650:6106:1337:1553:9018:1332:9017:
201801:RL00101913:1420:6110:1001:3430:1915:1300:1311:5801:4110:3923:5100:3920:4052:4242:9017:3943:
201801:RL00101912::
201801:RL00199907:1456:1477:1600:1002:1145:1550:1144:6401:1122:1952:1913:1604:1389:6047:6357:6049:1130:1801:1307:1947:1308:1921:1949:1328:1443:1926:1327:1929:1852:8001:1513:1511:6303:1810:1120:1335:1812:1558:1556:6448:9017:
201801:RL00101911:1002:4021:4736:2250:4000:4513:4512:1440:4511:4131:1445:3101:1920:1441:1444:1443:1327:1300:1449:4171:6034:6031:4101:1201:6106:4501:9017:
201801:RL00199908:1935:3110:6463:1459:6442:1002:6302:6440:6141:1146:1145:1455:1550:1938:1915:1913:1911:4371:6353:1549:6049:4211:1440:1011:4323:6433:1949:6151:1112:1327:6330:1300:1013:5200:4261:1120:6305:6380:3930:4243:9018:9017:
201801:RL00101910:3500:2551:6122:6123:3223:4127:4105:4423:4421:4102:4101:4123:5101:6107:6370:6106:4511:4501:4130:5304:5303:9017:
201801:RL00421303:6801:1002:1328:1938:6807:1327:1300:1311:8001:5801:1716:1120:5100:6106:1471:9017:
201801:RL00421302:1002:1500:1328:1443:1440:6106:1471:9017:
201801:RL00102301:1001:1002:1111:1112:1300:1911:9017:
201801:RL00421304:1002:1328:6049:1471:9018:9017:
201801:RL00421301::
201801:RL00103303:1935:1004:1477:1572:1001:1933:1002:1571:1007:1008:1938:1937:3781:1931:6316:4511:3920:6062:1560:5223:1949:1134:1328:4194:8112:3293:1379:1650:4605:1810:1716:1812:1558:1814:6106:1556:1143:4504:9017:3500:6445:1910:6440:6302:6142:6300:6143:1124:6401:1953:1918:6342:1916:1950:1913:3025:1912:6338:6044:6047:1500:6049:1685:1369:6040:1307:1920:1465:1928:1929:1300:1018:1874:1922:5200:1116:1923:1871:1924:6034:3936:8001:1020:6032:6031:1121:1120:1470:1160:5103:1471:1161:6030:
201801:RL00103301:1002:2701:4205:4203:1110:4611:6315:2500:4212:3920:1480:4151:1185:5223:1949:1328:6152:4605:4501:4321:9017:3500:1910:6302:6142:6441:6802:4189:6300:1550:1913:1950:1911:4371:1702:1131:1130:3940:1440:1542:6471:1445:1448:1442:1443:1111:4714:1929:1300:1012:1116:1923:1871:4101:1120:6380:5103:4336:4337:
201801:RL00103302:1456:1477:1002:1571:1478:3083:1144:6349:1122:1913:1110:6049:1130:1307:1485:1929:1300:1873:1872:1923:1012:1616:8001:1041:1120:1335:1558:1473:9018:9017:
201801:RL00103101::
201801:RL00102502:1002:8112:1480:9017:
201801:RL00102501::
201801:RL00103501:1004:1002:4292:1300:2250:9017:
201801:RLI1418002::
201801:RL00400501::
201801:RL00104004:1002:1328:1006:6359:8112:1874:1922:1116:1924:1912:1101:1110:6353:1513:6351:1511:6049:1120:1460:1000:9017:
201801:RL00102101:1003:1121:9017:
201801:RL00104006:1001:1002:6160:1008:4205:6166:1110:4211:4310:4031:6151:4033:1328:6150:4317:8112:1327:6152:1380:1716:4321:1457:6181:1910:1458:1455:6300:1915:1122:1916:1913:1914:1911:1912:1705:1702:1500:1131:1440:1307:1445:1306:1309:1447:1113:1928:1300:1929:6177:1922:1116:1118:1399:1120:6380:3110:1935:1146:1938:1145:1144:1862:4002:4003:4000:4001:4255:1947:1139:4261:1335:6108:1336:6190:6106:9017:6141:1550:1952:6140:6043:1549:4271:5514:6044:6049:1172:4326:4323:6040:1012:5200:8001:6032:1160:6030:1163:4336:
201801:RL00104005:3110:3111:1002:6160:4205:1008:1145:1938:4395:1009:4393:1932:1931:1311:4251:6315:4212:8500:4310:3100:1947:1185:1139:4213:6151:1328:1180:3090:8112:6152:1853:6362:6361:4261:6305:1558:6106:1556:4321:9017:4332:1910:1456:6141:6143:1455:1550:6342:1915:1122:1952:6140:1916:1913:6346:1911:1912:4371:1549:1702:3752:1131:1130:6049:2275:1542:6472:1155:1309:1112:6330:1929:1300:1873:5200:6326:4282:4101:1120:6380:5101:5103:1160:4242:
201801:RLC2318001::
201801:RL10705001:1119:3277:1004:1920:4206:1002:3266:1008:1328:4205:8112:4381:1913:1116:1923:1911:1131:1120:1140:1558:1440:1542:6106:9017:
201801:RL00400102:1003:1602:1001:4206:5107:1550:6342:1953:1915:1916:1702:4271:8182:8181:1500:6049:1460:1849:6000:6062:6040:1307:1420:1448:6151:1465:1443:1926:8112:1300:4192:1873:1923:1116:1616:1716:1120:1811:1555:6030:9017:1551:1534:
201801:RL00400101:1003:1002:6342:1953:1916:1300:1116:6353:1500:6049:1811:1120:4037:9017:
201801:RL00121103:1002:9017:
201801:RL00400104:6352:1004:6319:6461:6350:6302:1500:1471:1300:2250:9017:
201801:RL00400106:1004:1910:1002:1007:1550:1915:1913:1110:1130:1440:1364:1542:1328:1443:8112:1874:1300:1929:1116:8138:1810:1120:1716:1558:6106:9017:
201801:RL00400105:1001:1002:1550:1300:9017:
201801:RL00100502:1001:1002:1550:9017:
201801:RL00400108:1003:1307:1602:1309:1002:1328:4205:1550:1443:8112:6342:1300:1116:4108:1549:4101:6000:6106:1542:9017:6040:
201801:RL00400107:1307:1002:1550:8112:1300:8001:1844:1822:1460:1542:1344:9017:1342:1334:
201801:RL10702003::
201801:RL00109401:1003:1002:9017:
201801:RL10702002:3500:4651:1002:1300:4398:1302:4370:8001:6350:6318:6372:6108:4850:9017:
201801:RL10702001:4100:4102:4651:4101:1002:6350:4391:4520:4850:4370:9017:
201801:RL00100201::
201801:TR00100502:3500:1910:6460:1002:3080:6350:4512:4511:3750:1701:1564:6432:1309:1134:1328:6358:8112:6330:1300:8001:4102:4101:3000:1120:3001:5101:3142:6106:3144:9018:1000:9017:
201801:RL00110008:1309:1002:1500:1037:6106:1300:9018:9017:
201801:RL00109001:1002:1915:1471:1116:9017:1911:
201801:RL00100301:1004:1910:1002:1550:1122:1913:1912:1110:1702:6047:1500:4211:1542:6110:1138:1307:1921:1139:1328:1926:1327:1929:1300:1874:1922:1116:1012:1923:1871:8001:1511:1120:1335:1558:1556:9017:
201801:RL00100101:1910:1020:1004:1933:1550:1009:6106:1300:1102:9018:9017:1564:
201801:RL00110010:1920:1148:1002:1145:1300:9017:
201801:RL00100102:1004:1002:9017:
201801:RL00107901:1003:1001:6170:1002:1328:6150:1006:1316:1112:6166:1327:1300:1128:4108:1120:1337:6062:4501:9017:
201801:RLJ1818001::
201801:RLA1119001::
201801:RLJ1818005::
201801:RLJ1818002::
201801:RLJ1818008::
201801:RLJ1818006::
201801:RLJ1818007::
201801:RL00103001:1935:1002:1147:6160:1008:1146:4205:1145:1144:1006:1110:6353:6350:6357:4211:1560:1139:6151:1328:4033:1617:4261:6303:6305:1335:6106:1556:4321:9017:1910:6141:1550:6300:1952:1915:1916:1913:1911:1912:1549:1500:1131:6049:3940:4232:4323:1173:1446:6432:1306:1155:1309:1112:6330:1300:1929:1922:1449:5200:1923:1116:1012:1120:6380:5103:4336:
201801:RL00100110:1309:1002:1443:1440:4130:9017:
201801:RL00110001:4391:4791:9017:
201801:RL00109701:1004:1309:1308:1002:6160:1300:1911:6318:1500:1440:6106:9018:9017:
201801:RL00110003:1001:1002:2550:6302:3083:3435:3060:5516:3030:3924:3940:3920:3921:9018:3750:9017:3943:3046:
201801:RL00499902:1004:1002:1271:1455:1550:6106:4501:1344:2261:9017:
201801:RL00110005:1003:6202:1572:1002:1571:1822:1460:1300:1344:1342:9017:
201801:RL00499901:1910:1002:1571:1146:1145:1550:6300:1144:1952:1915:1916:4393:1913:4398:4399:1911:4108:1110:1702:4612:1131:6049:2275:4212:1440:1542:1701:1307:1119:1949:1441:1328:1300:1873:1923:5200:1116:1871:6303:1120:1716:6380:1558:9017:
201801:RLE1718001::
201801:RL00109802:1309:1448:1001:1002:1363:1382:8112:1300:1110:1041:1389:1716:1440:80:1364:1480:9017:8600:
201801:RL00109803:5552:1602:8001:1002:1550:8112:1342:9017:
