201811:RL00101105:1002:1440:1542:1300:
201811:RL00107001::
201811:RL00101103:1002:
201811:RL00101102:1309:1002:4101:1550:1619:1825:8112:1542:80:1116:4370:1911:
201811:RL00101101:1002:
201811:RL00100404:1306:1004:1002:1550:6107:1440:1300:1344:1342:
201811:RL00400201:1004:1309:1002:1328:1862:1300:1929:1911:1871:4101:1510:1500:1130:6049:1120:1542:1551:1334:
201811:RL00101203:1003:3704:3741:1001:1002:3722:3086:3082:3782:3081:3003:3080:3905:3904:3703:3441:3700:4001:3435:3983:3982:3436:3130:6000:3920:3074:3133:3131:6110:3113:3275:3431:3223:1327:3471:3470:3022:3161:3918:3919:3000:3913:3912:3140:
201811:RLD1018001:8001:1002:1389:1300:
201811:RL00400203:1004:1571:1328:1465:1431:1716:1327:1300:
201811:TR00010507::
201811:RL00102201:1001:1002:2515:
201811:RL00102401:4172:1001:2220:1448:4174:1465:4391:4126:1443:8507:1300:1922:2250:4576:8001:4101:2255:4122:1491:4211:1440:4511:1451:4501:
201811:RL00103401:8001:1002:6700:6107:
201811:RLC2118001:1001:
201811:RL00102001:1001:
201811:RL00105301:1002:4101:1328:6700:4201:4110:4212:1364:4501:9018:4383:4371:
201811:RL00100807:1910:1004:1001:1921:1571:1328:1112:1300:2251:1923:1116:1911:8001:1130:1120:1364:9018:
201811:RL00106001:1004:1225:1002:1235:1210:1201:1443:1440:6000:6106:1251:4000:
201811:RL00114511:1420:1002:6106:1300:
201811:RL00200901:1445:1001:1002:1440:6106:1300:1116:
201811:RL00100401:1001:1002:1550:1300:
201811:RL00109201:9029:1002:
201811:RL00010050:6462:1001:1002:6464:1144:6320:1110:6357:6317:6315:3921:5221:5602:5223:8112:5983:5982:6157:6220:6303:5500:6305:1335:6448:3500:6302:6300:1125:6185:6470:5515:6372:6371:6472:6471:1173:3943:6479:6330:1874:1300:5200:1116:1872:1871:6175:8001:6201:6380:5103:1530:3930:6030:
201811:RL00010051:1755:6432:8112:3749:3781:1300:8110:1311:1380:1023:1110:1021:8622:1022:4101:6317:1364:1342:
201811:RL00100801:1002:1822:1460:1300:1311:
201811:RL00105001:1002:
201811:RL00100802:1002:1822:1460:1300:
201811:RL00100803::
201811:RL00100804:1002:8112:1440:8110:
201811:RL00100901:1718:1002:6401:
201811:RL10799901:3101:4101:1002:9018:
201811:RL00121001:1480:
201811:RL00199915:1002:6302:3900:3082:1953:1911:4000:1702:5203:4110:3940:3220:3920:1542:3921:4231:5602:3101:3275:5223:8112:4171:5201:5506:5505:4101:3000:3020:1120:5103:5102:5123:9018:4244:
201811:RL00400110:1004:1328:6710:1550:1917:1300:1913:1923:1911:1912:1120:1143:1552:
201811:RL00199916:1002:
201811:RL00101802:1560:4331:1002:5109:5106:5119:5702:5712:1300:5713:8001:1440:5103:
201811:RL10700002:1309:1002:1542:1300:9018:
201811:RL00104802:1910:1001:1002:4766:4723:4754:4756:4740:4101:5101:4512:6106:4511:4501:
201811:RL10700003:4101:1002:4371:
201811:RL00101909:3173:1001:4031:4095:1007:5101:3106:5121:1300:1480:2515:
201811:RL10700005:1001:1002:4101:4251:1201:1440:1951:1300:4501:4000:
201811:RL10700101:3500:1003:3704:5140:4128:4391:6802:6807:4394:1128:4095:6316:3010:3923:2574:3220:4051:4052:4234:3074:4313:3275:2550:1111:4171:4080:8001:5100:6107:4501:
201811:RL00101906:1002:1442:1550:1111:1300:1913:1116:4171:4000:1702:4101:1389:4571:1120:4110:1440:6106:1143:4151:4501:
201811:RL00400116:1560:1002:4101:4520:1550:1113:1542:6106:1300:1332:1116:1911:
201811:RL00101905:1004:1002:3080:1380:
201811:RL00400117:1560:1309:1002:1550:1542:6106:1300:1462:1369:
201811:RL00400115:1002:1542:1300:9018:1311:
201811:RL00400112:1420:1328:7000:1327:1300:8110:1128:1302:1110:1702:1822:1716:1460:1847:
201811:RL00199917:1185:4661:1002:6350:6302:6300:5100:6000:
201811:RL00130004:6110:1002:1300:
201811:TR00010244:1003:4205:2252:4752:2250:6352:3926:6357:6316:4111:4110:4513:4511:3920:1480:1011:4517:1344:1621:1623:4514:5222:4031:4114:8112:3293:4193:4746:7031:4745:4080:1616:4605:6366:9112:9111:1336:4501:4503:3500:6700:1550:4736:4735:6345:4370:1911:4371:6374:1440:4131:4235:6171:1448:3431:1300:1873:1923:1302:4171:8001:4575:4102:4101:3524:4523:6380:
201811:RL00130001:1001:1002:1440:1300:9018:1564:
201811:RL00104401:1420:1002:1921:1328:1550:1952:1327:1929:1913:1871:1832:6047:1810:6049:1121:1120:1716:1800:1335:1558:1556:9018:
201811:RL00108201::
201811:RL00104804:1002:1550:6342:1122:1913:1103:6042:1844:1702:1822:6049:1440:1460:6062:1420:1307:1309:1448:1328:1300:1116:6361:8001:1832:6031:1120:1716:6051:1334:
201811:RL00104803:1309:1002:1716:6106:
201811:RL00107801:6353:1309:1002:
201811:RL00104601::
201811:RL00199902:1002:1008:1550:1455:1938:6342:1915:4759:1913:1911:4371:3926:6049:4445:4212:6472:6062:4323:3104:1445:1947:1921:4033:8112:4714:1300:5200:1872:1852:6034:4284:4101:6038:4261:1120:6380:6106:5103:
201811:RL10702101:1002:
201811:RL10702102:1002:1300:
201811:RL00108101:1456:1448:1002:1008:4777:1006:2252:1300:2251:1036:1932:2250:1013:4512:4501:4529:
201811:RL00101206:3100:1306:1001:1002:3431:3087:6700:3084:3738:3781:3080:1300:2251:2250:1302:1311:3230:1440:3920:3220:3210:
201811:RL00108001::
201811:RL00101913:1002:4520:4205:1550:4125:4392:4393:4002:4370:5511:4097:1702:1500:4111:4110:3220:4051:8112:1300:8110:1449:4101:1715:1716:1336:6107:4501:3931:4242:
201811:RL00101912::
201811:RL00199907:1002:6302:3260:1550:1952:1122:1913:1844:1702:6045:6047:6046:6049:1307:1945:1155:1560:1921:1328:1401:1112:3294:1403:1929:1874:1300:1873:1922:1923:1871:6202:8001:6032:6036:1121:1715:1716:1120:1812:1335:1558:1160:1332:
201811:RL00101911:1003:1001:1002:1148:8112:8110:1300:4000:4171:4101:9111:1440:1460:1462:1173:
201811:RL00199908:1935:1002:1146:1938:1455:1915:1009:1913:1911:4371:6353:1549:6049:4323:6151:1035:4115:6330:1300:5200:1852:4621:1203:8001:4261:1120:6305:6380:5100:3930:
201811:RL00101910:3500:3704:3266:1002:6802:4520:3280:4394:4740:3435:4631:5203:3222:5114:3923:3220:4052:3104:3100:3730:3101:3430:4175:3431:3223:4723:5702:5703:5201:3022:3020:1120:5101:3230:6106:5103:9018:3268:5124:
201811:RL00421303:1002:1938:6106:1300:
201811:RL00421302:1470:9018:
201811:RL00102301:1003:1001:1002:1542:1300:
201811:RL00421304::
201811:RL00421301::
201811:RL00103303:1001:1008:6349:1314:3727:1110:7541:4511:4510:1621:7542:1420:1328:1428:8112:1429:1380:1617:3000:1810:3001:3142:3211:3218:3219:1910:3217:3212:3749:1122:1916:1913:1126:3035:1131:3220:3750:1307:1306:1920:1921:1926:1111:1300:1929:1923:1116:6175:1924:1118:7052:4101:1120:1144:1047:1931:3438:3106:8501:3102:3037:3251:3036:3101:1134:2710:1941:1558:6051:1556:1143:1332:9017:3704:3705:1954:1953:6140:3904:1951:3703:3700:6047:6049:6040:1156:3275:1874:1873:1871:5201:8001:6032:6031:5101:1533:3267:
201811:RL00103301:1002:4203:4561:4253:4612:4611:6315:4212:3920:4511:1011:4311:1185:1139:4031:1328:4036:1327:6152:4551:1715:1335:4502:4501:4321:3500:5108:6302:6141:4189:6142:1550:6401:4734:1913:4732:1911:4371:4581:6370:4783:1440:6471:6475:4172:4712:4723:4714:1929:1300:5200:1116:4171:4711:4101:4571:1120:6380:
201811:RL00103302:1001:1002:1316:6062:4310:1564:1945:1420:1328:4115:3294:6152:1810:1812:1335:6106:6448:9018:1334:3216:1433:1550:1954:1122:1913:1911:1912:1549:1131:1685:6049:1130:1801:1800:6000:6002:4172:1448:3275:1926:1401:1300:1923:4171:1400:6203:8001:1121:1120:1531:1473:1160:1530:1161:1471:
201811:RL00103101::
201811:RL00102502:8001:1002:4101:1328:1120:1440:8112:1300:1480:4501:4461:
201811:RL00102501:1935:1571:1002:1008:1455:1550:1938:1009:1915:1913:1311:1911:4371:1549:6049:4323:1309:1328:6330:1327:1875:1300:1874:6152:5200:1852:4101:4261:6305:1811:1716:1120:6380:1160:6106:9018:1534:
201811:RL00103501:1110:1138:1002:1130:1120:1440:1300:
201811:RLI1418002:1002:
201811:RL00400501::
201811:RL00104004:1549:1832:6350:1002:1465:1612:
201811:RL00102101:1003:1002:1121:
201811:RL00104006:1935:1002:6160:6141:1008:1938:1455:1915:1913:1931:4000:1911:1912:4371:1705:4271:6049:80:4323:1560:6151:4033:1300:1874:6152:1922:1012:1872:5200:6157:1852:6038:4261:1811:1120:6380:6108:5100:1336:1160:1556:3930:4336:
201811:RL00104005:1004:1910:1456:1002:6160:1271:1008:1938:1915:1952:1122:1009:1916:1844:1702:1131:1542:1560:1921:6170:1328:1465:6150:1851:8112:1875:1300:1929:1922:1873:6157:1871:1514:4101:1558:6106:1160:4501:1332:
201811:RLC2318001:1002:
201811:RL10705001:1004:1002:1328:4205:1363:8112:1953:1916:1913:1941:1116:1911:6047:1716:1120:1440:1542:6106:1556:6062:
201811:RL00400102:1002:1007:4021:1953:1009:1300:1916:4000:4101:6318:6303:6049:6305:1811:6108:
201811:RL00400101:1003:1002:4101:6049:1120:1811:1953:6342:1916:1300:
201811:RL00121103:1119:1004:1002:2710:6700:6113:8112:1300:1127:1539:1500:1120:1542:6106:
201811:RL00400104:1004:1500:1300:1471:
201811:RL00400106:1910:1004:1002:1007:1550:1952:1915:1913:4000:4370:4108:1110:6338:1130:1440:1542:4511:1328:1443:8112:1327:1874:1300:1116:1810:1716:1120:6106:5103:1207:
201811:RL00400105:1002:1500:1822:1550:6710:1801:8112:6342:1460:1300:1344:1116:
201811:RL00100502:1001:1002:1550:1300:
201811:RL00400108:1004:1002:4101:1550:1825:80:6106:1300:1116:9018:4108:
201811:RL00400107:1420:1307:1002:6142:1550:6342:8112:1314:1300:4000:8001:3000:1822:1500:1130:1800:1460:1344:
201811:RL10702003:4661:4253:1002:6700:4127:4125:6106:5110:4000:
201811:RL00109401:1420:1020:1002:1328:8112:1300:1480:1931:
201811:RL10702002:4651:6350:1002:6372:4850:4398:4370:1000:
201811:RL10702001:1002:6350:4651:6357:4391:6700:4392:4850:4370:
201811:RL00100201::
201811:TR00100502:1935:1001:8700:1002:4303:8122:4394:8124:4393:2251:4000:4107:4396:4001:4253:6350:3011:4038:1342:4514:4311:4650:4314:4313:4312:2710:1134:4033:4318:4317:4316:8580:8112:1380:7071:3000:6108:6107:6106:4502:4501:4321:4322:4792:1910:6300:4775:4125:3749:8622:4532:4581:6372:1440:1542:4133:1262:1300:5201:4102:4101:1202:1201:5101:
201811:RL00110008:1003:1110:1002:1328:6700:1440:8112:1542:1300:1480:1311:1116:
201811:RL00109001:5140:1001:1002:5100:8112:1542:5103:1300:1311:
201811:RL00100301:1004:1910:1002:1571:1550:6143:1145:4125:1702:6047:1500:1130:1801:1542:6062:1170:1420:1307:6110:1155:1448:1921:1139:1328:1425:1300:1874:1929:1922:1923:1116:1871:1924:6036:1121:1716:1120:1335:1812:1558:5103:1160:1556:1163:
201811:RL00100101:1910:1020:1004:1933:1550:1009:6106:1300:1102:1564:
201811:RL00110010:1572:1002:1328:1550:6300:1120:1929:
201811:RL00100102:1001:1002:1300:
201811:RL00107901:1003:1004:1001:1002:1953:1916:6345:1911:4108:1110:1131:1500:6049:1130:6472:1542:1344:1119:1328:1111:8112:1300:1116:4101:1811:1120:
201811:RLJ1818001:1003:1004:1021:1002:1022:1364:6106:1300:
201811:RLA1119001::
201811:RLJ1818005:1002:
201811:RLJ1818002:1004:1448:1550:1851:1953:1929:1300:1871:1511:1801:6106:1518:1552:
201811:RLJ1818008:4650:1001:4651:1002:4386:6342:6330:4392:1300:4388:4000:4370:6303:6108:4850:9018:4131:
201811:RLJ1818006:1002:4101:1443:1440:6106:
201811:RLJ1818007:1002:
201811:RL00103001:1306:1309:1002:6141:6151:6700:1328:1146:4205:1915:1300:1913:1116:1449:1911:8001:1500:6049:1120:1800:6107:6106:6040:
201811:RL00100110:1003:1004:1309:1002:1300:
201811:RL00110001:4391:4791:
201811:RL00109701:1309:1002:1308:1500:1440:6106:1300:1462:
201811:RL00110003:3435:5204:1002:3436:5722:5100:3920:5202:
201811:RL00499902:1004:1002:6106:4501:1344:
201811:RL00110005:1001:1002:1510:1300:1344:
201811:RL00499901:1910:1002:1008:1550:6300:1145:1144:1913:1128:1911:1110:1549:1130:6049:1685:1542:1328:1111:6310:1874:1300:1923:1117:6220:8001:6201:1120:
201811:RLE1718001:1003:1306:1001:1002:4194:1300:1116:1302:1117:8628:4100:8622:1041:6107:1364:6106:5111:1564:
201811:RL00109802:1309:1002:6106:1300:1116:
201811:RL00109803:8001:8112:1300:1102:1342:1564:
