201809:RL00101105:1002:1300:
201809:RL00107001::
201809:RL00101103:1002:
201809:RL00101102:1420:8001:1832:1309:4101:1002:1328:1550:1825:8112:8110:1116:
201809:RL00101101:1002:
201809:RL00100404:1004:1002:6107:1344:
201809:RL00400201:1004:1309:1002:1328:1300:1929:1605:1911:1871:1510:1500:1130:6049:1120:1825:1551:1334:
201809:RL00101203:1001:3704:3741:3722:1002:3266:3085:3280:3900:3082:3781:3080:3904:3703:3435:3982:3031:3030:6000:3074:3075:3131:3113:3100:3039:3431:3117:3135:3812:3294:1300:3716:8001:3161:3913:3000:3002:3020:3001:9111:3142:6106:3145:3911:3210:
201809:RLD1018001:1420:1002:1389:1300:
201809:RL00400203:1004:1309:1328:1360:1862:1300:1380:1041:1389:1375:1366:1367:1364:1462:
201809:TR00010507::
201809:RL00102201:1001:1002:2515:
201809:RL00102401:1581:1002:1328:1540:
201809:RL00103401::
201809:RLC2118001:1001:
201809:RL00102001:1001:
201809:RL00105301:1002:1148:3087:1328:1360:1609:1300:1128:1311:3471:1110:8001:1549:4101:1375:9112:1366:1460:1364:4501:3075:9018:
201809:RL00100807:1004:1001:1002:1571:1130:1120:1112:2251:1300:8110:
201809:RL00106001:4100:4332:8001:1206:1225:1002:2710:4000:1251:
201809:RL00114511:1002:6106:1300:1462:
201809:RL00200901:5222:3100:4172:1445:1002:3095:1444:6106:6000:4151:5303:6022:6023:
201809:RL00100401:1001:1002:1550:1300:
201809:RL00109201::
201809:RL00010050:1935:1002:6170:6150:1146:1145:1009:1300:1311:6185:6175:1110:8001:1121:1120:
201809:RL00010051:1755:1440:1300:1311:
201809:RL00100801:8001:1002:1822:1460:1300:
201809:RL00105001:1002:
201809:RL00100802:1001:1002:1822:1300:1116:
201809:RL00100803::
201809:RL00100804:1002:4511:
201809:RL00100901:1718:1002:
201809:RL10799901:3101:4101:1002:5103:
201809:RL00121001:1480:
201809:RL00199915:3500:3101:1002:4214:3082:1953:3781:4393:5200:1015:4171:1233:3000:3030:4110:1120:3920:5103:3931:3074:4244:3943:
201809:RL00400110:1004:1500:1550:1120:1542:1300:1508:1302:
201809:RL00199916:1002:
201809:RL00101802:1138:1002:1666:1685:1336:1440:6166:6106:4501:4734:1000:4000:
201809:RL10700002:1001:1002:1300:
201809:RL00104802:1910:1001:1002:4201:4766:4723:4754:1300:4756:4740:4101:5101:4512:6106:4511:4501:
201809:RL10700003:4101:1002:
201809:RL00101909:3100:3704:1001:4031:1007:1328:1431:1300:3904:1311:3173:4095:4101:5101:3106:5121:6000:1480:2541:3170:2515:
201809:RL10700005:1001:1002:4251:1951:
201809:RL10700101:1003:3500:5140:1001:3704:4128:6802:4391:6807:1009:4095:6316:3220:4051:4052:4234:3074:3275:3223:4171:1020:4102:4101:1044:5101:5100:6107:5103:5102:
201809:RL00101906:6463:6460:1002:6300:1550:1913:4000:4370:4371:1110:1389:4110:1440:4151:6435:1445:1442:6430:8112:1116:4171:4101:1120:6106:4501:
201809:RL00400116:1560:4101:1002:7000:4520:1550:7002:6106:1113:1300:1332:1116:
201809:RL00101905:1002:
201809:RL00400117:8001:1309:1002:1465:1550:6106:1300:1551:
201809:RL00400115:1002:1300:1462:
201809:RL00400112:1420:7000:1822:1328:1144:1125:8112:1300:1873:1302:
201809:RL00199917:1572:4661:1002:1148:1571:6302:6300:1316:1314:1862:3805:6351:6350:6357:1542:6000:5111:1462:3075:1701:1307:1185:1139:6151:1465:1328:1111:1327:1018:1300:1922:1116:1320:6203:1375:1121:6305:1716:1120:1335:5100:1000:1552:
201809:RL00130004:6110:1002:1300:
201809:TR00010244:1003:4205:6352:3926:6357:6316:4111:3773:3920:4511:1480:4151:1011:1621:1623:5222:4031:4114:8112:3293:1429:1853:1616:4605:6366:1336:4501:1332:3500:4331:1550:4775:4735:6345:1911:4740:6374:1440:3113:4235:6171:3431:1300:1873:1923:1449:1302:8001:4575:1832:4101:3524:4523:6380:
201809:RL00130001:1002:1440:1300:
201809:RL00104401:1002:3260:1328:3212:1550:1952:1929:1913:1923:1311:3700:1121:6049:1120:1335:1558:
201809:RL00108201::
201809:RL00104804:1420:3113:1307:1309:1002:1328:1465:1550:6342:1116:1103:6361:1832:1822:1716:1460:1462:1332:1334:
201809:RL00104803:1309:1002:1716:6000:6106:8110:
201809:RL00107801:1309:
201809:RL00104601::
201809:RL00199902:1910:1002:1455:1938:1550:6342:8112:1915:1300:1913:5200:1911:4371:4101:3926:4261:1120:6380:5103:1160:6106:4323:3104:
201809:RL10702101:1002:
201809:RL10702102:1002:1300:
201809:RL00108101:2270:2220:1002:2253:2262:2251:2250:2261:2260:
201809:RL00101206:3100:3101:3705:1002:3087:3223:3090:3782:3080:3781:1300:3805:1312:1311:1302:3025:3022:1440:3102:3075:1342:3211:
201809:RL00108001::
201809:RL00101913:1002:4205:4520:1550:4125:4203:4392:4393:6353:5511:5801:4097:1702:4051:4210:3220:4233:4131:4217:6432:5223:4214:8112:6359:8110:1018:1449:5200:4101:1715:1716:4221:6107:4501:3931:6030:4242:
201809:RL00101912:1020:1001:4101:5301:1002:4205:5101:5100:1300:4000:
201809:RL00199907:3110:1002:6302:6300:3081:6342:1952:3904:1861:1913:3923:3920:1480:3101:6432:1921:1328:1300:1929:8001:1121:1716:1120:1812:1335:1532:1558:1814:1334:
201809:RL00101911:1003:1002:4101:1465:1440:8112:1300:4501:4131:4000:
201809:RL00199908:1935:1445:1002:6151:1146:1455:1938:4115:1915:1951:1916:1913:5200:1911:4371:1549:4261:6049:1120:6380:4323:
201809:RL00101910:1002:3095:3090:3781:6106:4104:3268:
201809:RL00421303:1001:1002:1328:1938:1443:1440:1542:6106:1300:1551:
201809:RL00421302:1470:6106:
201809:RL00102301:1002:1300:
201809:RL00421304:4650:1910:5140:1002:1389:1472:4850:1471:8123:4370:
201809:RL00421301::
201809:RL00103303:1001:1008:1145:1144:3082:1314:1931:1110:3926:3923:4511:3102:3101:2710:3095:1134:1133:1328:8112:1327:8110:3000:3913:1811:1812:1558:1814:1556:9018:3500:1601:1910:1600:1953:1125:3749:1606:1126:1604:1912:1549:3751:5513:6047:1500:1131:1685:1801:3220:4058:3750:3227:1306:4059:4175:3223:1111:1926:1927:1928:6330:1929:1300:1013:1923:1116:1012:5201:1118:8001:4101:5101:3931:
201809:RL00103301:1002:6316:4611:3924:4212:4211:3920:1480:4151:1011:4311:4313:1185:4213:2710:4033:1328:1327:6152:6157:1715:4501:4321:3500:1910:4331:6302:4189:6802:6142:1550:1913:1911:4371:1440:6471:1442:1441:4714:1929:1300:1116:5200:4171:4102:4101:1120:6380:4241:4334:4336:
201809:RL00103302:1001:1571:1148:1002:4021:6302:1550:1316:1953:1952:2252:1916:1913:1911:1912:6047:6470:5222:6432:5221:1920:1921:1328:1443:1926:1300:1929:1121:1120:1558:1160:6106:1556:9018:1334:
201809:RL00103101::
201809:RL00102502:1002:8112:1480:
201809:RL00102501:1002:4205:1008:1455:1550:1938:1372:6401:1953:1915:1916:1913:1911:1912:4371:4323:1308:6330:5200:4101:4261:1120:6305:1812:6380:6106:9018:
201809:RL00103501:1002:1041:9111:1300:1828:
201809:RLI1418002:1002:
201809:RL00400501:1307:1921:1300:
201809:RL00104004:6034:1420:1560:9111:1300:8110:1861:6062:6030:1621:6040:
201809:RL00102101:1002:1121:
201809:RL00104006:1935:1002:6160:6141:1008:1938:1915:1300:1913:1911:1705:4271:4261:1120:6108:1336:1160:4336:4323:
201809:RL00104005:1003:1910:3110:1002:1600:1938:1455:1915:1916:1603:1580:1440:1564:1307:1309:6151:6150:1328:8112:3090:1327:1300:1873:6157:1853:6201:1716:1120:6106:1160:5103:4242:
201809:RLC2318001:1002:
201809:RL10705001:1138:6431:1002:1008:1441:4205:1111:8112:1953:1952:1913:1116:1012:1911:1871:1912:1130:4250:1120:1335:1440:6106:1542:9018:
201809:RL00400102:1119:6318:1002:4021:1007:6049:1811:1953:1300:1916:1931:4000:
201809:RL00400101:1003:1002:1328:6049:1811:1120:6342:1953:1542:1300:1916:
201809:RL00121103:1119:1002:1500:6000:6106:1300:1000:
201809:RL00400104:1004:1500:1300:1471:
201809:RL00400106:6462:1004:1910:1002:1007:1550:1952:1915:1913:1110:1130:1440:1542:1011:1328:1443:1016:8112:1403:1874:1300:1116:1211:1810:1120:1716:1335:6106:
201809:RL00400105:1004:1002:8112:1300:1342:
201809:RL00100502:1001:1002:1550:
201809:RL00400108:8001:1004:1002:1328:1550:1825:80:1300:4108:1828:1127:
201809:RL00400107:1307:1002:1822:1550:1460:8112:1542:1300:1344:
201809:RL10702003:4253:4661:1002:4127:4125:6106:5110:4000:
201809:RL00109401::
201809:RL10702002:6350:1002:4651:6372:4850:4398:4370:
201809:RL10702001:6350:4651:1002:4391:4386:4392:4850:4370:
201809:RL00100201::
201809:TR00100502:6444:1910:6442:5140:1002:6443:3749:6345:4000:1549:7063:8500:6472:1542:6000:6002:1564:3100:2710:1134:6310:8112:6330:1300:5201:3471:8001:4101:3000:3020:1201:5101:6106:9017:
201809:RL00110008:1110:1600:1002:1328:1440:1300:1311:1342:
201809:RL00109001:1306:1004:1002:8112:5100:1300:8110:
201809:RL00100301:1910:1002:3705:1571:6302:3085:1550:3212:1913:3700:6350:6357:1500:3920:1542:6062:3100:6110:3101:1947:3275:3223:1328:1111:3294:1929:1300:1116:1871:1120:1335:1558:1160:3269:1163:
201809:RL00100101:1910:1020:1004:1933:1550:6106:1009:1300:1102:1564:
201809:RL00110010:1002:
201809:RL00100102:1002:
201809:RL00107901:1003:1001:1832:6470:1328:1120:8112:1542:1300:1332:4108:
201809:RLJ1818001::
201809:RLA1119001::
201809:RLJ1818005::
201809:RLJ1818002::
201809:RLJ1818008::
201809:RLJ1818006::
201809:RLJ1818007::
201809:RL00103001:1306:1309:1002:6151:6141:1146:4205:6300:1915:1300:1913:1449:1116:1911:1120:6106:
201809:RL00100110:1309:1273:1002:1374:1041:1360:1715:2276:1327:5124:
201809:RL00110001:8590:8001:4391:4791:
201809:RL00109701:1309:1308:1002:1500:1460:1440:6106:1300:
201809:RL00110003:3435:3430:1002:3920:3904:3441:3700:
201809:RL00499902:1004:1002:1328:6106:4501:1344:
201809:RL00110005:1002:1510:1822:1300:1344:1515:
201809:RL00499901:1910:1002:1328:6455:1550:1111:1016:1327:1916:1300:1913:1911:1032:6353:1110:8001:1030:6350:6049:1130:1120:6106:
201809:RLE1718001:1001:6440:6700:7001:4000:4370:1584:8628:8001:1581:4601:6108:1470:6106:1268:
201809:RL00109802:1560:1309:1002:8112:1542:6106:1300:1302:1116:
201809:RL00109803:8001:5221:8112:1300:1102:1342:1564:
