201805:RL00101105:1002:
201805:RL00107001::
201805:RL00101103:1002:
201805:RL00101102:1420:1309:1921:1002:1600:4201:1550:8112:6166:1300:1018:8110:6167:1311:1116:4101:1336:1460:1542:4501:1331:1332:4323:
201805:RL00101101:1001:1002:
201805:RL00100404:1004:1002:1455:1550:6107:1300:1344:2261:
201805:RL00400201:1004:1309:1002:1442:1328:1465:1443:1929:1300:1911:1871:1510:1500:1130:6049:1120:1440:1551:1334:
201805:RL00101203:1003:1001:3741:3111:3112:1002:3082:3005:3782:3904:3441:3435:3033:3013:3031:3030:3012:3436:3010:6000:6110:3113:3431:3137:3471:8001:3000:3002:
201805:RLD1018001:1002:1389:1300:
201805:RL00400203:1004:6033:1002:1328:1300:2250:
201805:TR00010507::
201805:RL00102201:1002:1300:2515:
201805:RL00102401:1002:
201805:RL00103401::
201805:RLC2118001:1001:
201805:RL00102001:1001:
201805:RL00105301:4661:1185:6350:6302:2603:5100:
201805:RL00100807:1004:1001:5513:1328:1550:6342:1300:6062:9018:
201805:RL00106001:4101:1002:2710:5501:1201:1300:1546:
201805:RL00114511:1309:1002:6106:
201805:RL00200901:1002:6302:1328:
201805:RL00100401:1001:1002:1550:1300:
201805:RL00109201::
201805:RL00010050:3500:1004:1001:1002:6302:1144:1953:6166:1104:6167:1103:1911:6351:6350:6357:6316:1848:1328:1874:1300:1922:1116:1012:1852:1020:6031:4101:1120:1335:
201805:RL00010051:8001:1002:1022:7000:7002:8112:6106:1300:8110:
201805:RL00100801:8001:1002:1822:1460:1300:1102:
201805:RL00105001:1002:
201805:RL00100802:1002:1822:1460:1300:
201805:RL00100803::
201805:RL00100804:1002:4511:
201805:RL00100901:1002:1328:6401:8112:1862:1327:1018:8110:1300:1311:1718:1703:1440:6106:
201805:RL10799901:3227:8001:3101:3430:4101:1002:3222:3923:5100:1874:5700:9018:
201805:RL00121001::
201805:RL00199915:5221:1002:4215:4125:1926:1953:1916:1300:4393:5200:4171:1110:4101:4111:4110:1120:3940:3920:5103:4501:4243:9018:4244:
201805:RL00400110:1004:1328:1550:1953:1300:1913:1380:1702:4101:1120:1716:1366:1508:
201805:RL00199916:1001:1002:1933:1328:1311:
201805:RL00101802:1002:1300:4109:6167:
201805:RL10700002:1309:1002:1300:
201805:RL00104802:1910:1001:1002:4101:4520:5101:4511:1300:4501:
201805:RL10700003:1002:4101:4371:
201805:RL00101909:1004:1001:4031:1007:4096:1702:4095:5517:5101:5100:5121:1480:9018:2515:
201805:RL10700005:1001:1002:4251:1951:
201805:RL10700101:3500:1003:3704:3275:3223:4128:6802:4391:6807:4104:4171:4543:4095:4101:3000:6316:5100:6107:3220:4051:4052:4234:3074:4142:
201805:RL00101906:1456:1572:1571:1550:1454:1913:4000:1911:1702:1389:1500:4110:1440:1364:4151:6110:1306:1442:1328:1443:1300:1116:1015:4171:4101:1120:1716:6108:6106:1161:4501:1332:
201805:RL00400116:1560:1002:4101:4520:1550:6106:1113:1300:1332:1116:
201805:RL00101905:1003:1002:1300:
201805:RL00400117:1309:1002:1328:1550:6106:1300:1462:1116:
201805:RL00400115:1030:1002:6047:5100:1300:1311:
201805:RL00400112:1307:1420:1572:1308:7000:1328:6401:8112:1300:1116:1302:8001:1716:5101:5100:6000:6106:
201805:RL00199917:6362:1185:1002:6350:6302:6357:6300:5100:6000:
201805:RL00130004:6110:1002:1300:
201805:TR00010244:1003:4205:1318:4395:2252:2250:1311:4000:6352:6318:6350:6357:3926:6316:4211:3920:80:4511:1480:4151:1011:1621:1563:1623:5222:4031:1328:4033:1133:4114:8112:3293:4192:1853:1514:4605:6366:1810:1716:1336:1558:4501:4321:1518:1551:3500:6142:1550:4735:6345:1913:1603:1911:4370:1912:1549:6374:1440:6370:1170:1307:4235:4172:6171:1448:3431:1442:6330:1300:1873:1302:1449:1923:4171:1400:3022:4574:8001:4575:1832:4101:3524:4571:4523:1120:6380:1258:
201805:RL00130001:1399:1002:1716:1440:1300:
201805:RL00104401:1004:3112:1002:4205:1550:1953:1952:1314:1122:1913:1932:6047:6049:3940:4211:6062:6041:1307:1921:1328:1112:6311:1327:1300:1929:1922:1923:1924:1117:6032:1511:1121:6036:1716:1120:1335:1812:1336:1558:1556:1551:
201805:RL00108201::
201805:RL00104804:1307:3113:1309:1572:1571:1002:1328:1550:1144:6342:1300:1913:1103:6361:1549:1822:1120:1716:6473:1460:1440:5121:1462:1334:
201805:RL00104803:6432:8505:1309:1001:1002:6123:1300:1449:4000:8001:6351:1510:1389:1052:1716:2500:6107:1364:6106:6000:1480:1518:
201805:RL00107801:1309:1300:
201805:RL00104601::
201805:RL00199902:1002:6302:6141:1146:1550:1455:1938:6342:1915:1913:1911:4371:3982:6047:3926:6315:4212:3920:1342:4323:3104:6431:1420:6432:1560:4174:6430:1401:8112:1327:1300:1873:5200:1923:4282:5505:4101:4261:1120:6380:5103:1160:3930:1556:
201805:RL10702101:1001:1002:1716:1300:6002:
201805:RL10702102:1002:1300:
201805:RL00108101:1445:1448:1002:1443:2252:2251:1300:2250:8001:2270:6350:1041:1440:4501:6002:
201805:RL00101206:6110:1001:3430:1002:3737:3080:3781:1300:1312:1311:1302:3718:3000:3031:3960:3220:3075:1332:3211:1564:3210:
201805:RL00108001:1910:1002:4201:1550:4110:8112:6106:1300:1911:
201805:RL00101913:1002:4520:4205:4203:4392:4393:4399:4107:4111:4212:3920:6110:4217:5222:3101:3095:4214:8112:8110:5502:1715:1716:4221:6107:4502:4501:4793:4792:4503:5108:1550:3991:5511:4097:1702:1706:1440:3220:4051:4233:1701:4341:3275:1111:1300:1449:4101:5100:3930:3931:4242:
201805:RL00101912::
201805:RL00199907:1004:1002:6122:1571:1318:1316:1314:2251:1861:4003:4108:3920:80:6062:1328:1851:1855:1853:1513:1511:1510:1810:1716:1557:1335:1812:1558:1336:1143:1556:1331:1332:1551:1550:1122:1952:1913:1843:1844:1549:6045:6047:1685:3940:1508:1307:1155:1920:1921:1443:1111:1927:1113:1928:1300:1929:1873:1922:1923:8001:6032:1121:6036:1120:5103:6030:
201805:RL00101911:1003:1602:1001:4174:1002:1328:4520:1443:4115:8112:1327:1300:4000:1380:4171:4507:4575:4102:4101:1440:1542:4501:4506:
201805:RL00199908:1935:1002:6141:1146:1938:1455:1550:1917:6401:1915:1916:1913:1911:4371:6353:1549:4251:3926:1500:6049:4133:4232:4323:3100:3101:6151:1948:4115:6330:1300:5200:4261:6305:1120:6380:5100:
201805:RL00101910:3263:8517:5203:5301:4051:5103:5304:3268:5931:5302:
201805:RL00421303:1420:1002:1328:1938:6106:1300:
201805:RL00421302:1001:1002:1470:6106:1300:
201805:RL00102301:1002:1300:
201805:RL00421304:1910:1001:1002:1389:1300:8123:
201805:RL00421301::
201805:RL00103303:1001:1008:1145:1006:1317:3082:3963:3962:3961:3960:4511:3100:1560:3039:4031:1856:2710:1134:4033:1328:1851:8112:5700:1320:1853:3000:6303:1810:1716:1811:1335:1812:1558:3041:6448:3042:1556:5123:9018:1274:1910:1456:1273:6302:1550:6401:6342:3749:6345:3026:1032:1702:6047:6375:1500:1131:1801:3940:6472:6471:6479:1307:1306:1921:3431:5301:1465:1926:6330:1300:1929:1922:5200:1923:5201:3936:8001:4102:4101:1120:5101:5100:5103:3931:
201805:RL00103301:1002:4000:1110:4611:6315:3924:4212:4153:3920:1480:4310:4311:1185:1949:4033:1328:6152:4261:4501:4321:4322:3500:1910:6302:4189:6142:6802:1550:1913:6346:1911:4371:4584:4585:4271:6375:4581:6370:1542:4328:6471:1920:1442:4714:1929:1300:1922:1873:1116:5200:4383:8001:4101:1120:6380:4338:5103:4336:4337:
201805:RL00103302:1001:1002:1148:1316:2252:6351:4212:1480:1138:3101:5223:1139:1328:1851:6311:3294:1513:1511:1335:1558:6106:1556:9018:1334:3216:4021:1550:6342:1122:1916:1913:6343:1911:1912:1549:6047:3940:1920:1921:1300:1929:1922:1923:1116:1924:4101:1121:1120:4241:3268:
201805:RL00103101:1274:1718:1211:1238:1455:1716:6000:2251:1268:2250:6002:1251:
201805:RL00102502:1002:8112:1480:
201805:RL00102501:1456:1920:1002:1008:6300:1444:1938:1443:1316:1327:1018:1036:1913:1923:1500:1120:1440:1160:6106:1170:9018:
201805:RL00103501:1002:1328:1300:1311:
201805:RLI1418002::
201805:RL00400501:1002:1146:
201805:RL00104004:1945:1004:1921:1949:4214:6142:1008:1953:1009:6152:1300:1916:1912:1852:1810:6062:
201805:RL00102101:1003:1001:1921:1002:1131:1121:1534:
201805:RL00104006:1001:4661:1933:1002:6160:4205:1146:1938:1145:4203:1313:1311:4000:4001:1110:6357:4310:4033:6150:1327:4261:6108:1336:6107:6106:1556:4321:4331:6141:6300:1455:1550:1917:1125:1915:6140:1913:4370:1911:1705:4271:3940:1542:4323:4235:1309:3223:4201:1927:1928:1300:1873:4100:6031:1120:6380:1160:4336:
201805:RL00104005:1004:1572:1149:1001:1002:1571:4204:4205:1146:1145:1938:1932:1110:3926:4251:4112:4212:3920:4151:4310:5115:1185:4213:4214:1328:4191:8112:6152:1853:6362:4421:6305:6106:1556:4321:1518:4332:1910:1456:6302:6141:1550:1455:1917:6342:1915:6140:1916:1913:6345:1911:4371:1702:1500:6049:1440:6472:6432:1445:1309:1921:4201:6430:1111:1112:1927:6330:1300:1873:4381:1922:5200:1923:1116:4171:1924:6326:4101:1121:8134:1120:5101:4338:6380:5103:
201805:RLC2318001:1002:
201805:RL10705001:1945:1920:1002:1921:1949:4205:8112:1953:1952:1300:1929:1916:1873:1116:1923:1911:4100:4101:1131:1120:6107:1440:6106:1542:
201805:RL00400102:1002:4021:1007:1953:1300:1916:1302:4000:6318:6049:1811:1440:1170:
201805:RL00400101:1003:1002:6049:1120:1811:6342:1953:1916:1300:
201805:RL00121103:1003:1119:1004:2710:1300:1513:1500:6107:6000:80:6106:1542:1518:1508:1369:
201805:RL00400104:1004:1328:1500:1300:1471:1302:
201805:RL00400106:1004:1910:1002:1007:1550:1915:4392:1913:4000:1110:6351:8622:1130:1440:4511:1542:1364:1011:1446:1328:1443:8112:1327:1874:1300:1116:1810:1120:1716:5500:1558:6106:9018:
201805:RL00400105:1004:4172:1001:1002:1550:1401:1402:4115:1300:2250:4576:4171:1480:
201805:RL00100502:1001:1002:1550:
201805:RL00400108:1307:1004:1002:1328:1550:1716:1300:1564:4108:
201805:RL00400107:1307:1935:1002:1328:1550:1317:8112:1300:1302:1399:1822:1460:1556:1344:1342:1534:
201805:RL10702003:4650:1003:1002:4127:4125:4501:5110:4000:
201805:RL00109401:1050:8001:1306:1002:1442:1328:1449:
201805:RL10702002:8001:4651:6350:1002:4101:4176:6372:6371:6108:4850:4398:4370:
201805:RL10702001:1002:6350:4651:4391:4386:4850:4370:
201805:RL00100201:1718:1002:6106:
201805:TR00100502:3725:1001:1002:3781:3080:1103:6316:6315:4511:3104:3100:3101:1134:2710:8112:3000:3002:5501:4751:3142:6106:1556:1334:3210:1910:1602:3741:3705:1550:9808:4735:3749:4734:3700:1498:4740:3510:1919:1542:3750:1119:3113:1309:3275:1300:1302:1116:5201:8001:1203:4102:1399:4101:1120:5101:1160:
201805:RL00110008:1602:1001:1002:1328:1008:1440:1327:1542:1462:1300:1116:1311:
201805:RL00109001:8001:4605:1002:1915:1471:1116:
201805:RL00100301:1004:1572:1002:1571:1316:1314:6166:1861:6167:4255:4212:3920:6062:6110:1947:1139:4031:1328:6311:1327:4192:1810:1812:1335:1336:1558:1556:1910:1550:1122:1913:1914:1702:6047:1500:1131:6049:3940:1800:6000:1307:1921:1111:1926:1929:1300:1873:1922:1923:1116:1924:1121:1120:
201805:RL00100101:1910:1020:1933:1550:6106:1009:1300:1102:9018:1564:
201805:RL00110010:1571:1002:4126:1111:1300:1922:1116:8001:6470:4111:1120:6474:6471:
201805:RL00100102:1004:1002:
201805:RL00107901:1003:1001:1002:1433:1550:1953:1916:1128:6345:4108:6316:6064:1500:6049:6048:6472:1542:6063:1119:6151:1328:6430:1113:1300:1922:8001:6031:6038:6305:1120:1811:5100:6106:5103:
201805:RLJ1818001::
201805:RLA1119001::
201805:RLJ1818005::
201805:RLJ1818002::
201805:RLJ1818008::
201805:RLJ1818006::
201805:RLJ1818007::
201805:RL00103001:1002:6141:4205:1146:1915:1952:1913:1911:1912:1500:6315:1366:1369:1306:1920:1309:6151:1328:6430:1327:6152:1300:1449:1116:1120:6106:1161:
201805:RL00100110:1309:1308:1921:1002:3082:1300:1311:
201805:RL00110001:4391:4791:4398:
201805:RL00109701:1307:1004:1309:1308:1002:1328:1443:6330:1300:1911:6318:1500:1716:1440:6106:
201805:RL00110003:3704:1002:1328:1550:5201:3917:3435:8001:3919:3940:3923:3220:5121:3920:
201805:RL00499902:1119:3500:1004:1002:6316:6106:1300:4501:1344:
201805:RL00110005:1002:1300:
201805:RL00499901:1003:1004:1572:1001:1571:1002:1144:1316:4000:4108:1110:6350:6023:1560:1328:1851:8112:1327:5700:1812:1910:1550:6300:1915:1916:1913:1128:1549:6375:1500:1130:6049:6372:6371:1440:6370:1170:1369:1119:1307:1920:6434:6430:1111:6330:1113:1929:1300:1874:1116:1923:1871:8001:4101:1120:1471:1162:4006:
201805:RLE1718001:9029:1001:1002:1389:4520:6108:6107:1542:1364:1300:4000:
201805:RL00109802:1001:1139:1002:1148:1550:4105:4106:8112:1300:1128:1116:4000:1520:1335:1542:6106:4004:1173:
201805:RL00109803:4100:6361:1004:8001:4112:6303:8112:6330:1300:1102:1342:
